#
# There is insufficient memory for the Java Runtime Environment to continue.
# Native memory allocation (malloc) failed to allocate 262160 bytes for Chunk::new
# Possible reasons:
#   The system is out of physical RAM or swap space
#   In 32 bit mode, the process size limit was hit
# Possible solutions:
#   Reduce memory load on the system
#   Increase physical memory or swap space
#   Check if swap backing store is full
#   Use 64 bit Java on a 64 bit OS
#   Decrease Java heap size (-Xmx/-Xms)
#   Decrease number of Java threads
#   Decrease Java thread stack sizes (-Xss)
#   Set larger code cache with -XX:ReservedCodeCacheSize=
# This output file may be truncated or incomplete.
#
#  Out of Memory Error (allocation.cpp:390), pid=8400, tid=0x0000000000001200
#
# JRE version: OpenJDK Runtime Environment (8.0_152-b02) (build 1.8.0_152-release-1024-b02)
# Java VM: OpenJDK 64-Bit Server VM (25.152-b02 mixed mode windows-amd64 compressed oops)
# Failed to write core dump. Minidumps are not enabled by default on client versions of Windows
#

---------------  T H R E A D  ---------------

Current thread (0x0000000015db2800):  JavaThread "C2 CompilerThread1" daemon [_thread_in_native, id=4608, stack(0x0000000017520000,0x0000000017620000)]

Stack: [0x0000000017520000,0x0000000017620000]
[error occurred during error reporting (printing stack bounds), id 0xc0000005]

Native frames: (J=compiled Java code, j=interpreted, Vv=VM code, C=native code)


Current CompileTask:
C2:   6346 1878   !   4       java.net.URLClassLoader$1::run (63 bytes)


---------------  P R O C E S S  ---------------

Java Threads: ( => current thread )
  0x0000000017f80800 JavaThread "RMI RenewClean-[localhost:49399,org.jetbrains.kotlin.daemon.common.LoopbackNetworkInterface$ClientLoopbackSocketFactory@3e72f814]" daemon [_thread_blocked, id=9520, stack(0x00000000193a0000,0x00000000194a0000)]
  0x0000000017f5c800 JavaThread "RMI TCP Connection(2)-127.0.0.1" daemon [_thread_in_vm, id=4876, stack(0x00000000192a0000,0x00000000193a0000)]
  0x0000000017f5b800 JavaThread "RMI Scheduler(0)" daemon [_thread_blocked, id=11668, stack(0x00000000191a0000,0x00000000192a0000)]
  0x0000000017ed9000 JavaThread "RMI TCP Connection(1)-127.0.0.1" daemon [_thread_in_native, id=13124, stack(0x00000000190a0000,0x00000000191a0000)]
  0x0000000002313000 JavaThread "DestroyJavaVM" [_thread_blocked, id=6300, stack(0x00000000021f0000,0x00000000022f0000)]
  0x0000000017f6e800 JavaThread "GC Daemon" daemon [_thread_blocked, id=12180, stack(0x0000000018c60000,0x0000000018d60000)]
  0x0000000017f2a000 JavaThread "RMI Reaper" [_thread_blocked, id=7824, stack(0x0000000018b60000,0x0000000018c60000)]
  0x0000000017ea3800 JavaThread "Timer-0" daemon [_thread_blocked, id=3908, stack(0x0000000018960000,0x0000000018a60000)]
  0x0000000017ea0800 JavaThread "RMI TCP Accept-17500" daemon [_thread_in_native, id=7264, stack(0x0000000018860000,0x0000000018960000)]
  0x000000001774a000 JavaThread "Service Thread" daemon [_thread_blocked, id=1476, stack(0x0000000017b20000,0x0000000017c20000)]
  0x0000000015dbb800 JavaThread "C1 CompilerThread2" daemon [_thread_blocked, id=11420, stack(0x0000000017620000,0x0000000017720000)]
=>0x0000000015db2800 JavaThread "C2 CompilerThread1" daemon [_thread_in_native, id=4608, stack(0x0000000017520000,0x0000000017620000)]
  0x0000000015dae000 JavaThread "C2 CompilerThread0" daemon [_thread_in_native, id=12964, stack(0x0000000017420000,0x0000000017520000)]
  0x0000000015dac800 JavaThread "Attach Listener" daemon [_thread_blocked, id=2508, stack(0x0000000017320000,0x0000000017420000)]
  0x0000000015dab800 JavaThread "Signal Dispatcher" daemon [_thread_blocked, id=2232, stack(0x0000000017220000,0x0000000017320000)]
  0x0000000015d98800 JavaThread "Finalizer" daemon [_thread_blocked, id=9404, stack(0x0000000017010000,0x0000000017110000)]
  0x0000000002402800 JavaThread "Reference Handler" daemon [_thread_blocked, id=4340, stack(0x0000000016f10000,0x0000000017010000)]

Other Threads:
  0x0000000015d75000 VMThread [stack: 0x0000000016e10000,0x0000000016f10000] [id=8944]
  0x000000001774a800 WatcherThread [stack: 0x0000000017c20000,0x0000000017d20000] [id=8156]

VM state:not at safepoint (normal execution)

VM Mutex/Monitor currently owned by a thread: None

Heap:
 PSYoungGen      total 38400K, used 16463K [0x00000000e0000000, 0x00000000e3c00000, 0x0000000100000000)
  eden space 33280K, 34% used [0x00000000e0000000,0x00000000e0b18298,0x00000000e2080000)
  from space 5120K, 99% used [0x00000000e2580000,0x00000000e2a7bb28,0x00000000e2a80000)
  to   space 5120K, 0% used [0x00000000e2080000,0x00000000e2080000,0x00000000e2580000)
 ParOldGen       total 69120K, used 13272K [0x00000000a0000000, 0x00000000a4380000, 0x00000000e0000000)
  object space 69120K, 19% used [0x00000000a0000000,0x00000000a0cf6390,0x00000000a4380000)
 Metaspace       used 27233K, capacity 27705K, committed 28032K, reserved 1073152K
  class space    used 3452K, capacity 3611K, committed 3712K, reserved 1048576K

Card table byte_map: [0x00000000117e0000,0x0000000011af0000] byte_map_base: 0x00000000112e0000

Marking Bits: (ParMarkBitMap*) 0x0000000070174970
 Begin Bits: [0x00000000120f0000, 0x00000000138f0000)
 End Bits:   [0x00000000138f0000, 0x00000000150f0000)

Polling page: 0x00000000022f0000

CodeCache: size=245760Kb used=5646Kb max_used=5669Kb free=240113Kb
 bounds [0x0000000002420000, 0x00000000029b0000, 0x0000000011420000]
 total_blobs=2321 nmethods=1880 adapters=354
 compilation: enabled

Compilation events (10 events):
Event: 6.180 Thread 0x0000000015dbb800 1886       3       org.jetbrains.kotlin.name.FqName::asString (8 bytes)
Event: 6.180 Thread 0x0000000015dbb800 nmethod 1886 0x000000000299a210 code [0x000000000299a360, 0x000000000299a550]
Event: 6.180 Thread 0x0000000015dbb800 1887       3       org.jetbrains.kotlin.name.FqNameUnsafe::<init> (20 bytes)
Event: 6.181 Thread 0x0000000015dbb800 nmethod 1887 0x000000000299cb50 code [0x000000000299cca0, 0x000000000299ce90]
Event: 6.181 Thread 0x0000000015dbb800 1888       3       org.jetbrains.kotlin.name.FqName::<init> (18 bytes)
Event: 6.181 Thread 0x0000000015dbb800 nmethod 1888 0x000000000299cf50 code [0x000000000299d0c0, 0x000000000299d3d0]
Event: 6.316 Thread 0x0000000015db2800 nmethod 1877 0x00000000029a39d0 code [0x00000000029a3d00, 0x00000000029a74c0]
Event: 6.316 Thread 0x0000000015db2800 1878   !   4       java.net.URLClassLoader$1::run (63 bytes)
Event: 6.342 Thread 0x0000000015dbb800 1890       3       org.jetbrains.kotlin.protobuf.CodedInputStream::readRawVarint32 (233 bytes)
Event: 6.343 Thread 0x0000000015dbb800 nmethod 1890 0x00000000029a2e90 code [0x00000000029a3040, 0x00000000029a3788]

GC Heap History (10 events):
Event: 0.965 GC heap before
{Heap before GC invocations=2 (full 1):
 PSYoungGen      total 38400K, used 2941K [0x00000000e0000000, 0x00000000e2a80000, 0x0000000100000000)
  eden space 33280K, 0% used [0x00000000e0000000,0x00000000e0000000,0x00000000e2080000)
  from space 5120K, 57% used [0x00000000e2080000,0x00000000e235f490,0x00000000e2580000)
  to   space 5120K, 0% used [0x00000000e2580000,0x00000000e2580000,0x00000000e2a80000)
 ParOldGen       total 87552K, used 8K [0x00000000a0000000, 0x00000000a5580000, 0x00000000e0000000)
  object space 87552K, 0% used [0x00000000a0000000,0x00000000a0002000,0x00000000a5580000)
 Metaspace       used 9180K, capacity 9328K, committed 9600K, reserved 1058816K
  class space    used 989K, capacity 1052K, committed 1152K, reserved 1048576K
Event: 0.977 GC heap after
Heap after GC invocations=2 (full 1):
 PSYoungGen      total 38400K, used 0K [0x00000000e0000000, 0x00000000e2a80000, 0x0000000100000000)
  eden space 33280K, 0% used [0x00000000e0000000,0x00000000e0000000,0x00000000e2080000)
  from space 5120K, 0% used [0x00000000e2080000,0x00000000e2080000,0x00000000e2580000)
  to   space 5120K, 0% used [0x00000000e2580000,0x00000000e2580000,0x00000000e2a80000)
 ParOldGen       total 87552K, used 2780K [0x00000000a0000000, 0x00000000a5580000, 0x00000000e0000000)
  object space 87552K, 3% used [0x00000000a0000000,0x00000000a02b70a8,0x00000000a5580000)
 Metaspace       used 9180K, capacity 9328K, committed 9600K, reserved 1058816K
  class space    used 989K, capacity 1052K, committed 1152K, reserved 1048576K
}
Event: 4.622 GC heap before
{Heap before GC invocations=3 (full 1):
 PSYoungGen      total 38400K, used 33280K [0x00000000e0000000, 0x00000000e2a80000, 0x0000000100000000)
  eden space 33280K, 100% used [0x00000000e0000000,0x00000000e2080000,0x00000000e2080000)
  from space 5120K, 0% used [0x00000000e2080000,0x00000000e2080000,0x00000000e2580000)
  to   space 5120K, 0% used [0x00000000e2580000,0x00000000e2580000,0x00000000e2a80000)
 ParOldGen       total 87552K, used 2780K [0x00000000a0000000, 0x00000000a5580000, 0x00000000e0000000)
  object space 87552K, 3% used [0x00000000a0000000,0x00000000a02b70a8,0x00000000a5580000)
 Metaspace       used 14195K, capacity 14444K, committed 14592K, reserved 1062912K
  class space    used 1655K, capacity 1726K, committed 1792K, reserved 1048576K
Event: 4.629 GC heap after
Heap after GC invocations=3 (full 1):
 PSYoungGen      total 38400K, used 5109K [0x00000000e0000000, 0x00000000e2a80000, 0x0000000100000000)
  eden space 33280K, 0% used [0x00000000e0000000,0x00000000e0000000,0x00000000e2080000)
  from space 5120K, 99% used [0x00000000e2580000,0x00000000e2a7d708,0x00000000e2a80000)
  to   space 5120K, 0% used [0x00000000e2080000,0x00000000e2080000,0x00000000e2580000)
 ParOldGen       total 87552K, used 5130K [0x00000000a0000000, 0x00000000a5580000, 0x00000000e0000000)
  object space 87552K, 5% used [0x00000000a0000000,0x00000000a0502a00,0x00000000a5580000)
 Metaspace       used 14195K, capacity 14444K, committed 14592K, reserved 1062912K
  class space    used 1655K, capacity 1726K, committed 1792K, reserved 1048576K
}
Event: 5.314 GC heap before
{Heap before GC invocations=4 (full 1):
 PSYoungGen      total 38400K, used 35588K [0x00000000e0000000, 0x00000000e2a80000, 0x0000000100000000)
  eden space 33280K, 91% used [0x00000000e0000000,0x00000000e1dc3af8,0x00000000e2080000)
  from space 5120K, 99% used [0x00000000e2580000,0x00000000e2a7d708,0x00000000e2a80000)
  to   space 5120K, 0% used [0x00000000e2080000,0x00000000e2080000,0x00000000e2580000)
 ParOldGen       total 87552K, used 5130K [0x00000000a0000000, 0x00000000a5580000, 0x00000000e0000000)
  object space 87552K, 5% used [0x00000000a0000000,0x00000000a0502a00,0x00000000a5580000)
 Metaspace       used 20688K, capacity 21042K, committed 21296K, reserved 1069056K
  class space    used 2477K, capacity 2597K, committed 2688K, reserved 1048576K
Event: 5.325 GC heap after
Heap after GC invocations=4 (full 1):
 PSYoungGen      total 38400K, used 5101K [0x00000000e0000000, 0x00000000e2a80000, 0x0000000100000000)
  eden space 33280K, 0% used [0x00000000e0000000,0x00000000e0000000,0x00000000e2080000)
  from space 5120K, 99% used [0x00000000e2080000,0x00000000e257b410,0x00000000e2580000)
  to   space 5120K, 0% used [0x00000000e2580000,0x00000000e2580000,0x00000000e2a80000)
 ParOldGen       total 87552K, used 9783K [0x00000000a0000000, 0x00000000a5580000, 0x00000000e0000000)
  object space 87552K, 11% used [0x00000000a0000000,0x00000000a098dc48,0x00000000a5580000)
 Metaspace       used 20688K, capacity 21042K, committed 21296K, reserved 1069056K
  class space    used 2477K, capacity 2597K, committed 2688K, reserved 1048576K
}
Event: 5.325 GC heap before
{Heap before GC invocations=5 (full 2):
 PSYoungGen      total 38400K, used 5101K [0x00000000e0000000, 0x00000000e2a80000, 0x0000000100000000)
  eden space 33280K, 0% used [0x00000000e0000000,0x00000000e0000000,0x00000000e2080000)
  from space 5120K, 99% used [0x00000000e2080000,0x00000000e257b410,0x00000000e2580000)
  to   space 5120K, 0% used [0x00000000e2580000,0x00000000e2580000,0x00000000e2a80000)
 ParOldGen       total 87552K, used 9783K [0x00000000a0000000, 0x00000000a5580000, 0x00000000e0000000)
  object space 87552K, 11% used [0x00000000a0000000,0x00000000a098dc48,0x00000000a5580000)
 Metaspace       used 20688K, capacity 21042K, committed 21296K, reserved 1069056K
  class space    used 2477K, capacity 2597K, committed 2688K, reserved 1048576K
Event: 5.372 GC heap after
Heap after GC invocations=5 (full 2):
 PSYoungGen      total 38400K, used 0K [0x00000000e0000000, 0x00000000e2a80000, 0x0000000100000000)
  eden space 33280K, 0% used [0x00000000e0000000,0x00000000e0000000,0x00000000e2080000)
  from space 5120K, 0% used [0x00000000e2080000,0x00000000e2080000,0x00000000e2580000)
  to   space 5120K, 0% used [0x00000000e2580000,0x00000000e2580000,0x00000000e2a80000)
 ParOldGen       total 69120K, used 10846K [0x00000000a0000000, 0x00000000a4380000, 0x00000000e0000000)
  object space 69120K, 15% used [0x00000000a0000000,0x00000000a0a97ad0,0x00000000a4380000)
 Metaspace       used 20688K, capacity 21042K, committed 21296K, reserved 1069056K
  class space    used 2477K, capacity 2597K, committed 2688K, reserved 1048576K
}
Event: 6.038 GC heap before
{Heap before GC invocations=6 (full 2):
 PSYoungGen      total 38400K, used 33280K [0x00000000e0000000, 0x00000000e2a80000, 0x0000000100000000)
  eden space 33280K, 100% used [0x00000000e0000000,0x00000000e2080000,0x00000000e2080000)
  from space 5120K, 0% used [0x00000000e2080000,0x00000000e2080000,0x00000000e2580000)
  to   space 5120K, 0% used [0x00000000e2580000,0x00000000e2580000,0x00000000e2a80000)
 ParOldGen       total 69120K, used 10846K [0x00000000a0000000, 0x00000000a4380000, 0x00000000e0000000)
  object space 69120K, 15% used [0x00000000a0000000,0x00000000a0a97ad0,0x00000000a4380000)
 Metaspace       used 25170K, capacity 25652K, committed 25984K, reserved 1071104K
  class space    used 3187K, capacity 3354K, committed 3456K, reserved 1048576K
Event: 6.052 GC heap after
Heap after GC invocations=6 (full 2):
 PSYoungGen      total 38400K, used 5102K [0x00000000e0000000, 0x00000000e3c00000, 0x0000000100000000)
  eden space 33280K, 0% used [0x00000000e0000000,0x00000000e0000000,0x00000000e2080000)
  from space 5120K, 99% used [0x00000000e2580000,0x00000000e2a7bb28,0x00000000e2a80000)
  to   space 5120K, 0% used [0x00000000e2080000,0x00000000e2080000,0x00000000e2580000)
 ParOldGen       total 69120K, used 13272K [0x00000000a0000000, 0x00000000a4380000, 0x00000000e0000000)
  object space 69120K, 19% used [0x00000000a0000000,0x00000000a0cf6390,0x00000000a4380000)
 Metaspace       used 25170K, capacity 25652K, committed 25984K, reserved 1071104K
  class space    used 3187K, capacity 3354K, committed 3456K, reserved 1048576K
}

Deoptimization events (10 events):
Event: 5.284 Thread 0x0000000017f5c800 Uncommon trap: reason=class_check action=maybe_recompile pc=0x000000000281ecec method=java.util.Collections$UnmodifiableList.get(I)Ljava/lang/Object; @ 5
Event: 5.284 Thread 0x0000000017f5c800 Uncommon trap: reason=class_check action=maybe_recompile pc=0x000000000281ecec method=java.util.Collections$UnmodifiableList.get(I)Ljava/lang/Object; @ 5
Event: 5.285 Thread 0x0000000017f5c800 Uncommon trap: reason=bimorphic action=maybe_recompile pc=0x00000000026560e8 method=java.io.FilterInputStream.read([B)I @ 5
Event: 5.286 Thread 0x0000000017f5c800 Uncommon trap: reason=bimorphic action=maybe_recompile pc=0x00000000026560e8 method=java.io.FilterInputStream.read([B)I @ 5
Event: 5.286 Thread 0x0000000017f5c800 Uncommon trap: reason=bimorphic action=maybe_recompile pc=0x00000000026560e8 method=java.io.FilterInputStream.read([B)I @ 5
Event: 5.286 Thread 0x0000000017f5c800 Uncommon trap: reason=class_check action=maybe_recompile pc=0x0000000002804e00 method=java.util.Collections$UnmodifiableCollection.size()I @ 4
Event: 5.286 Thread 0x0000000017f5c800 Uncommon trap: reason=class_check action=maybe_recompile pc=0x000000000281ecec method=java.util.Collections$UnmodifiableList.get(I)Ljava/lang/Object; @ 5
Event: 5.286 Thread 0x0000000017f5c800 Uncommon trap: reason=class_check action=maybe_recompile pc=0x000000000281ecec method=java.util.Collections$UnmodifiableList.get(I)Ljava/lang/Object; @ 5
Event: 5.413 Thread 0x0000000017f5c800 Uncommon trap: reason=range_check action=make_not_entrant pc=0x00000000027fde20 method=sun.reflect.generics.parser.SignatureParser.current()C @ 34
Event: 5.627 Thread 0x0000000017f5c800 Uncommon trap: reason=bimorphic action=maybe_recompile pc=0x00000000026560e8 method=java.io.FilterInputStream.read([B)I @ 5

Classes redefined (0 events):
No events

Internal exceptions (10 events):
Event: 4.037 Thread 0x0000000017f5c800 Exception <a 'java/lang/NoSuchMethodError': <clinit>> (0x00000000e03b4800) thrown at [D:\src\AOSP-openjdk-cygwin\jdk8u\hotspot\src\share\vm\prims\jni.cpp, line 1613]
Event: 4.106 Thread 0x0000000017f5c800 Exception <a 'java/lang/NoSuchMethodError': <clinit>> (0x00000000e05695f0) thrown at [D:\src\AOSP-openjdk-cygwin\jdk8u\hotspot\src\share\vm\prims\jni.cpp, line 1613]
Event: 4.110 Thread 0x0000000017f80800 Exception <a 'java/lang/InterruptedException'> (0x00000000e058e468) thrown at [D:\src\AOSP-openjdk-cygwin\jdk8u\hotspot\src\share\vm\runtime\objectMonitor.cpp, line 1684]
Event: 4.484 Thread 0x0000000017f5c800 Exception <a 'java/lang/ArrayIndexOutOfBoundsException'> (0x00000000e1972eb0) thrown at [D:\src\AOSP-openjdk-cygwin\jdk8u\hotspot\src\share\vm\runtime\sharedRuntime.cpp, line 605]
Event: 4.596 Thread 0x0000000017f5c800 Exception <a 'java/lang/ArrayIndexOutOfBoundsException'> (0x00000000e1f47ef0) thrown at [D:\src\AOSP-openjdk-cygwin\jdk8u\hotspot\src\share\vm\runtime\sharedRuntime.cpp, line 605]
Event: 5.081 Thread 0x0000000017f5c800 Implicit null exception at 0x000000000272e2ef to 0x000000000272e359
Event: 5.189 Thread 0x0000000017f5c800 Exception <a 'java/lang/NoSuchMethodError': java.lang.Object.lambda$comparing$77a9974f$1(Ljava/util/function/Function;Ljava/lang/Object;Ljava/lang/Object;)I> (0x00000000e19f3f98) thrown at [D:\src\AOSP-openjdk-cygwin\jdk8u\hotspot\src\share\vm\interpreter
Event: 5.413 Thread 0x0000000017f5c800 Exception <a 'java/lang/ArrayIndexOutOfBoundsException': 67> (0x00000000e017ee28) thrown at [D:\src\AOSP-openjdk-cygwin\jdk8u\hotspot\src\share\vm\interpreter\interpreterRuntime.cpp, line 366]
Event: 5.580 Thread 0x0000000017f5c800 Exception <a 'java/lang/NoSuchMethodError': java.lang.Object.lambda$static$0(I)[Lorg/jetbrains/kotlin/com/intellij/openapi/editor/event/DocumentListener;> (0x00000000e09f3038) thrown at [D:\src\AOSP-openjdk-cygwin\jdk8u\hotspot\src\share\vm\interpreter\li
Event: 5.611 Thread 0x0000000017f5c800 Exception <a 'java/lang/NoSuchMethodError': java.lang.Object.lambda$static$0(I)[Lorg/jetbrains/kotlin/com/intellij/psi/PsiAnnotation;> (0x00000000e0bdb538) thrown at [D:\src\AOSP-openjdk-cygwin\jdk8u\hotspot\src\share\vm\interpreter\linkResolver.cpp, line

Events (10 events):
Event: 6.340 loading class org/jetbrains/kotlin/protobuf/CodedOutputStream$OutOfSpaceException
Event: 6.340 loading class org/jetbrains/kotlin/protobuf/CodedOutputStream$OutOfSpaceException done
Event: 6.341 loading class org/jetbrains/kotlin/protobuf/CodedOutputStream$ByteBufferOutputStream
Event: 6.341 loading class org/jetbrains/kotlin/protobuf/CodedOutputStream$ByteBufferOutputStream done
Event: 6.342 loading class org/jetbrains/kotlin/protobuf/WireFormat
Event: 6.342 loading class org/jetbrains/kotlin/protobuf/WireFormat done
Event: 6.343 loading class org/jetbrains/kotlin/metadata/ProtoBuf$QualifiedNameTable$QualifiedName
Event: 6.343 loading class org/jetbrains/kotlin/metadata/ProtoBuf$QualifiedNameTable$QualifiedName done
Event: 6.344 loading class org/jetbrains/kotlin/metadata/ProtoBuf$QualifiedNameTable$QualifiedNameOrBuilder
Event: 6.344 loading class org/jetbrains/kotlin/metadata/ProtoBuf$QualifiedNameTable$QualifiedNameOrBuilder done


Dynamic libraries:
0x00007ff78c010000 - 0x00007ff78c041000 	C:\Program Files\Android\Android Studio\jre\jre\bin\java.exe
0x00007ffc36000000 - 0x00007ffc361ed000 	C:\WINDOWS\SYSTEM32\ntdll.dll
0x00007ffc35520000 - 0x00007ffc355d3000 	C:\WINDOWS\System32\KERNEL32.DLL
0x00007ffc32930000 - 0x00007ffc32bc3000 	C:\WINDOWS\System32\KERNELBASE.dll
0x00007ffc352c0000 - 0x00007ffc35363000 	C:\WINDOWS\System32\ADVAPI32.dll
0x00007ffc35a20000 - 0x00007ffc35abe000 	C:\WINDOWS\System32\msvcrt.dll
0x00007ffc34eb0000 - 0x00007ffc34f4e000 	C:\WINDOWS\System32\sechost.dll
0x00007ffc33440000 - 0x00007ffc33563000 	C:\WINDOWS\System32\RPCRT4.dll
0x00007ffc35880000 - 0x00007ffc35a17000 	C:\WINDOWS\System32\USER32.dll
0x00007ffc33210000 - 0x00007ffc33230000 	C:\WINDOWS\System32\win32u.dll
0x00007ffc34e20000 - 0x00007ffc34e49000 	C:\WINDOWS\System32\GDI32.dll
0x00007ffc32fa0000 - 0x00007ffc3313a000 	C:\WINDOWS\System32\gdi32full.dll
0x00007ffc32eb0000 - 0x00007ffc32f50000 	C:\WINDOWS\System32\msvcp_win.dll
0x00007ffc32db0000 - 0x00007ffc32eac000 	C:\WINDOWS\System32\ucrtbase.dll
0x00007ffc1f930000 - 0x00007ffc1fba9000 	C:\WINDOWS\WinSxS\amd64_microsoft.windows.common-controls_6595b64144ccf1df_6.0.17763.107_none_05b63884071e656e\COMCTL32.dll
0x00007ffc34ae0000 - 0x00007ffc34e0e000 	C:\WINDOWS\System32\combase.dll
0x00007ffc32850000 - 0x00007ffc328ce000 	C:\WINDOWS\System32\bcryptPrimitives.dll
0x00007ffc332e0000 - 0x00007ffc3330e000 	C:\WINDOWS\System32\IMM32.DLL
0x000000006bb00000 - 0x000000006bbd2000 	C:\Program Files\Android\Android Studio\jre\jre\bin\msvcr100.dll
0x000000006f9b0000 - 0x00000000701ef000 	C:\Program Files\Android\Android Studio\jre\jre\bin\server\jvm.dll
0x00007ffc350b0000 - 0x00007ffc350b8000 	C:\WINDOWS\System32\PSAPI.DLL
0x00007ffc2ea50000 - 0x00007ffc2ea59000 	C:\WINDOWS\SYSTEM32\WSOCK32.dll
0x00007ffc355e0000 - 0x00007ffc3564d000 	C:\WINDOWS\System32\WS2_32.dll
0x00007ffc26a40000 - 0x00007ffc26a4a000 	C:\WINDOWS\SYSTEM32\VERSION.dll
0x00007ffc27250000 - 0x00007ffc27274000 	C:\WINDOWS\SYSTEM32\WINMM.dll
0x00007ffc27220000 - 0x00007ffc2724d000 	C:\WINDOWS\SYSTEM32\winmmbase.dll
0x00007ffc32f50000 - 0x00007ffc32f9a000 	C:\WINDOWS\System32\cfgmgr32.dll
0x00007ffc2bf40000 - 0x00007ffc2bf4f000 	C:\Program Files\Android\Android Studio\jre\jre\bin\verify.dll
0x00007ffc1dde0000 - 0x00007ffc1de09000 	C:\Program Files\Android\Android Studio\jre\jre\bin\java.dll
0x00007ffc255c0000 - 0x00007ffc255d6000 	C:\Program Files\Android\Android Studio\jre\jre\bin\zip.dll
0x00007ffc335f0000 - 0x00007ffc34adf000 	C:\WINDOWS\System32\SHELL32.dll
0x00007ffc350e0000 - 0x00007ffc35188000 	C:\WINDOWS\System32\shcore.dll
0x00007ffc32100000 - 0x00007ffc32848000 	C:\WINDOWS\System32\windows.storage.dll
0x00007ffc32060000 - 0x00007ffc32084000 	C:\WINDOWS\System32\profapi.dll
0x00007ffc32000000 - 0x00007ffc3205d000 	C:\WINDOWS\System32\powrprof.dll
0x00007ffc35650000 - 0x00007ffc356a2000 	C:\WINDOWS\System32\shlwapi.dll
0x00007ffc32090000 - 0x00007ffc320a1000 	C:\WINDOWS\System32\kernel.appcore.dll
0x00007ffc331f0000 - 0x00007ffc33207000 	C:\WINDOWS\System32\cryptsp.dll
0x00007ffc2e0f0000 - 0x00007ffc2e0fd000 	C:\Program Files\Android\Android Studio\jre\jre\bin\management.dll
0x00007ffc1ddc0000 - 0x00007ffc1ddda000 	C:\Program Files\Android\Android Studio\jre\jre\bin\net.dll
0x00007ffc31890000 - 0x00007ffc318f7000 	C:\WINDOWS\system32\mswsock.dll
0x00007ffc18580000 - 0x00007ffc18591000 	C:\Program Files\Android\Android Studio\jre\jre\bin\nio.dll
0x00007ffc31450000 - 0x00007ffc31483000 	C:\WINDOWS\system32\rsaenh.dll
0x00007ffc320d0000 - 0x00007ffc320f6000 	C:\WINDOWS\System32\bcrypt.dll
0x00007ffc31f30000 - 0x00007ffc31f58000 	C:\WINDOWS\SYSTEM32\USERENV.dll
0x00007ffc31a60000 - 0x00007ffc31a6c000 	C:\WINDOWS\SYSTEM32\CRYPTBASE.dll
0x00007ffc315f0000 - 0x00007ffc3162d000 	C:\WINDOWS\SYSTEM32\IPHLPAPI.DLL
0x00007ffc35fc0000 - 0x00007ffc35fc8000 	C:\WINDOWS\System32\NSI.dll
0x00007ffc2a810000 - 0x00007ffc2a826000 	C:\WINDOWS\SYSTEM32\dhcpcsvc6.DLL
0x00007ffc2a4f0000 - 0x00007ffc2a50c000 	C:\WINDOWS\SYSTEM32\dhcpcsvc.DLL
0x00007ffc31640000 - 0x00007ffc31706000 	C:\WINDOWS\SYSTEM32\DNSAPI.dll

VM Arguments:
jvm_args: -Djava.awt.headless=true -Djava.rmi.server.hostname=localhost -Xmx1536m -Dkotlin.environment.keepalive 
java_command: org.jetbrains.kotlin.daemon.KotlinCompileDaemon --daemon-runFilesPath C:\Users\RAHUL TIWARI\AppData\Local\kotlin\daemon --daemon-autoshutdownIdleSeconds=7200 --daemon-compilerClasspath C:\Users\RAHUL TIWARI\.gradle\caches\modules-2\files-2.1\org.jetbrains.kotlin\kotlin-compiler-embeddable\1.2.61\8f4812486d21943cea3f170d53537e628f7eef8c\kotlin-compiler-embeddable-1.2.61.jar;C:\Users\RAHUL TIWARI\.gradle\caches\modules-2\files-2.1\org.jetbrains.kotlin\kotlin-reflect\1.2.61\6fd5bcfc9ffc446dd147ea006bee7ef5f0ad8ca4\kotlin-reflect-1.2.61.jar;C:\Users\RAHUL TIWARI\.gradle\caches\modules-2\files-2.1\org.jetbrains.kotlin\kotlin-stdlib\1.2.61\5bc44acc4b3f0d19166ae3e50454b41e8ff29335\kotlin-stdlib-1.2.61.jar;C:\Users\RAHUL TIWARI\.gradle\caches\modules-2\files-2.1\org.jetbrains.kotlin\kotlin-script-runtime\1.2.61\75e4bfc103b71324be6fc862ce806d5399508a14\kotlin-script-runtime-1.2.61.jar;C:\Users\RAHUL TIWARI\.gradle\caches\modules-2\files-2.1\org.jetbrains.kotlin\kotlin-stdlib-common\1.2.61\772de03e12d932f489e41aef997d26c20a4ebee6\kotlin-stdlib-common-1.2.61.jar;C:\Users\RAHUL TIWARI\.gradle\caches\modules-2\files-2.1\org.jetbrains\annotations\13.0\919f0dfe192fb4e063e7dacadee7f8bb9a2672a9\annotations-13.0.jar;C:\Program Files\Android\Android Studio\jre\lib\tools.jar
java_class_path (initial): C:\Users\RAHUL TIWARI\.gradle\caches\modules-2\files-2.1\org.jetbrains.kotlin\kotlin-compiler-embeddable\1.2.61\8f4812486d21943cea3f170d53537e628f7eef8c\kotlin-compiler-embeddable-1.2.61.jar;C:\Users\RAHUL TIWARI\.gradle\caches\modules-2\files-2.1\org.jetbrains.kotlin\kotlin-reflect\1.2.61\6fd5bcfc9ffc446dd147ea006bee7ef5f0ad8ca4\kotlin-reflect-1.2.61.jar;C:\Users\RAHUL TIWARI\.gradle\caches\modules-2\files-2.1\org.jetbrains.kotlin\kotlin-stdlib\1.2.61\5bc44acc4b3f0d19166ae3e50454b41e8ff29335\kotlin-stdlib-1.2.61.jar;C:\Users\RAHUL TIWARI\.gradle\caches\modules-2\files-2.1\org.jetbrains.kotlin\kotlin-script-runtime\1.2.61\75e4bfc103b71324be6fc862ce806d5399508a14\kotlin-script-runtime-1.2.61.jar;C:\Users\RAHUL TIWARI\.gradle\caches\modules-2\files-2.1\org.jetbrains.kotlin\kotlin-stdlib-common\1.2.61\772de03e12d932f489e41aef997d26c20a4ebee6\kotlin-stdlib-common-1.2.61.jar;C:\Users\RAHUL TIWARI\.gradle\caches\modules-2\files-2.1\org.jetbrains\annotations\13.0\919f0dfe192fb4e063e7dacadee7f8bb9a2672a9\annotations-13.0.jar;C:\Program Files\Android\Android Studio\jre\lib\tools.jar
Launcher Type: SUN_STANDARD

Environment Variables:
PATH=C:\Program Files\Python37\Scripts\;C:\Program Files\Python37\;C:\Python37\Scripts\;C:\Python37\;C:\oraclexe\app\oracle\product\10.2.0\server\bin;C:\ProgramData\Oracle\Java\javapath;C:\Windows\system32;C:\Windows;C:\Windows\System32\Wbem;C:\Windows\System32\WindowsPowerShell\v1.0\;C:\Program Files (x86)\NVIDIA Corporation\PhysX\Common;C:\WINDOWS\system32;C:\WINDOWS;C:\WINDOWS\System32\Wbem;C:\WINDOWS\System32\WindowsPowerShell\v1.0\;C:\Program Files\Java\jdk1.8.0_101\bin;C:\Program Files\Git\cmd;C:\oraclexe\app\oracle\product\10.2.0\server\jdbc\lib\ojdbc14.jar;.;C:\WINDOWS\System32\OpenSSH\;C:\Python37\Scripts\;C:\Users\RAHUL TIWARI\Anaconda3;C:\Users\RAHUL TIWARI\Anaconda3\Library\mingw-w64\bin;C:\Users\RAHUL TIWARI\Anaconda3\Library\usr\bin;C:\Users\RAHUL TIWARI\Anaconda3\Library\bin;C:\Users\RAHUL TIWARI\Anaconda3\Scripts;C:\oraclexe\app\oracle\product\10.2.0\server\bin;C:\ProgramData\Oracle\Java\javapath;C:\Windows\system32;C:\Windows;C:\Windows\System32\Wbem;C:\Windows\System32\WindowsPowerShell\v1.0\;C:\Program Files (x86)\NVIDIA Corporation\PhysX\Common;C:\WINDOWS\system32;C:\WINDOWS;C:\WINDOWS\System32\Wbem;C:\WINDOWS\System32\WindowsPowerShell\v1.0\;C:\Program Files\Java\jdk1.8.0_101\bin;C:\Program Files\Git\cmd;C:\oraclexe\app\oracle\product\10.2.0\server\jdbc\lib\ojdbc14.jar;.;C:\WINDOWS\System32\OpenSSH\;C:\Users\RAHUL TIWARI\AppData\Local\Microsoft\WindowsApps;C:\Users\RAHUL TIWARI\AppData\Local\GitHubDesktop\bin;C:\Program Files\Microsoft VS Code\bin;C:\Python37\;%USERPROFILE%\AppData\Local\Microsoft\WindowsApps;
USERNAME=RAHUL   TIWARI
OS=Windows_NT
PROCESSOR_IDENTIFIER=Intel64 Family 6 Model 142 Stepping 9, GenuineIntel



---------------  S Y S T E M  ---------------

OS: Windows 10.0 , 64 bit Build 17763 (10.0.17763.1)

CPU:total 4 (initial active 4) (2 cores per cpu, 2 threads per core) family 6 model 142 stepping 9, cmov, cx8, fxsr, mmx, sse, sse2, sse3, ssse3, sse4.1, sse4.2, popcnt, avx, avx2, aes, clmul, erms, 3dnowpref, lzcnt, ht, tsc, tscinvbit, bmi1, bmi2, adx

Memory: 4k page, physical 8286436k(1294956k free), swap 8286436k(5188k free)

vm_info: OpenJDK 64-Bit Server VM (25.152-b02) for windows-amd64 JRE (1.8.0_152-release-1024-b02), built by "builder" with MS VC++ 10.0 (VS2010)

time: Tue Mar 05 16:19:15 2019
elapsed time: 6 seconds (0d 0h 0m 6s)

