#
# There is insufficient memory for the Java Runtime Environment to continue.
# Native memory allocation (malloc) failed to allocate 2253616 bytes for Chunk::new
# Possible reasons:
#   The system is out of physical RAM or swap space
#   In 32 bit mode, the process size limit was hit
# Possible solutions:
#   Reduce memory load on the system
#   Increase physical memory or swap space
#   Check if swap backing store is full
#   Use 64 bit Java on a 64 bit OS
#   Decrease Java heap size (-Xmx/-Xms)
#   Decrease number of Java threads
#   Decrease Java thread stack sizes (-Xss)
#   Set larger code cache with -XX:ReservedCodeCacheSize=
# This output file may be truncated or incomplete.
#
#  Out of Memory Error (allocation.cpp:390), pid=7044, tid=0x0000000000002be4
#
# JRE version: OpenJDK Runtime Environment (8.0_152-b02) (build 1.8.0_152-release-1024-b02)
# Java VM: OpenJDK 64-Bit Server VM (25.152-b02 mixed mode windows-amd64 compressed oops)
# Failed to write core dump. Minidumps are not enabled by default on client versions of Windows
#

---------------  T H R E A D  ---------------

Current thread (0x0000000015e1d000):  JavaThread "C2 CompilerThread0" daemon [_thread_in_native, id=11236, stack(0x0000000017490000,0x0000000017590000)]

Stack: [0x0000000017490000,0x0000000017590000]
[error occurred during error reporting (printing stack bounds), id 0xc0000005]

Native frames: (J=compiled Java code, j=interpreted, Vv=VM code, C=native code)


Current CompileTask:
C2:  10741 5315       4       org.gradle.model.internal.type.ModelType::wrap (219 bytes)


---------------  P R O C E S S  ---------------

Java Threads: ( => current thread )
  0x000000001bd83800 JavaThread "Memory manager" [_thread_blocked, id=4492, stack(0x0000000020350000,0x0000000020450000)]
  0x000000001bd82800 JavaThread "pool-1-thread-1" [_thread_blocked, id=6344, stack(0x000000001fba0000,0x000000001fca0000)]
  0x000000001bd89800 JavaThread "build operations Thread 4" [_thread_blocked, id=8716, stack(0x000000001faa0000,0x000000001fba0000)]
  0x000000001bd88800 JavaThread "build operations Thread 3" [_thread_blocked, id=3248, stack(0x000000001f9a0000,0x000000001faa0000)]
  0x000000001bd88000 JavaThread "build operations Thread 2" [_thread_blocked, id=1860, stack(0x000000001f8a0000,0x000000001f9a0000)]
  0x000000001bd85800 JavaThread "build operations" [_thread_blocked, id=5212, stack(0x000000001e350000,0x000000001e450000)]
  0x000000001bd85000 JavaThread "Cache worker for Artifact transforms cache (C:\Users\RAHUL TIWARI\.gradle\caches\transforms-1)" [_thread_blocked, id=10412, stack(0x000000001e050000,0x000000001e150000)]
  0x000000001b09a800 JavaThread "Cache worker for file hash cache (C:\Users\RAHUL TIWARI\AndroidStudioProjects\voice_to_text\.gradle\4.4\fileHashes)" [_thread_blocked, id=9068, stack(0x000000001c980000,0x000000001ca80000)]
  0x0000000018f94800 JavaThread "File lock request listener" [_thread_in_native, id=9700, stack(0x000000001b8b0000,0x000000001b9b0000)]
  0x0000000018fd5000 JavaThread "Cache worker for file hash cache (C:\Users\RAHUL TIWARI\.gradle\caches\4.4\fileHashes)" [_thread_blocked, id=12304, stack(0x000000001a7e0000,0x000000001a8e0000)]
  0x0000000019029800 JavaThread "Stdin handler" [_thread_blocked, id=5700, stack(0x000000001a4e0000,0x000000001a5e0000)]
  0x0000000019014000 JavaThread "Asynchronous log dispatcher for DefaultDaemonConnection: socket connection from /127.0.0.1:50116 to /127.0.0.1:50117" [_thread_blocked, id=5140, stack(0x000000001a3e0000,0x000000001a4e0000)]
  0x0000000018e8a800 JavaThread "Daemon worker" [_thread_in_native, id=9876, stack(0x000000001a2e0000,0x000000001a3e0000)]
  0x0000000019068800 JavaThread "Cancel handler" [_thread_blocked, id=72, stack(0x000000001a1e0000,0x000000001a2e0000)]
  0x0000000018d6c000 JavaThread "Handler for socket connection from /127.0.0.1:50116 to /127.0.0.1:50117" [_thread_in_native, id=10320, stack(0x0000000019ee0000,0x0000000019fe0000)]
  0x0000000017a6c000 JavaThread "Daemon" [_thread_blocked, id=11544, stack(0x0000000019de0000,0x0000000019ee0000)]
  0x000000001921b800 JavaThread "Daemon periodic checks" [_thread_blocked, id=11916, stack(0x0000000019ce0000,0x0000000019de0000)]
  0x0000000019085000 JavaThread "Incoming local TCP Connector on port 50116" [_thread_in_native, id=11804, stack(0x0000000019aa0000,0x0000000019ba0000)]
  0x0000000015e7e800 JavaThread "Service Thread" daemon [_thread_blocked, id=11516, stack(0x0000000017b90000,0x0000000017c90000)]
  0x0000000015e2b800 JavaThread "C1 CompilerThread2" daemon [_thread_in_native, id=6476, stack(0x0000000017690000,0x0000000017790000)]
  0x0000000015e21000 JavaThread "C2 CompilerThread1" daemon [_thread_in_native, id=11292, stack(0x0000000017590000,0x0000000017690000)]
=>0x0000000015e1d000 JavaThread "C2 CompilerThread0" daemon [_thread_in_native, id=11236, stack(0x0000000017490000,0x0000000017590000)]
  0x0000000015e1b800 JavaThread "Attach Listener" daemon [_thread_blocked, id=12436, stack(0x0000000017390000,0x0000000017490000)]
  0x0000000015e1a000 JavaThread "Signal Dispatcher" daemon [_thread_blocked, id=3492, stack(0x0000000017290000,0x0000000017390000)]
  0x0000000015e08800 JavaThread "Finalizer" daemon [_thread_blocked, id=8264, stack(0x0000000017090000,0x0000000017190000)]
  0x00000000024a2800 JavaThread "Reference Handler" daemon [_thread_blocked, id=1792, stack(0x0000000016f90000,0x0000000017090000)]
  0x00000000023b2800 JavaThread "main" [_thread_blocked, id=1816, stack(0x00000000022b0000,0x00000000023b0000)]

Other Threads:
  0x0000000015de5000 VMThread [stack: 0x0000000016e90000,0x0000000016f90000] [id=6636]
  0x00000000177c3000 WatcherThread [stack: 0x0000000017c90000,0x0000000017d90000] [id=11244]

VM state:not at safepoint (normal execution)

VM Mutex/Monitor currently owned by a thread: None

Heap:
 PSYoungGen      total 143360K, used 126984K [0x00000000e0000000, 0x00000000eb000000, 0x0000000100000000)
  eden space 130560K, 87% used [0x00000000e0000000,0x00000000e6f87d30,0x00000000e7f80000)
  from space 12800K, 99% used [0x00000000ea380000,0x00000000eaffa650,0x00000000eb000000)
  to   space 10240K, 0% used [0x00000000e7f80000,0x00000000e7f80000,0x00000000e8980000)
 ParOldGen       total 99840K, used 20685K [0x00000000a0000000, 0x00000000a6180000, 0x00000000e0000000)
  object space 99840K, 20% used [0x00000000a0000000,0x00000000a14335c8,0x00000000a6180000)
 Metaspace       used 52627K, capacity 54218K, committed 54488K, reserved 1095680K
  class space    used 7173K, capacity 7564K, committed 7680K, reserved 1048576K

Card table byte_map: [0x0000000011870000,0x0000000011b80000] byte_map_base: 0x0000000011370000

Marking Bits: (ParMarkBitMap*) 0x0000000070174970
 Begin Bits: [0x0000000012180000, 0x0000000013980000)
 End Bits:   [0x0000000013980000, 0x0000000015180000)

Polling page: 0x0000000000570000

CodeCache: size=245760Kb used=17414Kb max_used=17414Kb free=228345Kb
 bounds [0x00000000024b0000, 0x00000000035d0000, 0x00000000114b0000]
 total_blobs=5881 nmethods=5125 adapters=668
 compilation: enabled

Compilation events (10 events):
Event: 10.729 Thread 0x0000000015e2b800 5488       3       org.codehaus.groovy.reflection.stdclasses.CachedSAMClass::isAssignableFrom (30 bytes)
Event: 10.729 Thread 0x0000000015e2b800 nmethod 5488 0x00000000035b90d0 code [0x00000000035b9260, 0x00000000035b9738]
Event: 10.729 Thread 0x0000000015e2b800 5487       3       org.codehaus.groovy.util.ManagedConcurrentLinkedQueue$Element::<init> (15 bytes)
Event: 10.729 Thread 0x0000000015e2b800 nmethod 5487 0x00000000035b9850 code [0x00000000035b99c0, 0x00000000035b9c28]
Event: 10.730 Thread 0x0000000015e21000 nmethod 5479 0x00000000035bce50 code [0x00000000035bcfe0, 0x00000000035bd488]
Event: 10.730 Thread 0x0000000015e21000 5489       4       org.codehaus.groovy.runtime.metaclass.MetaMethodIndex::copyNonPrivateNonNewMetaMethods (171 bytes)
Event: 10.736 Thread 0x0000000015e2b800 5490       3       sun.reflect.generics.reflectiveObjects.WildcardTypeImpl::toString (155 bytes)
Event: 10.737 Thread 0x0000000015e2b800 nmethod 5490 0x00000000035bb750 code [0x00000000035bb9a0, 0x00000000035bc788]
Event: 10.738 Thread 0x0000000015e2b800 5492       3       sun.reflect.generics.reflectiveObjects.TypeVariableImpl::toString (5 bytes)
Event: 10.738 Thread 0x0000000015e2b800 nmethod 5492 0x00000000035bb410 code [0x00000000035bb560, 0x00000000035bb6d0]

GC Heap History (10 events):
Event: 3.714 GC heap before
{Heap before GC invocations=6 (full 1):
 PSYoungGen      total 71680K, used 5108K [0x00000000e0000000, 0x00000000e9600000, 0x0000000100000000)
  eden space 66560K, 0% used [0x00000000e0000000,0x00000000e0000000,0x00000000e4100000)
  from space 5120K, 99% used [0x00000000e4100000,0x00000000e45fd040,0x00000000e4600000)
  to   space 10240K, 0% used [0x00000000e8c00000,0x00000000e8c00000,0x00000000e9600000)
 ParOldGen       total 87552K, used 8266K [0x00000000a0000000, 0x00000000a5580000, 0x00000000e0000000)
  object space 87552K, 9% used [0x00000000a0000000,0x00000000a0812b50,0x00000000a5580000)
 Metaspace       used 20849K, capacity 21232K, committed 21248K, reserved 1067008K
  class space    used 2911K, capacity 3070K, committed 3072K, reserved 1048576K
Event: 3.781 GC heap after
Heap after GC invocations=6 (full 1):
 PSYoungGen      total 71680K, used 0K [0x00000000e0000000, 0x00000000e9600000, 0x0000000100000000)
  eden space 66560K, 0% used [0x00000000e0000000,0x00000000e0000000,0x00000000e4100000)
  from space 5120K, 0% used [0x00000000e4100000,0x00000000e4100000,0x00000000e4600000)
  to   space 10240K, 0% used [0x00000000e8c00000,0x00000000e8c00000,0x00000000e9600000)
 ParOldGen       total 60416K, used 8221K [0x00000000a0000000, 0x00000000a3b00000, 0x00000000e0000000)
  object space 60416K, 13% used [0x00000000a0000000,0x00000000a0807748,0x00000000a3b00000)
 Metaspace       used 20849K, capacity 21232K, committed 21248K, reserved 1067008K
  class space    used 2911K, capacity 3070K, committed 3072K, reserved 1048576K
}
Event: 5.024 GC heap before
{Heap before GC invocations=7 (full 1):
 PSYoungGen      total 71680K, used 66560K [0x00000000e0000000, 0x00000000e9600000, 0x0000000100000000)
  eden space 66560K, 100% used [0x00000000e0000000,0x00000000e4100000,0x00000000e4100000)
  from space 5120K, 0% used [0x00000000e4100000,0x00000000e4100000,0x00000000e4600000)
  to   space 10240K, 0% used [0x00000000e8c00000,0x00000000e8c00000,0x00000000e9600000)
 ParOldGen       total 60416K, used 8221K [0x00000000a0000000, 0x00000000a3b00000, 0x00000000e0000000)
  object space 60416K, 13% used [0x00000000a0000000,0x00000000a0807748,0x00000000a3b00000)
 Metaspace       used 26562K, capacity 27066K, committed 27136K, reserved 1073152K
  class space    used 3661K, capacity 3831K, committed 3840K, reserved 1048576K
Event: 5.038 GC heap after
Heap after GC invocations=7 (full 1):
 PSYoungGen      total 110592K, used 7435K [0x00000000e0000000, 0x00000000e9380000, 0x0000000100000000)
  eden space 102912K, 0% used [0x00000000e0000000,0x00000000e0000000,0x00000000e6480000)
  from space 7680K, 96% used [0x00000000e8c00000,0x00000000e9342ce8,0x00000000e9380000)
  to   space 10240K, 0% used [0x00000000e7f80000,0x00000000e7f80000,0x00000000e8980000)
 ParOldGen       total 60416K, used 8221K [0x00000000a0000000, 0x00000000a3b00000, 0x00000000e0000000)
  object space 60416K, 13% used [0x00000000a0000000,0x00000000a0807748,0x00000000a3b00000)
 Metaspace       used 26562K, capacity 27066K, committed 27136K, reserved 1073152K
  class space    used 3661K, capacity 3831K, committed 3840K, reserved 1048576K
}
Event: 6.780 GC heap before
{Heap before GC invocations=8 (full 1):
 PSYoungGen      total 110592K, used 100156K [0x00000000e0000000, 0x00000000e9380000, 0x0000000100000000)
  eden space 102912K, 90% used [0x00000000e0000000,0x00000000e5a8c3a0,0x00000000e6480000)
  from space 7680K, 96% used [0x00000000e8c00000,0x00000000e9342ce8,0x00000000e9380000)
  to   space 10240K, 0% used [0x00000000e7f80000,0x00000000e7f80000,0x00000000e8980000)
 ParOldGen       total 60416K, used 8221K [0x00000000a0000000, 0x00000000a3b00000, 0x00000000e0000000)
  object space 60416K, 13% used [0x00000000a0000000,0x00000000a0807748,0x00000000a3b00000)
 Metaspace       used 34684K, capacity 35260K, committed 35416K, reserved 1079296K
  class space    used 4780K, capacity 4972K, committed 4992K, reserved 1048576K
Event: 6.796 GC heap after
Heap after GC invocations=8 (full 1):
 PSYoungGen      total 140800K, used 10208K [0x00000000e0000000, 0x00000000eb000000, 0x0000000100000000)
  eden space 130560K, 0% used [0x00000000e0000000,0x00000000e0000000,0x00000000e7f80000)
  from space 10240K, 99% used [0x00000000e7f80000,0x00000000e8978050,0x00000000e8980000)
  to   space 12800K, 0% used [0x00000000ea380000,0x00000000ea380000,0x00000000eb000000)
 ParOldGen       total 60416K, used 10994K [0x00000000a0000000, 0x00000000a3b00000, 0x00000000e0000000)
  object space 60416K, 18% used [0x00000000a0000000,0x00000000a0abcba0,0x00000000a3b00000)
 Metaspace       used 34684K, capacity 35260K, committed 35416K, reserved 1079296K
  class space    used 4780K, capacity 4972K, committed 4992K, reserved 1048576K
}
Event: 6.796 GC heap before
{Heap before GC invocations=9 (full 2):
 PSYoungGen      total 140800K, used 10208K [0x00000000e0000000, 0x00000000eb000000, 0x0000000100000000)
  eden space 130560K, 0% used [0x00000000e0000000,0x00000000e0000000,0x00000000e7f80000)
  from space 10240K, 99% used [0x00000000e7f80000,0x00000000e8978050,0x00000000e8980000)
  to   space 12800K, 0% used [0x00000000ea380000,0x00000000ea380000,0x00000000eb000000)
 ParOldGen       total 60416K, used 10994K [0x00000000a0000000, 0x00000000a3b00000, 0x00000000e0000000)
  object space 60416K, 18% used [0x00000000a0000000,0x00000000a0abcba0,0x00000000a3b00000)
 Metaspace       used 34684K, capacity 35260K, committed 35416K, reserved 1079296K
  class space    used 4780K, capacity 4972K, committed 4992K, reserved 1048576K
Event: 6.899 GC heap after
Heap after GC invocations=9 (full 2):
 PSYoungGen      total 140800K, used 0K [0x00000000e0000000, 0x00000000eb000000, 0x0000000100000000)
  eden space 130560K, 0% used [0x00000000e0000000,0x00000000e0000000,0x00000000e7f80000)
  from space 10240K, 0% used [0x00000000e7f80000,0x00000000e7f80000,0x00000000e8980000)
  to   space 12800K, 0% used [0x00000000ea380000,0x00000000ea380000,0x00000000eb000000)
 ParOldGen       total 99840K, used 19462K [0x00000000a0000000, 0x00000000a6180000, 0x00000000e0000000)
  object space 99840K, 19% used [0x00000000a0000000,0x00000000a13019f0,0x00000000a6180000)
 Metaspace       used 34684K, capacity 35260K, committed 35416K, reserved 1079296K
  class space    used 4780K, capacity 4972K, committed 4992K, reserved 1048576K
}
Event: 8.715 GC heap before
{Heap before GC invocations=10 (full 2):
 PSYoungGen      total 140800K, used 130560K [0x00000000e0000000, 0x00000000eb000000, 0x0000000100000000)
  eden space 130560K, 100% used [0x00000000e0000000,0x00000000e7f80000,0x00000000e7f80000)
  from space 10240K, 0% used [0x00000000e7f80000,0x00000000e7f80000,0x00000000e8980000)
  to   space 12800K, 0% used [0x00000000ea380000,0x00000000ea380000,0x00000000eb000000)
 ParOldGen       total 99840K, used 19462K [0x00000000a0000000, 0x00000000a6180000, 0x00000000e0000000)
  object space 99840K, 19% used [0x00000000a0000000,0x00000000a13019f0,0x00000000a6180000)
 Metaspace       used 42827K, capacity 43686K, committed 43864K, reserved 1087488K
  class space    used 5878K, capacity 6162K, committed 6272K, reserved 1048576K
Event: 8.738 GC heap after
Heap after GC invocations=10 (full 2):
 PSYoungGen      total 143360K, used 12777K [0x00000000e0000000, 0x00000000eb000000, 0x0000000100000000)
  eden space 130560K, 0% used [0x00000000e0000000,0x00000000e0000000,0x00000000e7f80000)
  from space 12800K, 99% used [0x00000000ea380000,0x00000000eaffa650,0x00000000eb000000)
  to   space 10240K, 0% used [0x00000000e7f80000,0x00000000e7f80000,0x00000000e8980000)
 ParOldGen       total 99840K, used 20685K [0x00000000a0000000, 0x00000000a6180000, 0x00000000e0000000)
  object space 99840K, 20% used [0x00000000a0000000,0x00000000a14335c8,0x00000000a6180000)
 Metaspace       used 42827K, capacity 43686K, committed 43864K, reserved 1087488K
  class space    used 5878K, capacity 6162K, committed 6272K, reserved 1048576K
}

Deoptimization events (10 events):
Event: 9.416 Thread 0x0000000018e8a800 Uncommon trap: reason=unstable_if action=reinterpret pc=0x0000000003278bb8 method=java.util.regex.Pattern$BitClass.isSatisfiedBy(I)Z @ 4
Event: 9.416 Thread 0x0000000018e8a800 Uncommon trap: reason=unstable_if action=reinterpret pc=0x0000000003276c0c method=java.util.regex.Pattern$Ctype.isSatisfiedBy(I)Z @ 4
Event: 10.042 Thread 0x0000000018e8a800 Uncommon trap: reason=unstable_if action=reinterpret pc=0x00000000032b9f68 method=java.util.regex.Pattern$GroupTail.match(Ljava/util/regex/Matcher;ILjava/lang/CharSequence;)Z @ 73
Event: 10.042 Thread 0x0000000018e8a800 Uncommon trap: reason=unstable_if action=reinterpret pc=0x00000000032acfd8 method=com.sun.org.apache.xerces.internal.impl.XMLEntityScanner.scanContent(Lcom/sun/org/apache/xerces/internal/xni/XMLString;)I @ 163
Event: 10.277 Thread 0x0000000018e8a800 Uncommon trap: reason=unstable_if action=reinterpret pc=0x0000000002d7fad0 method=org.objectweb.asm.Type.getArgumentsAndReturnSizes(Ljava/lang/String;)I @ 47
Event: 10.277 Thread 0x0000000018e8a800 Uncommon trap: reason=unstable_if action=reinterpret pc=0x0000000003069ba8 method=org.objectweb.asm.Type.getArgumentsAndReturnSizes(Ljava/lang/String;)I @ 47
Event: 10.307 Thread 0x0000000018e8a800 Uncommon trap: reason=unstable_if action=reinterpret pc=0x00000000034c6270 method=java.util.TreeMap.put(Ljava/lang/Object;Ljava/lang/Object;)Ljava/lang/Object; @ 163
Event: 10.500 Thread 0x0000000018e8a800 Uncommon trap: reason=unstable_if action=reinterpret pc=0x00000000029cd1bc method=java.lang.CharacterDataLatin1.isJavaIdentifierPart(I)Z @ 11
Event: 10.671 Thread 0x0000000018e8a800 Uncommon trap: reason=predicate action=maybe_recompile pc=0x00000000029916b0 method=java.util.TreeMap.getEntry(Ljava/lang/Object;)Ljava/util/TreeMap$Entry; @ 39
Event: 10.672 Thread 0x0000000018e8a800 Uncommon trap: reason=predicate action=maybe_recompile pc=0x0000000003454420 method=java.util.TreeMap.getEntry(Ljava/lang/Object;)Ljava/util/TreeMap$Entry; @ 39

Classes redefined (0 events):
No events

Internal exceptions (10 events):
Event: 10.470 Thread 0x0000000018e8a800 Exception <a 'java/lang/ClassNotFoundException': com/android/build/gradle/internal/api/BaseVariantOutputImplBeanInfo> (0x00000000e615d568) thrown at [D:\src\AOSP-openjdk-cygwin\jdk8u\hotspot\src\share\vm\classfile\systemDictionary.cpp, line 210]
Event: 10.471 Thread 0x0000000018e8a800 Exception <a 'java/lang/ClassNotFoundException': com/android/build/gradle/internal/api/BaseVariantOutputImplCustomizer> (0x00000000e6176b30) thrown at [D:\src\AOSP-openjdk-cygwin\jdk8u\hotspot\src\share\vm\classfile\systemDictionary.cpp, line 210]
Event: 10.472 Thread 0x0000000018e8a800 Exception <a 'java/lang/ClassNotFoundException': com/android/build/gradle/internal/api/ApkVariantOutputImplCustomizer> (0x00000000e61ad4a8) thrown at [D:\src\AOSP-openjdk-cygwin\jdk8u\hotspot\src\share\vm\classfile\systemDictionary.cpp, line 210]
Event: 10.473 Thread 0x0000000018e8a800 Exception <a 'java/lang/ClassNotFoundException': com/android/build/gradle/internal/api/ApkVariantOutputImpl_DecoratedCustomizer> (0x00000000e61d9988) thrown at [D:\src\AOSP-openjdk-cygwin\jdk8u\hotspot\src\share\vm\classfile\systemDictionary.cpp, line 210
Event: 10.728 Thread 0x0000000018e8a800 Exception <a 'java/lang/ClassNotFoundException': org/gradle/platform/base/BinaryContainer_ImplBeanInfo> (0x00000000e6d7b578) thrown at [D:\src\AOSP-openjdk-cygwin\jdk8u\hotspot\src\share\vm\classfile\systemDictionary.cpp, line 210]
Event: 10.728 Thread 0x0000000018e8a800 Exception <a 'java/lang/ClassNotFoundException': org/gradle/model/internal/core/NodeBackedModelMapBeanInfo> (0x00000000e6d8f6c8) thrown at [D:\src\AOSP-openjdk-cygwin\jdk8u\hotspot\src\share\vm\classfile\systemDictionary.cpp, line 210]
Event: 10.728 Thread 0x0000000018e8a800 Exception <a 'java/lang/ClassNotFoundException': org/gradle/model/internal/core/ModelMapGroovyViewBeanInfo> (0x00000000e6da3818) thrown at [D:\src\AOSP-openjdk-cygwin\jdk8u\hotspot\src\share\vm\classfile\systemDictionary.cpp, line 210]
Event: 10.729 Thread 0x0000000018e8a800 Exception <a 'java/lang/ClassNotFoundException': org/gradle/model/internal/core/ModelMapGroovyViewCustomizer> (0x00000000e6db8630) thrown at [D:\src\AOSP-openjdk-cygwin\jdk8u\hotspot\src\share\vm\classfile\systemDictionary.cpp, line 210]
Event: 10.737 Thread 0x0000000018e8a800 Exception <a 'java/lang/ClassNotFoundException': org/gradle/model/internal/core/NodeBackedModelMapCustomizer> (0x00000000e6de0960) thrown at [D:\src\AOSP-openjdk-cygwin\jdk8u\hotspot\src\share\vm\classfile\systemDictionary.cpp, line 210]
Event: 10.740 Thread 0x0000000018e8a800 Exception <a 'java/lang/ClassNotFoundException': org/gradle/platform/base/BinaryContainer_ImplCustomizer> (0x00000000e6e43b80) thrown at [D:\src\AOSP-openjdk-cygwin\jdk8u\hotspot\src\share\vm\classfile\systemDictionary.cpp, line 210]

Events (10 events):
Event: 10.737 loading class org/gradle/model/internal/core/NodeBackedModelMapCustomizer
Event: 10.737 loading class org/gradle/model/internal/core/NodeBackedModelMapCustomizer done
Event: 10.737 loading class org/gradle/model/internal/core/NodeBackedModelMapCustomizer
Event: 10.737 loading class org/gradle/model/internal/core/NodeBackedModelMapCustomizer done
Event: 10.739 loading class org/gradle/platform/base/BinaryContainer_ImplCustomizer
Event: 10.739 loading class org/gradle/platform/base/BinaryContainer_ImplCustomizer done
Event: 10.739 loading class org/gradle/platform/base/BinaryContainer_ImplCustomizer
Event: 10.739 loading class org/gradle/platform/base/BinaryContainer_ImplCustomizer done
Event: 10.740 loading class org/gradle/platform/base/BinaryContainer_ImplCustomizer
Event: 10.740 loading class org/gradle/platform/base/BinaryContainer_ImplCustomizer done


Dynamic libraries:
0x00007ff77ecf0000 - 0x00007ff77ed21000 	C:\Program Files\Android\Android Studio\jre\bin\java.exe
0x00007ffc36000000 - 0x00007ffc361ed000 	C:\WINDOWS\SYSTEM32\ntdll.dll
0x00007ffc35520000 - 0x00007ffc355d3000 	C:\WINDOWS\System32\KERNEL32.DLL
0x00007ffc32930000 - 0x00007ffc32bc3000 	C:\WINDOWS\System32\KERNELBASE.dll
0x00007ffc352c0000 - 0x00007ffc35363000 	C:\WINDOWS\System32\ADVAPI32.dll
0x00007ffc35a20000 - 0x00007ffc35abe000 	C:\WINDOWS\System32\msvcrt.dll
0x00007ffc34eb0000 - 0x00007ffc34f4e000 	C:\WINDOWS\System32\sechost.dll
0x00007ffc33440000 - 0x00007ffc33563000 	C:\WINDOWS\System32\RPCRT4.dll
0x00007ffc35880000 - 0x00007ffc35a17000 	C:\WINDOWS\System32\USER32.dll
0x00007ffc33210000 - 0x00007ffc33230000 	C:\WINDOWS\System32\win32u.dll
0x00007ffc34e20000 - 0x00007ffc34e49000 	C:\WINDOWS\System32\GDI32.dll
0x00007ffc32fa0000 - 0x00007ffc3313a000 	C:\WINDOWS\System32\gdi32full.dll
0x00007ffc32eb0000 - 0x00007ffc32f50000 	C:\WINDOWS\System32\msvcp_win.dll
0x00007ffc32db0000 - 0x00007ffc32eac000 	C:\WINDOWS\System32\ucrtbase.dll
0x00007ffc1f930000 - 0x00007ffc1fba9000 	C:\WINDOWS\WinSxS\amd64_microsoft.windows.common-controls_6595b64144ccf1df_6.0.17763.107_none_05b63884071e656e\COMCTL32.dll
0x00007ffc34ae0000 - 0x00007ffc34e0e000 	C:\WINDOWS\System32\combase.dll
0x00007ffc32850000 - 0x00007ffc328ce000 	C:\WINDOWS\System32\bcryptPrimitives.dll
0x00007ffc332e0000 - 0x00007ffc3330e000 	C:\WINDOWS\System32\IMM32.DLL
0x000000006bb00000 - 0x000000006bbd2000 	C:\Program Files\Android\Android Studio\jre\jre\bin\msvcr100.dll
0x000000006f9b0000 - 0x00000000701ef000 	C:\Program Files\Android\Android Studio\jre\jre\bin\server\jvm.dll
0x00007ffc350b0000 - 0x00007ffc350b8000 	C:\WINDOWS\System32\PSAPI.DLL
0x00007ffc26a40000 - 0x00007ffc26a4a000 	C:\WINDOWS\SYSTEM32\VERSION.dll
0x00007ffc27250000 - 0x00007ffc27274000 	C:\WINDOWS\SYSTEM32\WINMM.dll
0x00007ffc27220000 - 0x00007ffc2724d000 	C:\WINDOWS\SYSTEM32\winmmbase.dll
0x00007ffc32f50000 - 0x00007ffc32f9a000 	C:\WINDOWS\System32\cfgmgr32.dll
0x00007ffc2ea50000 - 0x00007ffc2ea59000 	C:\WINDOWS\SYSTEM32\WSOCK32.dll
0x00007ffc355e0000 - 0x00007ffc3564d000 	C:\WINDOWS\System32\WS2_32.dll
0x00007ffc2bf40000 - 0x00007ffc2bf4f000 	C:\Program Files\Android\Android Studio\jre\jre\bin\verify.dll
0x00007ffc1dde0000 - 0x00007ffc1de09000 	C:\Program Files\Android\Android Studio\jre\jre\bin\java.dll
0x00007ffc255c0000 - 0x00007ffc255d6000 	C:\Program Files\Android\Android Studio\jre\jre\bin\zip.dll
0x00007ffc335f0000 - 0x00007ffc34adf000 	C:\WINDOWS\System32\SHELL32.dll
0x00007ffc350e0000 - 0x00007ffc35188000 	C:\WINDOWS\System32\shcore.dll
0x00007ffc32100000 - 0x00007ffc32848000 	C:\WINDOWS\System32\windows.storage.dll
0x00007ffc32060000 - 0x00007ffc32084000 	C:\WINDOWS\System32\profapi.dll
0x00007ffc32000000 - 0x00007ffc3205d000 	C:\WINDOWS\System32\powrprof.dll
0x00007ffc35650000 - 0x00007ffc356a2000 	C:\WINDOWS\System32\shlwapi.dll
0x00007ffc32090000 - 0x00007ffc320a1000 	C:\WINDOWS\System32\kernel.appcore.dll
0x00007ffc331f0000 - 0x00007ffc33207000 	C:\WINDOWS\System32\cryptsp.dll
0x00007ffc1ddc0000 - 0x00007ffc1ddda000 	C:\Program Files\Android\Android Studio\jre\jre\bin\net.dll
0x00007ffc31890000 - 0x00007ffc318f7000 	C:\WINDOWS\system32\mswsock.dll
0x00007ffc18580000 - 0x00007ffc18591000 	C:\Program Files\Android\Android Studio\jre\jre\bin\nio.dll
0x00007ffc16360000 - 0x00007ffc1637e000 	C:\Users\RAHUL TIWARI\.gradle\native\25\windows-amd64\native-platform.dll
0x00007ffc2e0f0000 - 0x00007ffc2e0fd000 	C:\Program Files\Android\Android Studio\jre\jre\bin\management.dll
0x00007ffc31450000 - 0x00007ffc31483000 	C:\WINDOWS\system32\rsaenh.dll
0x00007ffc320d0000 - 0x00007ffc320f6000 	C:\WINDOWS\System32\bcrypt.dll
0x00007ffc31f30000 - 0x00007ffc31f58000 	C:\WINDOWS\SYSTEM32\USERENV.dll
0x00007ffc31a60000 - 0x00007ffc31a6c000 	C:\WINDOWS\SYSTEM32\CRYPTBASE.dll
0x00007ffc315f0000 - 0x00007ffc3162d000 	C:\WINDOWS\SYSTEM32\IPHLPAPI.DLL
0x00007ffc35fc0000 - 0x00007ffc35fc8000 	C:\WINDOWS\System32\NSI.dll
0x00007ffc2a810000 - 0x00007ffc2a826000 	C:\WINDOWS\SYSTEM32\dhcpcsvc6.DLL
0x00007ffc2a4f0000 - 0x00007ffc2a50c000 	C:\WINDOWS\SYSTEM32\dhcpcsvc.DLL
0x00007ffc31640000 - 0x00007ffc31706000 	C:\WINDOWS\SYSTEM32\DNSAPI.dll

VM Arguments:
jvm_args: -Xmx1536m -Dfile.encoding=windows-1252 -Duser.country=IN -Duser.language=en -Duser.variant 
java_command: org.gradle.launcher.daemon.bootstrap.GradleDaemon 4.4
java_class_path (initial): C:\Users\RAHUL TIWARI\.gradle\wrapper\dists\gradle-4.4-all\9br9xq1tocpiv8o6njlyu5op1\gradle-4.4\lib\gradle-launcher-4.4.jar
Launcher Type: SUN_STANDARD

Environment Variables:
PATH=C:\Program Files\Python37\Scripts\;C:\Program Files\Python37\;C:\Python37\Scripts\;C:\Python37\;C:\oraclexe\app\oracle\product\10.2.0\server\bin;C:\ProgramData\Oracle\Java\javapath;C:\Windows\system32;C:\Windows;C:\Windows\System32\Wbem;C:\Windows\System32\WindowsPowerShell\v1.0\;C:\Program Files (x86)\NVIDIA Corporation\PhysX\Common;C:\WINDOWS\system32;C:\WINDOWS;C:\WINDOWS\System32\Wbem;C:\WINDOWS\System32\WindowsPowerShell\v1.0\;C:\Program Files\Java\jdk1.8.0_101\bin;C:\Program Files\Git\cmd;C:\oraclexe\app\oracle\product\10.2.0\server\jdbc\lib\ojdbc14.jar;.;C:\WINDOWS\System32\OpenSSH\;C:\Python37\Scripts\;C:\Users\RAHUL TIWARI\Anaconda3;C:\Users\RAHUL TIWARI\Anaconda3\Library\mingw-w64\bin;C:\Users\RAHUL TIWARI\Anaconda3\Library\usr\bin;C:\Users\RAHUL TIWARI\Anaconda3\Library\bin;C:\Users\RAHUL TIWARI\Anaconda3\Scripts;C:\oraclexe\app\oracle\product\10.2.0\server\bin;C:\ProgramData\Oracle\Java\javapath;C:\Windows\system32;C:\Windows;C:\Windows\System32\Wbem;C:\Windows\System32\WindowsPowerShell\v1.0\;C:\Program Files (x86)\NVIDIA Corporation\PhysX\Common;C:\WINDOWS\system32;C:\WINDOWS;C:\WINDOWS\System32\Wbem;C:\WINDOWS\System32\WindowsPowerShell\v1.0\;C:\Program Files\Java\jdk1.8.0_101\bin;C:\Program Files\Git\cmd;C:\oraclexe\app\oracle\product\10.2.0\server\jdbc\lib\ojdbc14.jar;.;C:\WINDOWS\System32\OpenSSH\;C:\Users\RAHUL TIWARI\AppData\Local\Microsoft\WindowsApps;C:\Users\RAHUL TIWARI\AppData\Local\GitHubDesktop\bin;C:\Program Files\Microsoft VS Code\bin;C:\Python37\;%USERPROFILE%\AppData\Local\Microsoft\WindowsApps;
USERNAME=RAHUL   TIWARI
OS=Windows_NT
PROCESSOR_IDENTIFIER=Intel64 Family 6 Model 142 Stepping 9, GenuineIntel



---------------  S Y S T E M  ---------------

OS: Windows 10.0 , 64 bit Build 17763 (10.0.17763.1)

CPU:total 4 (initial active 4) (2 cores per cpu, 2 threads per core) family 6 model 142 stepping 9, cmov, cx8, fxsr, mmx, sse, sse2, sse3, ssse3, sse4.1, sse4.2, popcnt, avx, avx2, aes, clmul, erms, 3dnowpref, lzcnt, ht, tsc, tscinvbit, bmi1, bmi2, adx

Memory: 4k page, physical 8286436k(1398420k free), swap 8286436k(6388k free)

vm_info: OpenJDK 64-Bit Server VM (25.152-b02) for windows-amd64 JRE (1.8.0_152-release-1024-b02), built by "builder" with MS VC++ 10.0 (VS2010)

time: Tue Mar 05 16:50:57 2019
elapsed time: 10 seconds (0d 0h 0m 10s)

