#
# There is insufficient memory for the Java Runtime Environment to continue.
# Native memory allocation (malloc) failed to allocate 557136 bytes for Chunk::new
# Possible reasons:
#   The system is out of physical RAM or swap space
#   In 32 bit mode, the process size limit was hit
# Possible solutions:
#   Reduce memory load on the system
#   Increase physical memory or swap space
#   Check if swap backing store is full
#   Use 64 bit Java on a 64 bit OS
#   Decrease Java heap size (-Xmx/-Xms)
#   Decrease number of Java threads
#   Decrease Java thread stack sizes (-Xss)
#   Set larger code cache with -XX:ReservedCodeCacheSize=
# This output file may be truncated or incomplete.
#
#  Out of Memory Error (allocation.cpp:390), pid=9620, tid=0x00000000000031e4
#
# JRE version: OpenJDK Runtime Environment (8.0_152-b02) (build 1.8.0_152-release-1024-b02)
# Java VM: OpenJDK 64-Bit Server VM (25.152-b02 mixed mode windows-amd64 compressed oops)
# Failed to write core dump. Minidumps are not enabled by default on client versions of Windows
#

---------------  T H R E A D  ---------------

Current thread (0x0000000016d23000):  JavaThread "C2 CompilerThread1" daemon [_thread_in_native, id=12772, stack(0x0000000018480000,0x0000000018580000)]

Stack: [0x0000000018480000,0x0000000018580000]
[error occurred during error reporting (printing stack bounds), id 0xc0000005]

Native frames: (J=compiled Java code, j=interpreted, Vv=VM code, C=native code)


Current CompileTask:
C2:  11599 1861   !   4       java.net.URL::<init> (543 bytes)


---------------  P R O C E S S  ---------------

Java Threads: ( => current thread )
  0x0000000018c91000 JavaThread "RMI RenewClean-[localhost:49399,org.jetbrains.kotlin.daemon.common.LoopbackNetworkInterface$ClientLoopbackSocketFactory@aa08040]" daemon [_thread_blocked, id=8664, stack(0x000000001a300000,0x000000001a400000)]
  0x00000000187b2000 JavaThread "RMI TCP Connection(2)-127.0.0.1" daemon [_thread_in_vm, id=2792, stack(0x000000001a200000,0x000000001a300000)]
  0x00000000187af000 JavaThread "RMI Scheduler(0)" daemon [_thread_blocked, id=11420, stack(0x000000001a100000,0x000000001a200000)]
  0x0000000018ebd000 JavaThread "RMI TCP Connection(1)-127.0.0.1" daemon [_thread_in_native, id=5552, stack(0x000000001a000000,0x000000001a100000)]
  0x00000000032b3000 JavaThread "DestroyJavaVM" [_thread_blocked, id=11852, stack(0x0000000003180000,0x0000000003280000)]
  0x0000000018e56800 JavaThread "GC Daemon" daemon [_thread_blocked, id=11652, stack(0x0000000019bc0000,0x0000000019cc0000)]
  0x0000000018e56000 JavaThread "RMI Reaper" [_thread_blocked, id=13172, stack(0x0000000019ac0000,0x0000000019bc0000)]
  0x0000000018e4e000 JavaThread "Timer-0" daemon [_thread_blocked, id=10648, stack(0x00000000198c0000,0x00000000199c0000)]
  0x0000000018cb1800 JavaThread "RMI TCP Accept-17911" daemon [_thread_in_native, id=10580, stack(0x00000000197c0000,0x00000000198c0000)]
  0x0000000016d7e000 JavaThread "Service Thread" daemon [_thread_blocked, id=12380, stack(0x0000000018a80000,0x0000000018b80000)]
  0x0000000016d2c000 JavaThread "C1 CompilerThread2" daemon [_thread_blocked, id=10304, stack(0x0000000018580000,0x0000000018680000)]
=>0x0000000016d23000 JavaThread "C2 CompilerThread1" daemon [_thread_in_native, id=12772, stack(0x0000000018480000,0x0000000018580000)]
  0x0000000016d1f000 JavaThread "C2 CompilerThread0" daemon [_thread_in_native, id=12996, stack(0x0000000018380000,0x0000000018480000)]
  0x0000000016d1e000 JavaThread "Attach Listener" daemon [_thread_blocked, id=5692, stack(0x0000000018280000,0x0000000018380000)]
  0x0000000016d1d000 JavaThread "Signal Dispatcher" daemon [_thread_blocked, id=1704, stack(0x0000000018180000,0x0000000018280000)]
  0x0000000016d0e000 JavaThread "Finalizer" daemon [_thread_blocked, id=8908, stack(0x0000000017f80000,0x0000000018080000)]
  0x00000000033a4800 JavaThread "Reference Handler" daemon [_thread_blocked, id=11616, stack(0x0000000017e80000,0x0000000017f80000)]

Other Threads:
  0x0000000016ce5000 VMThread [stack: 0x0000000017d80000,0x0000000017e80000] [id=11288]
  0x0000000016d7e800 WatcherThread [stack: 0x0000000018b80000,0x0000000018c80000] [id=5004]

VM state:not at safepoint (normal execution)

VM Mutex/Monitor currently owned by a thread: None

Heap:
 PSYoungGen      total 38400K, used 12345K [0x00000000e0000000, 0x00000000e2a80000, 0x0000000100000000)
  eden space 33280K, 21% used [0x00000000e0000000,0x00000000e07147e0,0x00000000e2080000)
  from space 5120K, 99% used [0x00000000e2580000,0x00000000e2a79ff0,0x00000000e2a80000)
  to   space 5120K, 0% used [0x00000000e2080000,0x00000000e2080000,0x00000000e2580000)
 ParOldGen       total 60928K, used 13367K [0x00000000a0000000, 0x00000000a3b80000, 0x00000000e0000000)
  object space 60928K, 21% used [0x00000000a0000000,0x00000000a0d0dc28,0x00000000a3b80000)
 Metaspace       used 26340K, capacity 26846K, committed 27184K, reserved 1073152K
  class space    used 3356K, capacity 3515K, committed 3632K, reserved 1048576K

Card table byte_map: [0x0000000012770000,0x0000000012a80000] byte_map_base: 0x0000000012270000

Marking Bits: (ParMarkBitMap*) 0x0000000070174970
 Begin Bits: [0x0000000013080000, 0x0000000014880000)
 End Bits:   [0x0000000014880000, 0x0000000016080000)

Polling page: 0x0000000000ff0000

CodeCache: size=245760Kb used=5606Kb max_used=5606Kb free=240153Kb
 bounds [0x00000000033b0000, 0x0000000003930000, 0x00000000123b0000]
 total_blobs=2313 nmethods=1872 adapters=354
 compilation: enabled

Compilation events (10 events):
Event: 11.569 Thread 0x0000000016d2c000 1873       3       java.util.Collections$UnmodifiableCollection$1::<init> (26 bytes)
Event: 11.569 Thread 0x0000000016d2c000 nmethod 1873 0x000000000392b010 code [0x000000000392b180, 0x000000000392b448]
Event: 11.570 Thread 0x0000000016d2c000 1874       3       org.jetbrains.kotlin.name.FqNameUnsafe::isRoot (8 bytes)
Event: 11.570 Thread 0x0000000016d2c000 nmethod 1874 0x000000000392ab10 code [0x000000000392ac80, 0x000000000392af30]
Event: 11.572 Thread 0x0000000016d2c000 1875       3       org.jetbrains.kotlin.name.FqName::asString (8 bytes)
Event: 11.572 Thread 0x0000000016d2c000 nmethod 1875 0x000000000392a710 code [0x000000000392a860, 0x000000000392aa50]
Event: 11.572 Thread 0x0000000016d2c000 1876       3       org.jetbrains.kotlin.name.FqNameUnsafe::<init> (20 bytes)
Event: 11.572 Thread 0x0000000016d2c000 nmethod 1876 0x000000000392d590 code [0x000000000392d6e0, 0x000000000392d8d0]
Event: 11.572 Thread 0x0000000016d2c000 1877       3       org.jetbrains.kotlin.name.FqName::<init> (18 bytes)
Event: 11.572 Thread 0x0000000016d2c000 nmethod 1877 0x000000000392d990 code [0x000000000392db00, 0x000000000392de10]

GC Heap History (10 events):
Event: 0.723 GC heap before
{Heap before GC invocations=2 (full 1):
 PSYoungGen      total 38400K, used 2847K [0x00000000e0000000, 0x00000000e2a80000, 0x0000000100000000)
  eden space 33280K, 0% used [0x00000000e0000000,0x00000000e0000000,0x00000000e2080000)
  from space 5120K, 55% used [0x00000000e2080000,0x00000000e2347e48,0x00000000e2580000)
  to   space 5120K, 0% used [0x00000000e2580000,0x00000000e2580000,0x00000000e2a80000)
 ParOldGen       total 87552K, used 8K [0x00000000a0000000, 0x00000000a5580000, 0x00000000e0000000)
  object space 87552K, 0% used [0x00000000a0000000,0x00000000a0002000,0x00000000a5580000)
 Metaspace       used 9004K, capacity 9138K, committed 9344K, reserved 1056768K
  class space    used 964K, capacity 1051K, committed 1152K, reserved 1048576K
Event: 0.733 GC heap after
Heap after GC invocations=2 (full 1):
 PSYoungGen      total 38400K, used 0K [0x00000000e0000000, 0x00000000e2a80000, 0x0000000100000000)
  eden space 33280K, 0% used [0x00000000e0000000,0x00000000e0000000,0x00000000e2080000)
  from space 5120K, 0% used [0x00000000e2080000,0x00000000e2080000,0x00000000e2580000)
  to   space 5120K, 0% used [0x00000000e2580000,0x00000000e2580000,0x00000000e2a80000)
 ParOldGen       total 87552K, used 2642K [0x00000000a0000000, 0x00000000a5580000, 0x00000000e0000000)
  object space 87552K, 3% used [0x00000000a0000000,0x00000000a0294bd8,0x00000000a5580000)
 Metaspace       used 9004K, capacity 9138K, committed 9344K, reserved 1056768K
  class space    used 964K, capacity 1051K, committed 1152K, reserved 1048576K
}
Event: 10.397 GC heap before
{Heap before GC invocations=3 (full 1):
 PSYoungGen      total 38400K, used 33280K [0x00000000e0000000, 0x00000000e2a80000, 0x0000000100000000)
  eden space 33280K, 100% used [0x00000000e0000000,0x00000000e2080000,0x00000000e2080000)
  from space 5120K, 0% used [0x00000000e2080000,0x00000000e2080000,0x00000000e2580000)
  to   space 5120K, 0% used [0x00000000e2580000,0x00000000e2580000,0x00000000e2a80000)
 ParOldGen       total 87552K, used 2642K [0x00000000a0000000, 0x00000000a5580000, 0x00000000e0000000)
  object space 87552K, 3% used [0x00000000a0000000,0x00000000a0294bd8,0x00000000a5580000)
 Metaspace       used 14042K, capacity 14324K, committed 14592K, reserved 1062912K
  class space    used 1628K, capacity 1726K, committed 1792K, reserved 1048576K
Event: 10.404 GC heap after
Heap after GC invocations=3 (full 1):
 PSYoungGen      total 38400K, used 5098K [0x00000000e0000000, 0x00000000e2a80000, 0x0000000100000000)
  eden space 33280K, 0% used [0x00000000e0000000,0x00000000e0000000,0x00000000e2080000)
  from space 5120K, 99% used [0x00000000e2580000,0x00000000e2a7a9d8,0x00000000e2a80000)
  to   space 5120K, 0% used [0x00000000e2080000,0x00000000e2080000,0x00000000e2580000)
 ParOldGen       total 87552K, used 4883K [0x00000000a0000000, 0x00000000a5580000, 0x00000000e0000000)
  object space 87552K, 5% used [0x00000000a0000000,0x00000000a04c4d70,0x00000000a5580000)
 Metaspace       used 14042K, capacity 14324K, committed 14592K, reserved 1062912K
  class space    used 1628K, capacity 1726K, committed 1792K, reserved 1048576K
}
Event: 10.914 GC heap before
{Heap before GC invocations=4 (full 1):
 PSYoungGen      total 38400K, used 37617K [0x00000000e0000000, 0x00000000e2a80000, 0x0000000100000000)
  eden space 33280K, 97% used [0x00000000e0000000,0x00000000e1fc1b98,0x00000000e2080000)
  from space 5120K, 99% used [0x00000000e2580000,0x00000000e2a7a9d8,0x00000000e2a80000)
  to   space 5120K, 0% used [0x00000000e2080000,0x00000000e2080000,0x00000000e2580000)
 ParOldGen       total 87552K, used 4883K [0x00000000a0000000, 0x00000000a5580000, 0x00000000e0000000)
  object space 87552K, 5% used [0x00000000a0000000,0x00000000a04c4d70,0x00000000a5580000)
 Metaspace       used 20848K, capacity 21178K, committed 21296K, reserved 1069056K
  class space    used 2491K, capacity 2597K, committed 2608K, reserved 1048576K
Event: 10.923 GC heap after
Heap after GC invocations=4 (full 1):
 PSYoungGen      total 38400K, used 5108K [0x00000000e0000000, 0x00000000e2a80000, 0x0000000100000000)
  eden space 33280K, 0% used [0x00000000e0000000,0x00000000e0000000,0x00000000e2080000)
  from space 5120K, 99% used [0x00000000e2080000,0x00000000e257d018,0x00000000e2580000)
  to   space 5120K, 0% used [0x00000000e2580000,0x00000000e2580000,0x00000000e2a80000)
 ParOldGen       total 87552K, used 9939K [0x00000000a0000000, 0x00000000a5580000, 0x00000000e0000000)
  object space 87552K, 11% used [0x00000000a0000000,0x00000000a09b4dc8,0x00000000a5580000)
 Metaspace       used 20848K, capacity 21178K, committed 21296K, reserved 1069056K
  class space    used 2491K, capacity 2597K, committed 2608K, reserved 1048576K
}
Event: 10.923 GC heap before
{Heap before GC invocations=5 (full 2):
 PSYoungGen      total 38400K, used 5108K [0x00000000e0000000, 0x00000000e2a80000, 0x0000000100000000)
  eden space 33280K, 0% used [0x00000000e0000000,0x00000000e0000000,0x00000000e2080000)
  from space 5120K, 99% used [0x00000000e2080000,0x00000000e257d018,0x00000000e2580000)
  to   space 5120K, 0% used [0x00000000e2580000,0x00000000e2580000,0x00000000e2a80000)
 ParOldGen       total 87552K, used 9939K [0x00000000a0000000, 0x00000000a5580000, 0x00000000e0000000)
  object space 87552K, 11% used [0x00000000a0000000,0x00000000a09b4dc8,0x00000000a5580000)
 Metaspace       used 20848K, capacity 21178K, committed 21296K, reserved 1069056K
  class space    used 2491K, capacity 2597K, committed 2608K, reserved 1048576K
Event: 10.962 GC heap after
Heap after GC invocations=5 (full 2):
 PSYoungGen      total 38400K, used 0K [0x00000000e0000000, 0x00000000e2a80000, 0x0000000100000000)
  eden space 33280K, 0% used [0x00000000e0000000,0x00000000e0000000,0x00000000e2080000)
  from space 5120K, 0% used [0x00000000e2080000,0x00000000e2080000,0x00000000e2580000)
  to   space 5120K, 0% used [0x00000000e2580000,0x00000000e2580000,0x00000000e2a80000)
 ParOldGen       total 60928K, used 11089K [0x00000000a0000000, 0x00000000a3b80000, 0x00000000e0000000)
  object space 60928K, 18% used [0x00000000a0000000,0x00000000a0ad4728,0x00000000a3b80000)
 Metaspace       used 20848K, capacity 21178K, committed 21296K, reserved 1069056K
  class space    used 2491K, capacity 2597K, committed 2608K, reserved 1048576K
}
Event: 11.479 GC heap before
{Heap before GC invocations=6 (full 2):
 PSYoungGen      total 38400K, used 33280K [0x00000000e0000000, 0x00000000e2a80000, 0x0000000100000000)
  eden space 33280K, 100% used [0x00000000e0000000,0x00000000e2080000,0x00000000e2080000)
  from space 5120K, 0% used [0x00000000e2080000,0x00000000e2080000,0x00000000e2580000)
  to   space 5120K, 0% used [0x00000000e2580000,0x00000000e2580000,0x00000000e2a80000)
 ParOldGen       total 60928K, used 11089K [0x00000000a0000000, 0x00000000a3b80000, 0x00000000e0000000)
  object space 60928K, 18% used [0x00000000a0000000,0x00000000a0ad4728,0x00000000a3b80000)
 Metaspace       used 25248K, capacity 25788K, committed 25904K, reserved 1071104K
  class space    used 3191K, capacity 3354K, committed 3376K, reserved 1048576K
Event: 11.489 GC heap after
Heap after GC invocations=6 (full 2):
 PSYoungGen      total 38400K, used 5095K [0x00000000e0000000, 0x00000000e2a80000, 0x0000000100000000)
  eden space 33280K, 0% used [0x00000000e0000000,0x00000000e0000000,0x00000000e2080000)
  from space 5120K, 99% used [0x00000000e2580000,0x00000000e2a79ff0,0x00000000e2a80000)
  to   space 5120K, 0% used [0x00000000e2080000,0x00000000e2080000,0x00000000e2580000)
 ParOldGen       total 60928K, used 13367K [0x00000000a0000000, 0x00000000a3b80000, 0x00000000e0000000)
  object space 60928K, 21% used [0x00000000a0000000,0x00000000a0d0dc28,0x00000000a3b80000)
 Metaspace       used 25248K, capacity 25788K, committed 25904K, reserved 1071104K
  class space    used 3191K, capacity 3354K, committed 3376K, reserved 1048576K
}

Deoptimization events (10 events):
Event: 10.879 Thread 0x00000000187b2000 Uncommon trap: reason=class_check action=maybe_recompile pc=0x00000000037b546c method=java.util.Collections$UnmodifiableList.get(I)Ljava/lang/Object; @ 5
Event: 10.879 Thread 0x00000000187b2000 Uncommon trap: reason=class_check action=maybe_recompile pc=0x00000000037b546c method=java.util.Collections$UnmodifiableList.get(I)Ljava/lang/Object; @ 5
Event: 10.880 Thread 0x00000000187b2000 Uncommon trap: reason=bimorphic action=maybe_recompile pc=0x00000000035ec6ec method=java.io.FilterInputStream.read([B)I @ 5
Event: 10.880 Thread 0x00000000187b2000 Uncommon trap: reason=bimorphic action=maybe_recompile pc=0x00000000035ec6ec method=java.io.FilterInputStream.read([B)I @ 5
Event: 10.880 Thread 0x00000000187b2000 Uncommon trap: reason=bimorphic action=maybe_recompile pc=0x00000000035ec6ec method=java.io.FilterInputStream.read([B)I @ 5
Event: 10.880 Thread 0x00000000187b2000 Uncommon trap: reason=class_check action=maybe_recompile pc=0x00000000037a9c80 method=java.util.Collections$UnmodifiableCollection.size()I @ 4
Event: 10.880 Thread 0x00000000187b2000 Uncommon trap: reason=class_check action=maybe_recompile pc=0x00000000037b546c method=java.util.Collections$UnmodifiableList.get(I)Ljava/lang/Object; @ 5
Event: 10.881 Thread 0x00000000187b2000 Uncommon trap: reason=class_check action=maybe_recompile pc=0x00000000037b546c method=java.util.Collections$UnmodifiableList.get(I)Ljava/lang/Object; @ 5
Event: 10.989 Thread 0x00000000187b2000 Uncommon trap: reason=range_check action=make_not_entrant pc=0x000000000378d7e0 method=sun.reflect.generics.parser.SignatureParser.current()C @ 34
Event: 11.191 Thread 0x00000000187b2000 Uncommon trap: reason=bimorphic action=maybe_recompile pc=0x00000000035ec6ec method=java.io.FilterInputStream.read([B)I @ 5

Classes redefined (0 events):
No events

Internal exceptions (10 events):
Event: 9.984 Thread 0x00000000187b2000 Exception <a 'java/lang/NoSuchMethodError': <clinit>> (0x00000000e0538ea8) thrown at [D:\src\AOSP-openjdk-cygwin\jdk8u\hotspot\src\share\vm\prims\jni.cpp, line 1613]
Event: 10.023 Thread 0x00000000187b2000 Exception <a 'java/lang/NoSuchMethodError': <clinit>> (0x00000000e06edd68) thrown at [D:\src\AOSP-openjdk-cygwin\jdk8u\hotspot\src\share\vm\prims\jni.cpp, line 1613]
Event: 10.025 Thread 0x0000000018c91000 Exception <a 'java/lang/InterruptedException'> (0x00000000e0712b48) thrown at [D:\src\AOSP-openjdk-cygwin\jdk8u\hotspot\src\share\vm\runtime\objectMonitor.cpp, line 1684]
Event: 10.308 Thread 0x00000000187b2000 Exception <a 'java/lang/ArrayIndexOutOfBoundsException'> (0x00000000e1af7590) thrown at [D:\src\AOSP-openjdk-cygwin\jdk8u\hotspot\src\share\vm\runtime\sharedRuntime.cpp, line 605]
Event: 10.415 Thread 0x00000000187b2000 Exception <a 'java/lang/ArrayIndexOutOfBoundsException'> (0x00000000e00503c8) thrown at [D:\src\AOSP-openjdk-cygwin\jdk8u\hotspot\src\share\vm\runtime\sharedRuntime.cpp, line 605]
Event: 10.755 Thread 0x00000000187b2000 Implicit null exception at 0x00000000036adf6f to 0x00000000036adfd9
Event: 10.823 Thread 0x00000000187b2000 Exception <a 'java/lang/NoSuchMethodError': java.lang.Object.lambda$comparing$77a9974f$1(Ljava/util/function/Function;Ljava/lang/Object;Ljava/lang/Object;)I> (0x00000000e1b29718) thrown at [D:\src\AOSP-openjdk-cygwin\jdk8u\hotspot\src\share\vm\interpreter
Event: 10.989 Thread 0x00000000187b2000 Exception <a 'java/lang/ArrayIndexOutOfBoundsException': 67> (0x00000000e01117c0) thrown at [D:\src\AOSP-openjdk-cygwin\jdk8u\hotspot\src\share\vm\interpreter\interpreterRuntime.cpp, line 366]
Event: 11.149 Thread 0x00000000187b2000 Exception <a 'java/lang/NoSuchMethodError': java.lang.Object.lambda$static$0(I)[Lorg/jetbrains/kotlin/com/intellij/openapi/editor/event/DocumentListener;> (0x00000000e09870e8) thrown at [D:\src\AOSP-openjdk-cygwin\jdk8u\hotspot\src\share\vm\interpreter\li
Event: 11.178 Thread 0x00000000187b2000 Exception <a 'java/lang/NoSuchMethodError': java.lang.Object.lambda$static$0(I)[Lorg/jetbrains/kotlin/com/intellij/psi/PsiAnnotation;> (0x00000000e0b712a8) thrown at [D:\src\AOSP-openjdk-cygwin\jdk8u\hotspot\src\share\vm\interpreter\linkResolver.cpp, line

Events (10 events):
Event: 11.596 loading class org/jetbrains/kotlin/resolve/scopes/receivers/ReceiverValue
Event: 11.596 loading class org/jetbrains/kotlin/resolve/scopes/receivers/ReceiverValue done
Event: 11.596 loading class org/jetbrains/kotlin/resolve/scopes/receivers/Receiver
Event: 11.596 loading class org/jetbrains/kotlin/resolve/scopes/receivers/Receiver done
Event: 11.597 loading class org/jetbrains/kotlin/util/ModuleVisibilityHelper
Event: 11.597 loading class org/jetbrains/kotlin/util/ModuleVisibilityHelper done
Event: 11.597 loading class org/jetbrains/kotlin/descriptors/Visibilities$10
Event: 11.597 loading class org/jetbrains/kotlin/descriptors/Visibilities$10 done
Event: 11.598 loading class org/jetbrains/kotlin/descriptors/Visibilities$11
Event: 11.598 loading class org/jetbrains/kotlin/descriptors/Visibilities$11 done


Dynamic libraries:
0x00007ff78c010000 - 0x00007ff78c041000 	C:\Program Files\Android\Android Studio\jre\jre\bin\java.exe
0x00007ffc36000000 - 0x00007ffc361ed000 	C:\WINDOWS\SYSTEM32\ntdll.dll
0x00007ffc35520000 - 0x00007ffc355d3000 	C:\WINDOWS\System32\KERNEL32.DLL
0x00007ffc32930000 - 0x00007ffc32bc3000 	C:\WINDOWS\System32\KERNELBASE.dll
0x00007ffc352c0000 - 0x00007ffc35363000 	C:\WINDOWS\System32\ADVAPI32.dll
0x00007ffc35a20000 - 0x00007ffc35abe000 	C:\WINDOWS\System32\msvcrt.dll
0x00007ffc34eb0000 - 0x00007ffc34f4e000 	C:\WINDOWS\System32\sechost.dll
0x00007ffc33440000 - 0x00007ffc33563000 	C:\WINDOWS\System32\RPCRT4.dll
0x00007ffc35880000 - 0x00007ffc35a17000 	C:\WINDOWS\System32\USER32.dll
0x00007ffc33210000 - 0x00007ffc33230000 	C:\WINDOWS\System32\win32u.dll
0x00007ffc34e20000 - 0x00007ffc34e49000 	C:\WINDOWS\System32\GDI32.dll
0x00007ffc32fa0000 - 0x00007ffc3313a000 	C:\WINDOWS\System32\gdi32full.dll
0x00007ffc32eb0000 - 0x00007ffc32f50000 	C:\WINDOWS\System32\msvcp_win.dll
0x00007ffc32db0000 - 0x00007ffc32eac000 	C:\WINDOWS\System32\ucrtbase.dll
0x00007ffc1f930000 - 0x00007ffc1fba9000 	C:\WINDOWS\WinSxS\amd64_microsoft.windows.common-controls_6595b64144ccf1df_6.0.17763.107_none_05b63884071e656e\COMCTL32.dll
0x00007ffc34ae0000 - 0x00007ffc34e0e000 	C:\WINDOWS\System32\combase.dll
0x00007ffc32850000 - 0x00007ffc328ce000 	C:\WINDOWS\System32\bcryptPrimitives.dll
0x00007ffc332e0000 - 0x00007ffc3330e000 	C:\WINDOWS\System32\IMM32.DLL
0x000000006bb00000 - 0x000000006bbd2000 	C:\Program Files\Android\Android Studio\jre\jre\bin\msvcr100.dll
0x000000006f9b0000 - 0x00000000701ef000 	C:\Program Files\Android\Android Studio\jre\jre\bin\server\jvm.dll
0x00007ffc350b0000 - 0x00007ffc350b8000 	C:\WINDOWS\System32\PSAPI.DLL
0x00007ffc27250000 - 0x00007ffc27274000 	C:\WINDOWS\SYSTEM32\WINMM.dll
0x00007ffc26a40000 - 0x00007ffc26a4a000 	C:\WINDOWS\SYSTEM32\VERSION.dll
0x00007ffc2ea50000 - 0x00007ffc2ea59000 	C:\WINDOWS\SYSTEM32\WSOCK32.dll
0x00007ffc355e0000 - 0x00007ffc3564d000 	C:\WINDOWS\System32\WS2_32.dll
0x00007ffc27220000 - 0x00007ffc2724d000 	C:\WINDOWS\SYSTEM32\winmmbase.dll
0x00007ffc32f50000 - 0x00007ffc32f9a000 	C:\WINDOWS\System32\cfgmgr32.dll
0x00007ffc2bf40000 - 0x00007ffc2bf4f000 	C:\Program Files\Android\Android Studio\jre\jre\bin\verify.dll
0x00007ffc1dde0000 - 0x00007ffc1de09000 	C:\Program Files\Android\Android Studio\jre\jre\bin\java.dll
0x00007ffc255c0000 - 0x00007ffc255d6000 	C:\Program Files\Android\Android Studio\jre\jre\bin\zip.dll
0x00007ffc335f0000 - 0x00007ffc34adf000 	C:\WINDOWS\System32\SHELL32.dll
0x00007ffc350e0000 - 0x00007ffc35188000 	C:\WINDOWS\System32\shcore.dll
0x00007ffc32100000 - 0x00007ffc32848000 	C:\WINDOWS\System32\windows.storage.dll
0x00007ffc32060000 - 0x00007ffc32084000 	C:\WINDOWS\System32\profapi.dll
0x00007ffc32000000 - 0x00007ffc3205d000 	C:\WINDOWS\System32\powrprof.dll
0x00007ffc35650000 - 0x00007ffc356a2000 	C:\WINDOWS\System32\shlwapi.dll
0x00007ffc32090000 - 0x00007ffc320a1000 	C:\WINDOWS\System32\kernel.appcore.dll
0x00007ffc331f0000 - 0x00007ffc33207000 	C:\WINDOWS\System32\cryptsp.dll
0x00007ffc2e0f0000 - 0x00007ffc2e0fd000 	C:\Program Files\Android\Android Studio\jre\jre\bin\management.dll
0x00007ffc1ddc0000 - 0x00007ffc1ddda000 	C:\Program Files\Android\Android Studio\jre\jre\bin\net.dll
0x00007ffc31890000 - 0x00007ffc318f7000 	C:\WINDOWS\system32\mswsock.dll
0x00007ffc18580000 - 0x00007ffc18591000 	C:\Program Files\Android\Android Studio\jre\jre\bin\nio.dll
0x00007ffc31450000 - 0x00007ffc31483000 	C:\WINDOWS\system32\rsaenh.dll
0x00007ffc320d0000 - 0x00007ffc320f6000 	C:\WINDOWS\System32\bcrypt.dll
0x00007ffc31f30000 - 0x00007ffc31f58000 	C:\WINDOWS\SYSTEM32\USERENV.dll
0x00007ffc31a60000 - 0x00007ffc31a6c000 	C:\WINDOWS\SYSTEM32\CRYPTBASE.dll
0x00007ffc315f0000 - 0x00007ffc3162d000 	C:\WINDOWS\SYSTEM32\IPHLPAPI.DLL
0x00007ffc35fc0000 - 0x00007ffc35fc8000 	C:\WINDOWS\System32\NSI.dll
0x00007ffc2a810000 - 0x00007ffc2a826000 	C:\WINDOWS\SYSTEM32\dhcpcsvc6.DLL
0x00007ffc2a4f0000 - 0x00007ffc2a50c000 	C:\WINDOWS\SYSTEM32\dhcpcsvc.DLL
0x00007ffc31640000 - 0x00007ffc31706000 	C:\WINDOWS\SYSTEM32\DNSAPI.dll

VM Arguments:
jvm_args: -Djava.awt.headless=true -Djava.rmi.server.hostname=localhost -Xmx1536m -Dkotlin.environment.keepalive 
java_command: org.jetbrains.kotlin.daemon.KotlinCompileDaemon --daemon-runFilesPath C:\Users\RAHUL TIWARI\AppData\Local\kotlin\daemon --daemon-autoshutdownIdleSeconds=7200 --daemon-compilerClasspath C:\Users\RAHUL TIWARI\.gradle\caches\modules-2\files-2.1\org.jetbrains.kotlin\kotlin-compiler-embeddable\1.2.61\8f4812486d21943cea3f170d53537e628f7eef8c\kotlin-compiler-embeddable-1.2.61.jar;C:\Users\RAHUL TIWARI\.gradle\caches\modules-2\files-2.1\org.jetbrains.kotlin\kotlin-reflect\1.2.61\6fd5bcfc9ffc446dd147ea006bee7ef5f0ad8ca4\kotlin-reflect-1.2.61.jar;C:\Users\RAHUL TIWARI\.gradle\caches\modules-2\files-2.1\org.jetbrains.kotlin\kotlin-stdlib\1.2.61\5bc44acc4b3f0d19166ae3e50454b41e8ff29335\kotlin-stdlib-1.2.61.jar;C:\Users\RAHUL TIWARI\.gradle\caches\modules-2\files-2.1\org.jetbrains.kotlin\kotlin-script-runtime\1.2.61\75e4bfc103b71324be6fc862ce806d5399508a14\kotlin-script-runtime-1.2.61.jar;C:\Users\RAHUL TIWARI\.gradle\caches\modules-2\files-2.1\org.jetbrains.kotlin\kotlin-stdlib-common\1.2.61\772de03e12d932f489e41aef997d26c20a4ebee6\kotlin-stdlib-common-1.2.61.jar;C:\Users\RAHUL TIWARI\.gradle\caches\modules-2\files-2.1\org.jetbrains\annotations\13.0\919f0dfe192fb4e063e7dacadee7f8bb9a2672a9\annotations-13.0.jar;C:\Program Files\Android\Android Studio\jre\lib\tools.jar
java_class_path (initial): C:\Users\RAHUL TIWARI\.gradle\caches\modules-2\files-2.1\org.jetbrains.kotlin\kotlin-compiler-embeddable\1.2.61\8f4812486d21943cea3f170d53537e628f7eef8c\kotlin-compiler-embeddable-1.2.61.jar;C:\Users\RAHUL TIWARI\.gradle\caches\modules-2\files-2.1\org.jetbrains.kotlin\kotlin-reflect\1.2.61\6fd5bcfc9ffc446dd147ea006bee7ef5f0ad8ca4\kotlin-reflect-1.2.61.jar;C:\Users\RAHUL TIWARI\.gradle\caches\modules-2\files-2.1\org.jetbrains.kotlin\kotlin-stdlib\1.2.61\5bc44acc4b3f0d19166ae3e50454b41e8ff29335\kotlin-stdlib-1.2.61.jar;C:\Users\RAHUL TIWARI\.gradle\caches\modules-2\files-2.1\org.jetbrains.kotlin\kotlin-script-runtime\1.2.61\75e4bfc103b71324be6fc862ce806d5399508a14\kotlin-script-runtime-1.2.61.jar;C:\Users\RAHUL TIWARI\.gradle\caches\modules-2\files-2.1\org.jetbrains.kotlin\kotlin-stdlib-common\1.2.61\772de03e12d932f489e41aef997d26c20a4ebee6\kotlin-stdlib-common-1.2.61.jar;C:\Users\RAHUL TIWARI\.gradle\caches\modules-2\files-2.1\org.jetbrains\annotations\13.0\919f0dfe192fb4e063e7dacadee7f8bb9a2672a9\annotations-13.0.jar;C:\Program Files\Android\Android Studio\jre\lib\tools.jar
Launcher Type: SUN_STANDARD

Environment Variables:
PATH=C:\Program Files\Python37\Scripts\;C:\Program Files\Python37\;C:\Python37\Scripts\;C:\Python37\;C:\oraclexe\app\oracle\product\10.2.0\server\bin;C:\ProgramData\Oracle\Java\javapath;C:\Windows\system32;C:\Windows;C:\Windows\System32\Wbem;C:\Windows\System32\WindowsPowerShell\v1.0\;C:\Program Files (x86)\NVIDIA Corporation\PhysX\Common;C:\WINDOWS\system32;C:\WINDOWS;C:\WINDOWS\System32\Wbem;C:\WINDOWS\System32\WindowsPowerShell\v1.0\;C:\Program Files\Java\jdk1.8.0_101\bin;C:\Program Files\Git\cmd;C:\oraclexe\app\oracle\product\10.2.0\server\jdbc\lib\ojdbc14.jar;.;C:\WINDOWS\System32\OpenSSH\;C:\Python37\Scripts\;C:\Users\RAHUL TIWARI\Anaconda3;C:\Users\RAHUL TIWARI\Anaconda3\Library\mingw-w64\bin;C:\Users\RAHUL TIWARI\Anaconda3\Library\usr\bin;C:\Users\RAHUL TIWARI\Anaconda3\Library\bin;C:\Users\RAHUL TIWARI\Anaconda3\Scripts;C:\oraclexe\app\oracle\product\10.2.0\server\bin;C:\ProgramData\Oracle\Java\javapath;C:\Windows\system32;C:\Windows;C:\Windows\System32\Wbem;C:\Windows\System32\WindowsPowerShell\v1.0\;C:\Program Files (x86)\NVIDIA Corporation\PhysX\Common;C:\WINDOWS\system32;C:\WINDOWS;C:\WINDOWS\System32\Wbem;C:\WINDOWS\System32\WindowsPowerShell\v1.0\;C:\Program Files\Java\jdk1.8.0_101\bin;C:\Program Files\Git\cmd;C:\oraclexe\app\oracle\product\10.2.0\server\jdbc\lib\ojdbc14.jar;.;C:\WINDOWS\System32\OpenSSH\;C:\Users\RAHUL TIWARI\AppData\Local\Microsoft\WindowsApps;C:\Users\RAHUL TIWARI\AppData\Local\GitHubDesktop\bin;C:\Program Files\Microsoft VS Code\bin;C:\Python37\;%USERPROFILE%\AppData\Local\Microsoft\WindowsApps;
USERNAME=RAHUL   TIWARI
OS=Windows_NT
PROCESSOR_IDENTIFIER=Intel64 Family 6 Model 142 Stepping 9, GenuineIntel



---------------  S Y S T E M  ---------------

OS: Windows 10.0 , 64 bit Build 17763 (10.0.17763.1)

CPU:total 4 (initial active 4) (2 cores per cpu, 2 threads per core) family 6 model 142 stepping 9, cmov, cx8, fxsr, mmx, sse, sse2, sse3, ssse3, sse4.1, sse4.2, popcnt, avx, avx2, aes, clmul, erms, 3dnowpref, lzcnt, ht, tsc, tscinvbit, bmi1, bmi2, adx

Memory: 4k page, physical 8286436k(1245708k free), swap 8286436k(2480k free)

vm_info: OpenJDK 64-Bit Server VM (25.152-b02) for windows-amd64 JRE (1.8.0_152-release-1024-b02), built by "builder" with MS VC++ 10.0 (VS2010)

time: Tue Mar 05 16:23:08 2019
elapsed time: 11 seconds (0d 0h 0m 11s)

