#
# There is insufficient memory for the Java Runtime Environment to continue.
# Native memory allocation (malloc) failed to allocate 1089216 bytes for Chunk::new
# Possible reasons:
#   The system is out of physical RAM or swap space
#   In 32 bit mode, the process size limit was hit
# Possible solutions:
#   Reduce memory load on the system
#   Increase physical memory or swap space
#   Check if swap backing store is full
#   Use 64 bit Java on a 64 bit OS
#   Decrease Java heap size (-Xmx/-Xms)
#   Decrease number of Java threads
#   Decrease Java thread stack sizes (-Xss)
#   Set larger code cache with -XX:ReservedCodeCacheSize=
# This output file may be truncated or incomplete.
#
#  Out of Memory Error (allocation.cpp:390), pid=10316, tid=0x0000000000001fa0
#
# JRE version: OpenJDK Runtime Environment (8.0_152-b02) (build 1.8.0_152-release-1024-b02)
# Java VM: OpenJDK 64-Bit Server VM (25.152-b02 mixed mode windows-amd64 compressed oops)
# Failed to write core dump. Minidumps are not enabled by default on client versions of Windows
#

---------------  T H R E A D  ---------------

Current thread (0x00000000165fc000):  JavaThread "C2 CompilerThread0" daemon [_thread_in_native, id=8096, stack(0x0000000017c50000,0x0000000017d50000)]

Stack: [0x0000000017c50000,0x0000000017d50000]
[error occurred during error reporting (printing stack bounds), id 0xc0000005]

Native frames: (J=compiled Java code, j=interpreted, Vv=VM code, C=native code)


Current CompileTask:
C2:  17563 7404       4       com.android.utils.XmlUtils::append (540 bytes)


---------------  P R O C E S S  ---------------

Java Threads: ( => current thread )
  0x00000000189c7000 JavaThread "pool-2-thread-1" [_thread_blocked, id=1412, stack(0x0000000024d30000,0x0000000024e30000)]
  0x00000000189bf800 JavaThread "stdout" daemon [_thread_in_native, id=10700, stack(0x0000000024c30000,0x0000000024d30000)]
  0x00000000189c3000 JavaThread "stderr" daemon [_thread_in_native, id=1996, stack(0x0000000024b30000,0x0000000024c30000)]
  0x00000000189c4000 JavaThread "stdout" daemon [_thread_in_native, id=12444, stack(0x0000000024a30000,0x0000000024b30000)]
  0x00000000189c2800 JavaThread "stderr" daemon [_thread_in_native, id=2732, stack(0x0000000024930000,0x0000000024a30000)]
  0x00000000189c6000 JavaThread "stdout" daemon [_thread_in_native, id=6764, stack(0x0000000024830000,0x0000000024930000)]
  0x000000001ba23000 JavaThread "stderr" daemon [_thread_in_native, id=10668, stack(0x0000000024730000,0x0000000024830000)]
  0x000000001c16d800 JavaThread "stdout" daemon [_thread_in_native, id=5184, stack(0x0000000024630000,0x0000000024730000)]
  0x000000001c16c800 JavaThread "stderr" daemon [_thread_in_native, id=11592, stack(0x0000000024530000,0x0000000024630000)]
  0x000000001c16b000 JavaThread "queued-resource-processor_4" daemon [_thread_blocked, id=724, stack(0x0000000024430000,0x0000000024530000)]
  0x000000001c16a800 JavaThread "queued-resource-processor_3" daemon [_thread_blocked, id=9352, stack(0x0000000024330000,0x0000000024430000)]
  0x000000001c169800 JavaThread "queued-resource-processor_2" daemon [_thread_blocked, id=4784, stack(0x0000000024230000,0x0000000024330000)]
  0x000000001c16f000 JavaThread "queued-resource-processor_1" daemon [_thread_blocked, id=3132, stack(0x0000000024130000,0x0000000024230000)]
  0x000000001c16c000 JavaThread "Worker Daemon Execution Thread 7" [_thread_blocked, id=7640, stack(0x0000000024030000,0x0000000024130000)]
  0x000000001c16e000 JavaThread "Worker Daemon Execution Thread 6" [_thread_blocked, id=13280, stack(0x0000000023f30000,0x0000000024030000)]
  0x000000001c162000 JavaThread "Worker Daemon Execution Thread 5" [_thread_blocked, id=11948, stack(0x0000000023e30000,0x0000000023f30000)]
  0x000000001c169000 JavaThread "Worker Daemon Execution Thread 4" [_thread_blocked, id=13192, stack(0x0000000023d30000,0x0000000023e30000)]
  0x000000001c161800 JavaThread "Worker Daemon Execution Thread 3" [_thread_blocked, id=10236, stack(0x0000000023c30000,0x0000000023d30000)]
  0x000000001c168000 JavaThread "Worker Daemon Execution Thread 2" [_thread_blocked, id=7532, stack(0x0000000023b30000,0x0000000023c30000)]
  0x000000001c167800 JavaThread "Worker Daemon Execution" [_thread_in_native, id=11536, stack(0x0000000022970000,0x0000000022a70000)]
  0x000000001c163800 JavaThread "Task worker for ':' Thread 3" [_thread_in_Java, id=13220, stack(0x0000000022870000,0x0000000022970000)]
  0x000000001c165000 JavaThread "Task worker for ':' Thread 2" [_thread_blocked, id=6048, stack(0x0000000022770000,0x0000000022870000)]
  0x000000001c160000 JavaThread "Task worker for ':'" [_thread_blocked, id=7368, stack(0x0000000022670000,0x0000000022770000)]
  0x000000001c164800 JavaThread "Cache worker for Build Output Cleanup Cache (C:\Users\RAHUL TIWARI\AndroidStudioProjects\voice_to_text\.gradle\buildOutputCleanup)" [_thread_blocked, id=2824, stack(0x0000000022570000,0x0000000022670000)]
  0x000000001c163000 JavaThread "Cache worker for task history cache (C:\Users\RAHUL TIWARI\AndroidStudioProjects\voice_to_text\.gradle\4.4\taskHistory)" [_thread_blocked, id=8276, stack(0x0000000022470000,0x0000000022570000)]
  0x000000001c160800 JavaThread "Cache worker for file content cache (C:\Users\RAHUL TIWARI\AndroidStudioProjects\voice_to_text\.gradle\4.4\fileContent)" [_thread_blocked, id=2332, stack(0x0000000021cf0000,0x0000000021df0000)]
  0x000000001ba1f000 JavaThread "Memory manager" [_thread_blocked, id=9580, stack(0x0000000020df0000,0x0000000020ef0000)]
  0x000000001ba1e800 JavaThread "pool-1-thread-1" [_thread_blocked, id=12792, stack(0x0000000020cf0000,0x0000000020df0000)]
  0x000000001ba20800 JavaThread "build operations Thread 4" [_thread_blocked, id=8372, stack(0x0000000020290000,0x0000000020390000)]
  0x000000001ba1d800 JavaThread "build operations Thread 3" [_thread_blocked, id=7436, stack(0x0000000020190000,0x0000000020290000)]
  0x000000001ba1d000 JavaThread "build operations Thread 2" [_thread_blocked, id=6812, stack(0x0000000020090000,0x0000000020190000)]
  0x000000001ba24000 JavaThread "build operations" [_thread_blocked, id=9868, stack(0x000000001ea40000,0x000000001eb40000)]
  0x000000001ba21800 JavaThread "Cache worker for Artifact transforms cache (C:\Users\RAHUL TIWARI\.gradle\caches\transforms-1)" [_thread_blocked, id=12004, stack(0x000000001e210000,0x000000001e310000)]
  0x000000001b59e800 JavaThread "Cache worker for file hash cache (C:\Users\RAHUL TIWARI\AndroidStudioProjects\voice_to_text\.gradle\4.4\fileHashes)" [_thread_blocked, id=8924, stack(0x000000001e110000,0x000000001e210000)]
  0x000000001bca8000 JavaThread "File lock request listener" [_thread_in_native, id=4712, stack(0x000000001d040000,0x000000001d140000)]
  0x000000001bcc8800 JavaThread "Cache worker for file hash cache (C:\Users\RAHUL TIWARI\.gradle\caches\4.4\fileHashes)" [_thread_blocked, id=12072, stack(0x000000001cf40000,0x000000001d040000)]
  0x00000000196d4000 JavaThread "Stdin handler" [_thread_blocked, id=7564, stack(0x000000001aca0000,0x000000001ada0000)]
  0x00000000195e1000 JavaThread "Asynchronous log dispatcher for DefaultDaemonConnection: socket connection from /127.0.0.1:49953 to /127.0.0.1:49954" [_thread_blocked, id=1548, stack(0x000000001aba0000,0x000000001aca0000)]
  0x00000000196cc000 JavaThread "Daemon worker" [_thread_blocked, id=2544, stack(0x000000001aaa0000,0x000000001aba0000)]
  0x00000000196cb000 JavaThread "Cancel handler" [_thread_blocked, id=8720, stack(0x000000001a9a0000,0x000000001aaa0000)]
  0x00000000196ed000 JavaThread "Handler for socket connection from /127.0.0.1:49953 to /127.0.0.1:49954" [_thread_in_native, id=12992, stack(0x000000001a6a0000,0x000000001a7a0000)]
  0x00000000196ec800 JavaThread "Daemon" [_thread_blocked, id=12984, stack(0x000000001a5a0000,0x000000001a6a0000)]
  0x00000000195af800 JavaThread "Daemon periodic checks" [_thread_blocked, id=1748, stack(0x000000001a4a0000,0x000000001a5a0000)]
  0x0000000019639000 JavaThread "Incoming local TCP Connector on port 49953" [_thread_in_native, id=2384, stack(0x000000001a260000,0x000000001a360000)]
  0x0000000017f7d000 JavaThread "Service Thread" daemon [_thread_blocked, id=7200, stack(0x0000000018350000,0x0000000018450000)]
  0x0000000016605800 JavaThread "C1 CompilerThread2" daemon [_thread_blocked, id=2228, stack(0x0000000017e50000,0x0000000017f50000)]
  0x0000000016600000 JavaThread "C2 CompilerThread1" daemon [_thread_in_native, id=7912, stack(0x0000000017d50000,0x0000000017e50000)]
=>0x00000000165fc000 JavaThread "C2 CompilerThread0" daemon [_thread_in_native, id=8096, stack(0x0000000017c50000,0x0000000017d50000)]
  0x00000000165fa800 JavaThread "Attach Listener" daemon [_thread_blocked, id=7552, stack(0x0000000017b50000,0x0000000017c50000)]
  0x00000000165f9000 JavaThread "Signal Dispatcher" daemon [_thread_blocked, id=8936, stack(0x0000000017a50000,0x0000000017b50000)]
  0x0000000002c0c000 JavaThread "Finalizer" daemon [_thread_blocked, id=9968, stack(0x0000000017850000,0x0000000017950000)]
  0x0000000002c01800 JavaThread "Reference Handler" daemon [_thread_blocked, id=10592, stack(0x0000000017750000,0x0000000017850000)]
  0x0000000002b12800 JavaThread "main" [_thread_blocked, id=2000, stack(0x0000000001230000,0x0000000001330000)]

Other Threads:
  0x00000000165c5000 VMThread [stack: 0x0000000017650000,0x0000000017750000] [id=512]
  0x0000000017f7e800 WatcherThread [stack: 0x0000000018450000,0x0000000018550000] [id=8172]

VM state:not at safepoint (normal execution)

VM Mutex/Monitor currently owned by a thread: None

Heap:
 PSYoungGen      total 130048K, used 51696K [0x00000000e0000000, 0x00000000eb880000, 0x0000000100000000)
  eden space 113152K, 30% used [0x00000000e0000000,0x00000000e21fcd40,0x00000000e6e80000)
  from space 16896K, 99% used [0x00000000e6e80000,0x00000000e7eff3b0,0x00000000e7f00000)
  to   space 23040K, 0% used [0x00000000ea200000,0x00000000ea200000,0x00000000eb880000)
 ParOldGen       total 95744K, used 33802K [0x00000000a0000000, 0x00000000a5d80000, 0x00000000e0000000)
  object space 95744K, 35% used [0x00000000a0000000,0x00000000a2102af0,0x00000000a5d80000)
 Metaspace       used 57052K, capacity 58698K, committed 58840K, reserved 1099776K
  class space    used 7671K, capacity 8088K, committed 8192K, reserved 1048576K

Card table byte_map: [0x0000000012050000,0x0000000012360000] byte_map_base: 0x0000000011b50000

Marking Bits: (ParMarkBitMap*) 0x0000000070174970
 Begin Bits: [0x0000000012960000, 0x0000000014160000)
 End Bits:   [0x0000000014160000, 0x0000000015960000)

Polling page: 0x00000000009f0000

CodeCache: size=245760Kb used=20901Kb max_used=20901Kb free=224859Kb
 bounds [0x0000000002c90000, 0x0000000004110000, 0x0000000011c90000]
 total_blobs=7282 nmethods=6466 adapters=728
 compilation: enabled

Compilation events (10 events):
Event: 17.482 Thread 0x0000000016605800 7427       1       com.google.common.cache.LocalCache$2::poll (2 bytes)
Event: 17.482 Thread 0x0000000016605800 nmethod 7427 0x00000000040d5710 code [0x00000000040d5860, 0x00000000040d5970]
Event: 17.490 Thread 0x0000000016605800 7430       3       java.io.Writer::<init> (22 bytes)
Event: 17.490 Thread 0x0000000016605800 nmethod 7430 0x00000000040ce610 code [0x00000000040ce780, 0x00000000040cea48]
Event: 17.522 Thread 0x0000000016605800 7432       3       java.util.stream.StreamOpFlag::combineOpFlags (9 bytes)
Event: 17.523 Thread 0x0000000016605800 nmethod 7432 0x00000000040cdd50 code [0x00000000040cdec0, 0x00000000040ce0d0]
Event: 17.523 Thread 0x0000000016605800 7433       1       java.util.ArrayList$ArrayListSpliterator::characteristics (4 bytes)
Event: 17.523 Thread 0x0000000016605800 nmethod 7433 0x00000000040cda90 code [0x00000000040cdbe0, 0x00000000040cdcf0]
Event: 17.547 Thread 0x0000000016605800 7434       3       java.util.stream.ReduceOps$3ReducingSink::accept (15 bytes)
Event: 17.547 Thread 0x0000000016605800 nmethod 7434 0x00000000040cd650 code [0x00000000040cd7c0, 0x00000000040cd9e8]

GC Heap History (10 events):
Event: 8.179 GC heap before
{Heap before GC invocations=11 (full 2):
 PSYoungGen      total 82432K, used 8628K [0x00000000e0000000, 0x00000000e7180000, 0x0000000100000000)
  eden space 71168K, 0% used [0x00000000e0000000,0x00000000e0000000,0x00000000e4580000)
  from space 11264K, 76% used [0x00000000e4580000,0x00000000e4ded228,0x00000000e5080000)
  to   space 11264K, 0% used [0x00000000e6680000,0x00000000e6680000,0x00000000e7180000)
 ParOldGen       total 62464K, used 8421K [0x00000000a0000000, 0x00000000a3d00000, 0x00000000e0000000)
  object space 62464K, 13% used [0x00000000a0000000,0x00000000a0839790,0x00000000a3d00000)
 Metaspace       used 34698K, capacity 35260K, committed 35416K, reserved 1079296K
  class space    used 4780K, capacity 4972K, committed 4992K, reserved 1048576K
Event: 8.259 GC heap after
Heap after GC invocations=11 (full 2):
 PSYoungGen      total 82432K, used 0K [0x00000000e0000000, 0x00000000e7180000, 0x0000000100000000)
  eden space 71168K, 0% used [0x00000000e0000000,0x00000000e0000000,0x00000000e4580000)
  from space 11264K, 0% used [0x00000000e4580000,0x00000000e4580000,0x00000000e5080000)
  to   space 11264K, 0% used [0x00000000e6680000,0x00000000e6680000,0x00000000e7180000)
 ParOldGen       total 95744K, used 15313K [0x00000000a0000000, 0x00000000a5d80000, 0x00000000e0000000)
  object space 95744K, 15% used [0x00000000a0000000,0x00000000a0ef4610,0x00000000a5d80000)
 Metaspace       used 34698K, capacity 35260K, committed 35416K, reserved 1079296K
  class space    used 4780K, capacity 4972K, committed 4992K, reserved 1048576K
}
Event: 8.932 GC heap before
{Heap before GC invocations=12 (full 2):
 PSYoungGen      total 82432K, used 71168K [0x00000000e0000000, 0x00000000e7180000, 0x0000000100000000)
  eden space 71168K, 100% used [0x00000000e0000000,0x00000000e4580000,0x00000000e4580000)
  from space 11264K, 0% used [0x00000000e4580000,0x00000000e4580000,0x00000000e5080000)
  to   space 11264K, 0% used [0x00000000e6680000,0x00000000e6680000,0x00000000e7180000)
 ParOldGen       total 95744K, used 15313K [0x00000000a0000000, 0x00000000a5d80000, 0x00000000e0000000)
  object space 95744K, 15% used [0x00000000a0000000,0x00000000a0ef4610,0x00000000a5d80000)
 Metaspace       used 38362K, capacity 39056K, committed 39256K, reserved 1083392K
  class space    used 5232K, capacity 5466K, committed 5504K, reserved 1048576K
Event: 8.945 GC heap after
Heap after GC invocations=12 (full 2):
 PSYoungGen      total 100864K, used 6742K [0x00000000e0000000, 0x00000000e6f80000, 0x0000000100000000)
  eden space 91648K, 0% used [0x00000000e0000000,0x00000000e0000000,0x00000000e5980000)
  from space 9216K, 73% used [0x00000000e6680000,0x00000000e6d159f8,0x00000000e6f80000)
  to   space 11264K, 0% used [0x00000000e5980000,0x00000000e5980000,0x00000000e6480000)
 ParOldGen       total 95744K, used 15313K [0x00000000a0000000, 0x00000000a5d80000, 0x00000000e0000000)
  object space 95744K, 15% used [0x00000000a0000000,0x00000000a0ef4610,0x00000000a5d80000)
 Metaspace       used 38362K, capacity 39056K, committed 39256K, reserved 1083392K
  class space    used 5232K, capacity 5466K, committed 5504K, reserved 1048576K
}
Event: 10.489 GC heap before
{Heap before GC invocations=13 (full 2):
 PSYoungGen      total 100864K, used 98390K [0x00000000e0000000, 0x00000000e6f80000, 0x0000000100000000)
  eden space 91648K, 100% used [0x00000000e0000000,0x00000000e5980000,0x00000000e5980000)
  from space 9216K, 73% used [0x00000000e6680000,0x00000000e6d159f8,0x00000000e6f80000)
  to   space 11264K, 0% used [0x00000000e5980000,0x00000000e5980000,0x00000000e6480000)
 ParOldGen       total 95744K, used 15313K [0x00000000a0000000, 0x00000000a5d80000, 0x00000000e0000000)
  object space 95744K, 15% used [0x00000000a0000000,0x00000000a0ef4610,0x00000000a5d80000)
 Metaspace       used 46561K, capacity 47464K, committed 47832K, reserved 1091584K
  class space    used 6313K, capacity 6569K, committed 6656K, reserved 1048576K
Event: 10.505 GC heap after
Heap after GC invocations=13 (full 2):
 PSYoungGen      total 102912K, used 11244K [0x00000000e0000000, 0x00000000e8c00000, 0x0000000100000000)
  eden space 91648K, 0% used [0x00000000e0000000,0x00000000e0000000,0x00000000e5980000)
  from space 11264K, 99% used [0x00000000e5980000,0x00000000e647b388,0x00000000e6480000)
  to   space 13312K, 0% used [0x00000000e7f00000,0x00000000e7f00000,0x00000000e8c00000)
 ParOldGen       total 95744K, used 18445K [0x00000000a0000000, 0x00000000a5d80000, 0x00000000e0000000)
  object space 95744K, 19% used [0x00000000a0000000,0x00000000a1203488,0x00000000a5d80000)
 Metaspace       used 46561K, capacity 47464K, committed 47832K, reserved 1091584K
  class space    used 6313K, capacity 6569K, committed 6656K, reserved 1048576K
}
Event: 12.138 GC heap before
{Heap before GC invocations=14 (full 2):
 PSYoungGen      total 102912K, used 102892K [0x00000000e0000000, 0x00000000e8c00000, 0x0000000100000000)
  eden space 91648K, 100% used [0x00000000e0000000,0x00000000e5980000,0x00000000e5980000)
  from space 11264K, 99% used [0x00000000e5980000,0x00000000e647b388,0x00000000e6480000)
  to   space 13312K, 0% used [0x00000000e7f00000,0x00000000e7f00000,0x00000000e8c00000)
 ParOldGen       total 95744K, used 18445K [0x00000000a0000000, 0x00000000a5d80000, 0x00000000e0000000)
  object space 95744K, 19% used [0x00000000a0000000,0x00000000a1203488,0x00000000a5d80000)
 Metaspace       used 53249K, capacity 54892K, committed 55000K, reserved 1097728K
  class space    used 7266K, capacity 7661K, committed 7680K, reserved 1048576K
Event: 12.163 GC heap after
Heap after GC invocations=14 (full 2):
 PSYoungGen      total 126464K, used 13294K [0x00000000e0000000, 0x00000000e9300000, 0x0000000100000000)
  eden space 113152K, 0% used [0x00000000e0000000,0x00000000e0000000,0x00000000e6e80000)
  from space 13312K, 99% used [0x00000000e7f00000,0x00000000e8bfbbe8,0x00000000e8c00000)
  to   space 16896K, 0% used [0x00000000e6e80000,0x00000000e6e80000,0x00000000e7f00000)
 ParOldGen       total 95744K, used 23752K [0x00000000a0000000, 0x00000000a5d80000, 0x00000000e0000000)
  object space 95744K, 24% used [0x00000000a0000000,0x00000000a1732178,0x00000000a5d80000)
 Metaspace       used 53249K, capacity 54892K, committed 55000K, reserved 1097728K
  class space    used 7266K, capacity 7661K, committed 7680K, reserved 1048576K
}
Event: 16.107 GC heap before
{Heap before GC invocations=15 (full 2):
 PSYoungGen      total 126464K, used 126446K [0x00000000e0000000, 0x00000000e9300000, 0x0000000100000000)
  eden space 113152K, 100% used [0x00000000e0000000,0x00000000e6e80000,0x00000000e6e80000)
  from space 13312K, 99% used [0x00000000e7f00000,0x00000000e8bfbbe8,0x00000000e8c00000)
  to   space 16896K, 0% used [0x00000000e6e80000,0x00000000e6e80000,0x00000000e7f00000)
 ParOldGen       total 95744K, used 23752K [0x00000000a0000000, 0x00000000a5d80000, 0x00000000e0000000)
  object space 95744K, 24% used [0x00000000a0000000,0x00000000a1732178,0x00000000a5d80000)
 Metaspace       used 55897K, capacity 57578K, committed 57944K, reserved 1099776K
  class space    used 7552K, capacity 7952K, committed 8064K, reserved 1048576K
Event: 16.157 GC heap after
Heap after GC invocations=15 (full 2):
 PSYoungGen      total 130048K, used 16892K [0x00000000e0000000, 0x00000000eb880000, 0x0000000100000000)
  eden space 113152K, 0% used [0x00000000e0000000,0x00000000e0000000,0x00000000e6e80000)
  from space 16896K, 99% used [0x00000000e6e80000,0x00000000e7eff3b0,0x00000000e7f00000)
  to   space 23040K, 0% used [0x00000000ea200000,0x00000000ea200000,0x00000000eb880000)
 ParOldGen       total 95744K, used 33802K [0x00000000a0000000, 0x00000000a5d80000, 0x00000000e0000000)
  object space 95744K, 35% used [0x00000000a0000000,0x00000000a2102af0,0x00000000a5d80000)
 Metaspace       used 55897K, capacity 57578K, committed 57944K, reserved 1099776K
  class space    used 7552K, capacity 7952K, committed 8064K, reserved 1048576K
}

Deoptimization events (10 events):
Event: 16.610 Thread 0x000000001c167800 Uncommon trap: reason=class_check action=maybe_recompile pc=0x000000000405bfb8 method=com.sun.org.apache.xerces.internal.dom.NamedNodeMapImpl.findNamePoint(Ljava/lang/String;I)I @ 51
Event: 16.610 Thread 0x000000001c167800 Uncommon trap: reason=class_check action=maybe_recompile pc=0x000000000405bfb8 method=com.sun.org.apache.xerces.internal.dom.NamedNodeMapImpl.findNamePoint(Ljava/lang/String;I)I @ 51
Event: 16.610 Thread 0x000000001c161800 Uncommon trap: reason=class_check action=maybe_recompile pc=0x000000000405bfb8 method=com.sun.org.apache.xerces.internal.dom.NamedNodeMapImpl.findNamePoint(Ljava/lang/String;I)I @ 51
Event: 16.614 Thread 0x000000001c167800 Uncommon trap: reason=class_check action=maybe_recompile pc=0x0000000004099420 method=com.sun.org.apache.xerces.internal.dom.NamedNodeMapImpl.item(I)Lorg/w3c/dom/Node; @ 30
Event: 16.614 Thread 0x000000001c167800 Uncommon trap: reason=class_check action=maybe_recompile pc=0x0000000004099420 method=com.sun.org.apache.xerces.internal.dom.NamedNodeMapImpl.item(I)Lorg/w3c/dom/Node; @ 30
Event: 16.614 Thread 0x000000001c167800 Uncommon trap: reason=class_check action=maybe_recompile pc=0x0000000004099420 method=com.sun.org.apache.xerces.internal.dom.NamedNodeMapImpl.item(I)Lorg/w3c/dom/Node; @ 30
Event: 16.614 Thread 0x000000001c167800 Uncommon trap: reason=class_check action=maybe_recompile pc=0x0000000004099420 method=com.sun.org.apache.xerces.internal.dom.NamedNodeMapImpl.item(I)Lorg/w3c/dom/Node; @ 30
Event: 16.998 Thread 0x000000001c163800 Uncommon trap: reason=class_check action=maybe_recompile pc=0x0000000002f93294 method=com.sun.org.apache.xerces.internal.dom.NamedNodeMapImpl.item(I)Lorg/w3c/dom/Node; @ 33
Event: 16.998 Thread 0x000000001c163800 Uncommon trap: reason=class_check action=maybe_recompile pc=0x0000000002f93294 method=com.sun.org.apache.xerces.internal.dom.NamedNodeMapImpl.item(I)Lorg/w3c/dom/Node; @ 33
Event: 17.042 Thread 0x000000001c163800 Uncommon trap: reason=null_check action=make_not_entrant pc=0x0000000003ebf42c method=com.android.ide.common.res2.NodeUtils.processSingleNodeNamespace(Lorg/w3c/dom/Node;Lorg/w3c/dom/Document;)Z @ 8

Classes redefined (0 events):
No events

Internal exceptions (10 events):
Event: 16.090 Thread 0x000000001c163800 Exception <a 'java/lang/NoSuchMethodError': <clinit>> (0x00000000e6cdfe10) thrown at [D:\src\AOSP-openjdk-cygwin\jdk8u\hotspot\src\share\vm\prims\jni.cpp, line 1613]
Event: 16.093 Thread 0x000000001c163800 Exception <a 'java/lang/NoSuchMethodError': <clinit>> (0x00000000e6cfc9b0) thrown at [D:\src\AOSP-openjdk-cygwin\jdk8u\hotspot\src\share\vm\prims\jni.cpp, line 1613]
Event: 16.093 Thread 0x000000001c163800 Exception <a 'java/lang/NoSuchMethodError': <clinit>> (0x00000000e6d048f8) thrown at [D:\src\AOSP-openjdk-cygwin\jdk8u\hotspot\src\share\vm\prims\jni.cpp, line 1613]
Event: 16.093 Thread 0x000000001c163800 Exception <a 'java/lang/NoSuchMethodError': <clinit>> (0x00000000e6d07a38) thrown at [D:\src\AOSP-openjdk-cygwin\jdk8u\hotspot\src\share\vm\prims\jni.cpp, line 1613]
Event: 16.094 Thread 0x000000001c163800 Exception <a 'java/lang/NoSuchMethodError': <clinit>> (0x00000000e6d1bde8) thrown at [D:\src\AOSP-openjdk-cygwin\jdk8u\hotspot\src\share\vm\prims\jni.cpp, line 1613]
Event: 16.096 Thread 0x000000001c163800 Exception <a 'java/lang/NoSuchMethodError': <clinit>> (0x00000000e6d35d88) thrown at [D:\src\AOSP-openjdk-cygwin\jdk8u\hotspot\src\share\vm\prims\jni.cpp, line 1613]
Event: 16.097 Thread 0x000000001c163800 Exception <a 'java/lang/NoSuchMethodError': <clinit>> (0x00000000e6d48610) thrown at [D:\src\AOSP-openjdk-cygwin\jdk8u\hotspot\src\share\vm\prims\jni.cpp, line 1613]
Event: 17.042 Thread 0x000000001c163800 Implicit null exception at 0x0000000003ebf0d7 to 0x0000000003ebf41d
Event: 17.134 Thread 0x000000001c167800 Exception <a 'java/io/FileNotFoundException'> (0x00000000e1c14268) thrown at [D:\src\AOSP-openjdk-cygwin\jdk8u\hotspot\src\share\vm\prims\jni.cpp, line 709]
Event: 17.477 Thread 0x000000001c167800 Exception <a 'java/lang/ClassNotFoundException': sun/dc/DuctusRenderingEngine> (0x00000000e209a048) thrown at [D:\src\AOSP-openjdk-cygwin\jdk8u\hotspot\src\share\vm\classfile\systemDictionary.cpp, line 210]

Events (10 events):
Event: 17.521 loading class sun/java2d/pipe/AlphaColorPipe
Event: 17.531 loading class sun/java2d/pipe/CompositePipe
Event: 17.532 loading class sun/java2d/pipe/CompositePipe done
Event: 17.532 loading class sun/java2d/pipe/AlphaColorPipe done
Event: 17.532 loading class sun/java2d/SurfaceData$PixelToShapeLoopConverter
Event: 17.532 loading class sun/java2d/pipe/PixelToShapeConverter
Event: 17.532 loading class sun/java2d/pipe/PixelToShapeConverter done
Event: 17.532 loading class sun/java2d/SurfaceData$PixelToShapeLoopConverter done
Event: 17.532 loading class sun/java2d/SurfaceData$PixelToPgramLoopConverter
Event: 17.543 loading class sun/java2d/pipe/PixelToParallelogramConverter


Dynamic libraries:
0x00007ff77ecf0000 - 0x00007ff77ed21000 	C:\Program Files\Android\Android Studio\jre\bin\java.exe
0x00007ffc36000000 - 0x00007ffc361ed000 	C:\WINDOWS\SYSTEM32\ntdll.dll
0x00007ffc35520000 - 0x00007ffc355d3000 	C:\WINDOWS\System32\KERNEL32.DLL
0x00007ffc32930000 - 0x00007ffc32bc3000 	C:\WINDOWS\System32\KERNELBASE.dll
0x00007ffc352c0000 - 0x00007ffc35363000 	C:\WINDOWS\System32\ADVAPI32.dll
0x00007ffc35a20000 - 0x00007ffc35abe000 	C:\WINDOWS\System32\msvcrt.dll
0x00007ffc34eb0000 - 0x00007ffc34f4e000 	C:\WINDOWS\System32\sechost.dll
0x00007ffc33440000 - 0x00007ffc33563000 	C:\WINDOWS\System32\RPCRT4.dll
0x00007ffc35880000 - 0x00007ffc35a17000 	C:\WINDOWS\System32\USER32.dll
0x00007ffc33210000 - 0x00007ffc33230000 	C:\WINDOWS\System32\win32u.dll
0x00007ffc34e20000 - 0x00007ffc34e49000 	C:\WINDOWS\System32\GDI32.dll
0x00007ffc32fa0000 - 0x00007ffc3313a000 	C:\WINDOWS\System32\gdi32full.dll
0x00007ffc32eb0000 - 0x00007ffc32f50000 	C:\WINDOWS\System32\msvcp_win.dll
0x00007ffc32db0000 - 0x00007ffc32eac000 	C:\WINDOWS\System32\ucrtbase.dll
0x00007ffc1f930000 - 0x00007ffc1fba9000 	C:\WINDOWS\WinSxS\amd64_microsoft.windows.common-controls_6595b64144ccf1df_6.0.17763.107_none_05b63884071e656e\COMCTL32.dll
0x00007ffc34ae0000 - 0x00007ffc34e0e000 	C:\WINDOWS\System32\combase.dll
0x00007ffc32850000 - 0x00007ffc328ce000 	C:\WINDOWS\System32\bcryptPrimitives.dll
0x00007ffc332e0000 - 0x00007ffc3330e000 	C:\WINDOWS\System32\IMM32.DLL
0x000000006bb00000 - 0x000000006bbd2000 	C:\Program Files\Android\Android Studio\jre\jre\bin\msvcr100.dll
0x000000006f9b0000 - 0x00000000701ef000 	C:\Program Files\Android\Android Studio\jre\jre\bin\server\jvm.dll
0x00007ffc350b0000 - 0x00007ffc350b8000 	C:\WINDOWS\System32\PSAPI.DLL
0x00007ffc2ea50000 - 0x00007ffc2ea59000 	C:\WINDOWS\SYSTEM32\WSOCK32.dll
0x00007ffc27250000 - 0x00007ffc27274000 	C:\WINDOWS\SYSTEM32\WINMM.dll
0x00007ffc26a40000 - 0x00007ffc26a4a000 	C:\WINDOWS\SYSTEM32\VERSION.dll
0x00007ffc355e0000 - 0x00007ffc3564d000 	C:\WINDOWS\System32\WS2_32.dll
0x00007ffc27220000 - 0x00007ffc2724d000 	C:\WINDOWS\SYSTEM32\winmmbase.dll
0x00007ffc32f50000 - 0x00007ffc32f9a000 	C:\WINDOWS\System32\cfgmgr32.dll
0x00007ffc2bf40000 - 0x00007ffc2bf4f000 	C:\Program Files\Android\Android Studio\jre\jre\bin\verify.dll
0x00007ffc1dde0000 - 0x00007ffc1de09000 	C:\Program Files\Android\Android Studio\jre\jre\bin\java.dll
0x00007ffc255c0000 - 0x00007ffc255d6000 	C:\Program Files\Android\Android Studio\jre\jre\bin\zip.dll
0x00007ffc335f0000 - 0x00007ffc34adf000 	C:\WINDOWS\System32\SHELL32.dll
0x00007ffc350e0000 - 0x00007ffc35188000 	C:\WINDOWS\System32\shcore.dll
0x00007ffc32100000 - 0x00007ffc32848000 	C:\WINDOWS\System32\windows.storage.dll
0x00007ffc32060000 - 0x00007ffc32084000 	C:\WINDOWS\System32\profapi.dll
0x00007ffc32000000 - 0x00007ffc3205d000 	C:\WINDOWS\System32\powrprof.dll
0x00007ffc35650000 - 0x00007ffc356a2000 	C:\WINDOWS\System32\shlwapi.dll
0x00007ffc32090000 - 0x00007ffc320a1000 	C:\WINDOWS\System32\kernel.appcore.dll
0x00007ffc331f0000 - 0x00007ffc33207000 	C:\WINDOWS\System32\cryptsp.dll
0x00007ffc1ddc0000 - 0x00007ffc1ddda000 	C:\Program Files\Android\Android Studio\jre\jre\bin\net.dll
0x00007ffc31890000 - 0x00007ffc318f7000 	C:\WINDOWS\system32\mswsock.dll
0x00007ffc18580000 - 0x00007ffc18591000 	C:\Program Files\Android\Android Studio\jre\jre\bin\nio.dll
0x00007ffc16360000 - 0x00007ffc1637e000 	C:\Users\RAHUL TIWARI\.gradle\native\25\windows-amd64\native-platform.dll
0x00007ffc2e0f0000 - 0x00007ffc2e0fd000 	C:\Program Files\Android\Android Studio\jre\jre\bin\management.dll
0x00007ffc31450000 - 0x00007ffc31483000 	C:\WINDOWS\system32\rsaenh.dll
0x00007ffc320d0000 - 0x00007ffc320f6000 	C:\WINDOWS\System32\bcrypt.dll
0x00007ffc31f30000 - 0x00007ffc31f58000 	C:\WINDOWS\SYSTEM32\USERENV.dll
0x00007ffc31a60000 - 0x00007ffc31a6c000 	C:\WINDOWS\SYSTEM32\CRYPTBASE.dll
0x00007ffc315f0000 - 0x00007ffc3162d000 	C:\WINDOWS\SYSTEM32\IPHLPAPI.DLL
0x00007ffc35fc0000 - 0x00007ffc35fc8000 	C:\WINDOWS\System32\NSI.dll
0x00007ffc2a810000 - 0x00007ffc2a826000 	C:\WINDOWS\SYSTEM32\dhcpcsvc6.DLL
0x00007ffc2a4f0000 - 0x00007ffc2a50c000 	C:\WINDOWS\SYSTEM32\dhcpcsvc.DLL
0x00007ffc31640000 - 0x00007ffc31706000 	C:\WINDOWS\SYSTEM32\DNSAPI.dll
0x00007ffbef4a0000 - 0x00007ffbef636000 	C:\Program Files\Android\Android Studio\jre\jre\bin\awt.dll
0x00007ffc35190000 - 0x00007ffc3525b000 	C:\WINDOWS\System32\OLEAUT32.dll
0x00007ffc2ed80000 - 0x00007ffc2f33e000 	C:\WINDOWS\SYSTEM32\d2d1.dll
0x00007ffc2ff30000 - 0x00007ffc2ffbc000 	C:\WINDOWS\SYSTEM32\apphelp.dll

VM Arguments:
jvm_args: -Xmx1536m -Dfile.encoding=windows-1252 -Duser.country=IN -Duser.language=en -Duser.variant 
java_command: org.gradle.launcher.daemon.bootstrap.GradleDaemon 4.4
java_class_path (initial): C:\Users\RAHUL TIWARI\.gradle\wrapper\dists\gradle-4.4-all\9br9xq1tocpiv8o6njlyu5op1\gradle-4.4\lib\gradle-launcher-4.4.jar
Launcher Type: SUN_STANDARD

Environment Variables:
PATH=C:\Program Files\Python37\Scripts\;C:\Program Files\Python37\;C:\Python37\Scripts\;C:\Python37\;C:\oraclexe\app\oracle\product\10.2.0\server\bin;C:\ProgramData\Oracle\Java\javapath;C:\Windows\system32;C:\Windows;C:\Windows\System32\Wbem;C:\Windows\System32\WindowsPowerShell\v1.0\;C:\Program Files (x86)\NVIDIA Corporation\PhysX\Common;C:\WINDOWS\system32;C:\WINDOWS;C:\WINDOWS\System32\Wbem;C:\WINDOWS\System32\WindowsPowerShell\v1.0\;C:\Program Files\Java\jdk1.8.0_101\bin;C:\Program Files\Git\cmd;C:\oraclexe\app\oracle\product\10.2.0\server\jdbc\lib\ojdbc14.jar;.;C:\WINDOWS\System32\OpenSSH\;C:\Python37\Scripts\;C:\Users\RAHUL TIWARI\Anaconda3;C:\Users\RAHUL TIWARI\Anaconda3\Library\mingw-w64\bin;C:\Users\RAHUL TIWARI\Anaconda3\Library\usr\bin;C:\Users\RAHUL TIWARI\Anaconda3\Library\bin;C:\Users\RAHUL TIWARI\Anaconda3\Scripts;C:\oraclexe\app\oracle\product\10.2.0\server\bin;C:\ProgramData\Oracle\Java\javapath;C:\Windows\system32;C:\Windows;C:\Windows\System32\Wbem;C:\Windows\System32\WindowsPowerShell\v1.0\;C:\Program Files (x86)\NVIDIA Corporation\PhysX\Common;C:\WINDOWS\system32;C:\WINDOWS;C:\WINDOWS\System32\Wbem;C:\WINDOWS\System32\WindowsPowerShell\v1.0\;C:\Program Files\Java\jdk1.8.0_101\bin;C:\Program Files\Git\cmd;C:\oraclexe\app\oracle\product\10.2.0\server\jdbc\lib\ojdbc14.jar;.;C:\WINDOWS\System32\OpenSSH\;C:\Users\RAHUL TIWARI\AppData\Local\Microsoft\WindowsApps;C:\Users\RAHUL TIWARI\AppData\Local\GitHubDesktop\bin;C:\Program Files\Microsoft VS Code\bin;C:\Python37\;%USERPROFILE%\AppData\Local\Microsoft\WindowsApps;
USERNAME=RAHUL   TIWARI
OS=Windows_NT
PROCESSOR_IDENTIFIER=Intel64 Family 6 Model 142 Stepping 9, GenuineIntel



---------------  S Y S T E M  ---------------

OS: Windows 10.0 , 64 bit Build 17763 (10.0.17763.1)

CPU:total 4 (initial active 4) (2 cores per cpu, 2 threads per core) family 6 model 142 stepping 9, cmov, cx8, fxsr, mmx, sse, sse2, sse3, ssse3, sse4.1, sse4.2, popcnt, avx, avx2, aes, clmul, erms, 3dnowpref, lzcnt, ht, tsc, tscinvbit, bmi1, bmi2, adx

Memory: 4k page, physical 8286436k(1267780k free), swap 8286436k(5264k free)

vm_info: OpenJDK 64-Bit Server VM (25.152-b02) for windows-amd64 JRE (1.8.0_152-release-1024-b02), built by "builder" with MS VC++ 10.0 (VS2010)

time: Tue Mar 05 16:46:26 2019
elapsed time: 17 seconds (0d 0h 0m 17s)

