#
# There is insufficient memory for the Java Runtime Environment to continue.
# Native memory allocation (malloc) failed to allocate 1115088 bytes for Chunk::new
# Possible reasons:
#   The system is out of physical RAM or swap space
#   In 32 bit mode, the process size limit was hit
# Possible solutions:
#   Reduce memory load on the system
#   Increase physical memory or swap space
#   Check if swap backing store is full
#   Use 64 bit Java on a 64 bit OS
#   Decrease Java heap size (-Xmx/-Xms)
#   Decrease number of Java threads
#   Decrease Java thread stack sizes (-Xss)
#   Set larger code cache with -XX:ReservedCodeCacheSize=
# This output file may be truncated or incomplete.
#
#  Out of Memory Error (allocation.cpp:390), pid=13280, tid=0x00000000000020a4
#
# JRE version: OpenJDK Runtime Environment (8.0_152-b02) (build 1.8.0_152-release-1024-b02)
# Java VM: OpenJDK 64-Bit Server VM (25.152-b02 mixed mode windows-amd64 compressed oops)
# Failed to write core dump. Minidumps are not enabled by default on client versions of Windows
#

---------------  T H R E A D  ---------------

Current thread (0x000000001686d000):  JavaThread "C2 CompilerThread0" daemon [_thread_in_native, id=8356, stack(0x0000000017ee0000,0x0000000017fe0000)]

Stack: [0x0000000017ee0000,0x0000000017fe0000]
[error occurred during error reporting (printing stack bounds), id 0xc0000005]

Native frames: (J=compiled Java code, j=interpreted, Vv=VM code, C=native code)


Current CompileTask:
C2:  13782 6277       4       java.io.ObjectOutputStream::writeClassDesc (60 bytes)


---------------  P R O C E S S  ---------------

Java Threads: ( => current thread )
  0x000000001fb4a000 JavaThread "Task worker for ':' Thread 3" [_thread_in_vm, id=7592, stack(0x00000000235e0000,0x00000000236e0000)]
  0x000000001fb49000 JavaThread "Task worker for ':' Thread 2" [_thread_blocked, id=508, stack(0x00000000234e0000,0x00000000235e0000)]
  0x000000001fb47000 JavaThread "Task worker for ':'" [_thread_blocked, id=4624, stack(0x00000000233e0000,0x00000000234e0000)]
  0x000000001fb4a800 JavaThread "Cache worker for Build Output Cleanup Cache (C:\Users\RAHUL TIWARI\AndroidStudioProjects\voice_to_text\.gradle\buildOutputCleanup)" [_thread_blocked, id=7540, stack(0x00000000232e0000,0x00000000233e0000)]
  0x000000001fb45800 JavaThread "Cache worker for task history cache (C:\Users\RAHUL TIWARI\AndroidStudioProjects\voice_to_text\.gradle\4.4\taskHistory)" [_thread_blocked, id=2784, stack(0x00000000231e0000,0x00000000232e0000)]
  0x000000001fb47800 JavaThread "Cache worker for file content cache (C:\Users\RAHUL TIWARI\AndroidStudioProjects\voice_to_text\.gradle\4.4\fileContent)" [_thread_blocked, id=12084, stack(0x00000000228c0000,0x00000000229c0000)]
  0x000000001d05a000 JavaThread "Memory manager" [_thread_blocked, id=4072, stack(0x0000000020ff0000,0x00000000210f0000)]
  0x000000001d060000 JavaThread "pool-1-thread-1" [_thread_blocked, id=11600, stack(0x0000000020cf0000,0x0000000020df0000)]
  0x000000001d05f800 JavaThread "build operations Thread 4" [_thread_blocked, id=7920, stack(0x00000000204e0000,0x00000000205e0000)]
  0x000000001d05b800 JavaThread "build operations Thread 3" [_thread_blocked, id=9192, stack(0x00000000203e0000,0x00000000204e0000)]
  0x000000001d061000 JavaThread "build operations Thread 2" [_thread_blocked, id=7292, stack(0x00000000202e0000,0x00000000203e0000)]
  0x000000001d05e800 JavaThread "build operations" [_thread_blocked, id=11892, stack(0x00000000201e0000,0x00000000202e0000)]
  0x000000001d05e000 JavaThread "Cache worker for Artifact transforms cache (C:\Users\RAHUL TIWARI\.gradle\caches\transforms-1)" [_thread_blocked, id=6712, stack(0x000000001d6d0000,0x000000001d7d0000)]
  0x0000000019a7e000 JavaThread "Cache worker for file hash cache (C:\Users\RAHUL TIWARI\AndroidStudioProjects\voice_to_text\.gradle\4.4\fileHashes)" [_thread_blocked, id=10316, stack(0x000000001c400000,0x000000001c500000)]
  0x0000000019add000 JavaThread "File lock request listener" [_thread_in_native, id=11536, stack(0x000000001b330000,0x000000001b430000)]
  0x0000000019c54800 JavaThread "Cache worker for file hash cache (C:\Users\RAHUL TIWARI\.gradle\caches\4.4\fileHashes)" [_thread_blocked, id=9360, stack(0x000000001b230000,0x000000001b330000)]
  0x0000000019aa4800 JavaThread "Stdin handler" [_thread_blocked, id=8480, stack(0x000000001af30000,0x000000001b030000)]
  0x0000000019abd800 JavaThread "Asynchronous log dispatcher for DefaultDaemonConnection: socket connection from /127.0.0.1:50107 to /127.0.0.1:50108" [_thread_blocked, id=11128, stack(0x000000001ae30000,0x000000001af30000)]
  0x000000001979a800 JavaThread "Daemon worker" [_thread_blocked, id=1772, stack(0x000000001ad30000,0x000000001ae30000)]
  0x000000001979a000 JavaThread "Cancel handler" [_thread_blocked, id=12396, stack(0x000000001ac30000,0x000000001ad30000)]
  0x00000000184c4000 JavaThread "Handler for socket connection from /127.0.0.1:50107 to /127.0.0.1:50108" [_thread_in_native, id=9488, stack(0x000000001a930000,0x000000001aa30000)]
  0x0000000019a00800 JavaThread "Daemon" [_thread_blocked, id=996, stack(0x000000001a830000,0x000000001a930000)]
  0x0000000019a14000 JavaThread "Daemon periodic checks" [_thread_blocked, id=13136, stack(0x000000001a730000,0x000000001a830000)]
  0x0000000019517000 JavaThread "Incoming local TCP Connector on port 50107" [_thread_in_native, id=3876, stack(0x000000001a4f0000,0x000000001a5f0000)]
  0x000000001821e000 JavaThread "Service Thread" daemon [_thread_blocked, id=10464, stack(0x00000000185e0000,0x00000000186e0000)]
  0x0000000016878000 JavaThread "C1 CompilerThread2" daemon [_thread_blocked, id=12556, stack(0x00000000180e0000,0x00000000181e0000)]
  0x0000000016871000 JavaThread "C2 CompilerThread1" daemon [_thread_in_native, id=10088, stack(0x0000000017fe0000,0x00000000180e0000)]
=>0x000000001686d000 JavaThread "C2 CompilerThread0" daemon [_thread_in_native, id=8356, stack(0x0000000017ee0000,0x0000000017fe0000)]
  0x000000001686b800 JavaThread "Attach Listener" daemon [_thread_blocked, id=3556, stack(0x0000000017de0000,0x0000000017ee0000)]
  0x000000001686a800 JavaThread "Signal Dispatcher" daemon [_thread_blocked, id=7256, stack(0x0000000017ce0000,0x0000000017de0000)]
  0x0000000002efc800 JavaThread "Finalizer" daemon [_thread_blocked, id=5500, stack(0x0000000017ae0000,0x0000000017be0000)]
  0x0000000002ef1800 JavaThread "Reference Handler" daemon [_thread_blocked, id=12824, stack(0x00000000179e0000,0x0000000017ae0000)]
  0x0000000002e02800 JavaThread "main" [_thread_blocked, id=5324, stack(0x0000000002d00000,0x0000000002e00000)]

Other Threads:
  0x0000000016835000 VMThread [stack: 0x00000000178e0000,0x00000000179e0000] [id=10068]
  0x00000000168ce800 WatcherThread [stack: 0x00000000186e0000,0x00000000187e0000] [id=4776]

VM state:not at safepoint (normal execution)

VM Mutex/Monitor currently owned by a thread: None

Heap:
 PSYoungGen      total 133632K, used 106408K [0x00000000e0000000, 0x00000000ea580000, 0x0000000100000000)
  eden space 122368K, 77% used [0x00000000e0000000,0x00000000e5cedfd8,0x00000000e7780000)
  from space 11264K, 99% used [0x00000000e7780000,0x00000000e827c058,0x00000000e8280000)
  to   space 14336K, 0% used [0x00000000e9780000,0x00000000e9780000,0x00000000ea580000)
 ParOldGen       total 89600K, used 19880K [0x00000000a0000000, 0x00000000a5780000, 0x00000000e0000000)
  object space 89600K, 22% used [0x00000000a0000000,0x00000000a136a128,0x00000000a5780000)
 Metaspace       used 54463K, capacity 56022K, committed 56152K, reserved 1097728K
  class space    used 7401K, capacity 7772K, committed 7808K, reserved 1048576K

Card table byte_map: [0x00000000122c0000,0x00000000125d0000] byte_map_base: 0x0000000011dc0000

Marking Bits: (ParMarkBitMap*) 0x0000000070174970
 Begin Bits: [0x0000000012bd0000, 0x00000000143d0000)
 End Bits:   [0x00000000143d0000, 0x0000000015bd0000)

Polling page: 0x0000000000fe0000

CodeCache: size=245760Kb used=18471Kb max_used=18471Kb free=227288Kb
 bounds [0x0000000002f00000, 0x0000000004120000, 0x0000000011f00000]
 total_blobs=6524 nmethods=5755 adapters=681
 compilation: enabled

Compilation events (10 events):
Event: 13.687 Thread 0x0000000016878000 6483       1       java.util.concurrent.TimeUnit$2::toMillis (6 bytes)
Event: 13.687 Thread 0x0000000016878000 nmethod 6483 0x0000000004118ad0 code [0x0000000004118c20, 0x0000000004118d50]
Event: 13.687 Thread 0x0000000016878000 6484       3       com.google.common.cache.AbstractCache$SimpleStatsCounter::recordHits (12 bytes)
Event: 13.688 Thread 0x0000000016878000 nmethod 6484 0x0000000004118dd0 code [0x0000000004118f40, 0x0000000004119128]
Event: 13.737 Thread 0x0000000016878000 6485       3       java.util.ArrayDeque$DeqIterator::<init> (37 bytes)
Event: 13.737 Thread 0x0000000016878000 nmethod 6485 0x0000000004119210 code [0x0000000004119380, 0x0000000004119570]
Event: 13.738 Thread 0x0000000016878000 6486       3       java.util.LinkedList::push (6 bytes)
Event: 13.738 Thread 0x0000000016878000 nmethod 6486 0x0000000004119650 code [0x00000000041197c0, 0x00000000041199a8]
Event: 13.779 Thread 0x0000000016878000 6489       1       com.google.common.cache.CacheBuilder$1::recordMisses (1 bytes)
Event: 13.779 Thread 0x0000000016878000 nmethod 6489 0x0000000004119a90 code [0x0000000004119be0, 0x0000000004119cf0]

GC Heap History (10 events):
Event: 7.530 GC heap before
{Heap before GC invocations=9 (full 1):
 PSYoungGen      total 71168K, used 67868K [0x00000000e0000000, 0x00000000e6980000, 0x0000000100000000)
  eden space 60928K, 100% used [0x00000000e0000000,0x00000000e3b80000,0x00000000e3b80000)
  from space 10240K, 67% used [0x00000000e3b80000,0x00000000e4247240,0x00000000e4580000)
  to   space 10240K, 0% used [0x00000000e5f80000,0x00000000e5f80000,0x00000000e6980000)
 ParOldGen       total 59904K, used 8107K [0x00000000a0000000, 0x00000000a3a80000, 0x00000000e0000000)
  object space 59904K, 13% used [0x00000000a0000000,0x00000000a07eaec8,0x00000000a3a80000)
 Metaspace       used 33146K, capacity 33750K, committed 33792K, reserved 1079296K
  class space    used 4615K, capacity 4829K, committed 4864K, reserved 1048576K
Event: 7.556 GC heap after
Heap after GC invocations=9 (full 1):
 PSYoungGen      total 96256K, used 10234K [0x00000000e0000000, 0x00000000e7700000, 0x0000000100000000)
  eden space 86016K, 0% used [0x00000000e0000000,0x00000000e0000000,0x00000000e5400000)
  from space 10240K, 99% used [0x00000000e5f80000,0x00000000e697e960,0x00000000e6980000)
  to   space 11776K, 0% used [0x00000000e5400000,0x00000000e5400000,0x00000000e5f80000)
 ParOldGen       total 59904K, used 8549K [0x00000000a0000000, 0x00000000a3a80000, 0x00000000e0000000)
  object space 59904K, 14% used [0x00000000a0000000,0x00000000a08597c0,0x00000000a3a80000)
 Metaspace       used 33146K, capacity 33750K, committed 33792K, reserved 1079296K
  class space    used 4615K, capacity 4829K, committed 4864K, reserved 1048576K
}
Event: 7.814 GC heap before
{Heap before GC invocations=10 (full 1):
 PSYoungGen      total 96256K, used 21159K [0x00000000e0000000, 0x00000000e7700000, 0x0000000100000000)
  eden space 86016K, 12% used [0x00000000e0000000,0x00000000e0aab3e8,0x00000000e5400000)
  from space 10240K, 99% used [0x00000000e5f80000,0x00000000e697e960,0x00000000e6980000)
  to   space 11776K, 0% used [0x00000000e5400000,0x00000000e5400000,0x00000000e5f80000)
 ParOldGen       total 59904K, used 8549K [0x00000000a0000000, 0x00000000a3a80000, 0x00000000e0000000)
  object space 59904K, 14% used [0x00000000a0000000,0x00000000a08597c0,0x00000000a3a80000)
 Metaspace       used 34690K, capacity 35260K, committed 35416K, reserved 1079296K
  class space    used 4780K, capacity 4972K, committed 4992K, reserved 1048576K
Event: 7.830 GC heap after
Heap after GC invocations=10 (full 1):
 PSYoungGen      total 97792K, used 6813K [0x00000000e0000000, 0x00000000e8f80000, 0x0000000100000000)
  eden space 86016K, 0% used [0x00000000e0000000,0x00000000e0000000,0x00000000e5400000)
  from space 11776K, 57% used [0x00000000e5400000,0x00000000e5aa7400,0x00000000e5f80000)
  to   space 11264K, 0% used [0x00000000e8480000,0x00000000e8480000,0x00000000e8f80000)
 ParOldGen       total 59904K, used 10174K [0x00000000a0000000, 0x00000000a3a80000, 0x00000000e0000000)
  object space 59904K, 16% used [0x00000000a0000000,0x00000000a09ef850,0x00000000a3a80000)
 Metaspace       used 34690K, capacity 35260K, committed 35416K, reserved 1079296K
  class space    used 4780K, capacity 4972K, committed 4992K, reserved 1048576K
}
Event: 7.830 GC heap before
{Heap before GC invocations=11 (full 2):
 PSYoungGen      total 97792K, used 6813K [0x00000000e0000000, 0x00000000e8f80000, 0x0000000100000000)
  eden space 86016K, 0% used [0x00000000e0000000,0x00000000e0000000,0x00000000e5400000)
  from space 11776K, 57% used [0x00000000e5400000,0x00000000e5aa7400,0x00000000e5f80000)
  to   space 11264K, 0% used [0x00000000e8480000,0x00000000e8480000,0x00000000e8f80000)
 ParOldGen       total 59904K, used 10174K [0x00000000a0000000, 0x00000000a3a80000, 0x00000000e0000000)
  object space 59904K, 16% used [0x00000000a0000000,0x00000000a09ef850,0x00000000a3a80000)
 Metaspace       used 34690K, capacity 35260K, committed 35416K, reserved 1079296K
  class space    used 4780K, capacity 4972K, committed 4992K, reserved 1048576K
Event: 7.970 GC heap after
Heap after GC invocations=11 (full 2):
 PSYoungGen      total 97792K, used 0K [0x00000000e0000000, 0x00000000e8f80000, 0x0000000100000000)
  eden space 86016K, 0% used [0x00000000e0000000,0x00000000e0000000,0x00000000e5400000)
  from space 11776K, 0% used [0x00000000e5400000,0x00000000e5400000,0x00000000e5f80000)
  to   space 11264K, 0% used [0x00000000e8480000,0x00000000e8480000,0x00000000e8f80000)
 ParOldGen       total 89600K, used 14973K [0x00000000a0000000, 0x00000000a5780000, 0x00000000e0000000)
  object space 89600K, 16% used [0x00000000a0000000,0x00000000a0e9f6a8,0x00000000a5780000)
 Metaspace       used 34690K, capacity 35260K, committed 35416K, reserved 1079296K
  class space    used 4780K, capacity 4972K, committed 4992K, reserved 1048576K
}
Event: 8.990 GC heap before
{Heap before GC invocations=12 (full 2):
 PSYoungGen      total 97792K, used 86016K [0x00000000e0000000, 0x00000000e8f80000, 0x0000000100000000)
  eden space 86016K, 100% used [0x00000000e0000000,0x00000000e5400000,0x00000000e5400000)
  from space 11776K, 0% used [0x00000000e5400000,0x00000000e5400000,0x00000000e5f80000)
  to   space 11264K, 0% used [0x00000000e8480000,0x00000000e8480000,0x00000000e8f80000)
 ParOldGen       total 89600K, used 14973K [0x00000000a0000000, 0x00000000a5780000, 0x00000000e0000000)
  object space 89600K, 16% used [0x00000000a0000000,0x00000000a0e9f6a8,0x00000000a5780000)
 Metaspace       used 39798K, capacity 40538K, committed 40792K, reserved 1085440K
  class space    used 5405K, capacity 5655K, committed 5760K, reserved 1048576K
Event: 9.006 GC heap after
Heap after GC invocations=12 (full 2):
 PSYoungGen      total 120320K, used 8951K [0x00000000e0000000, 0x00000000e8d80000, 0x0000000100000000)
  eden space 111104K, 0% used [0x00000000e0000000,0x00000000e0000000,0x00000000e6c80000)
  from space 9216K, 97% used [0x00000000e8480000,0x00000000e8d3dee8,0x00000000e8d80000)
  to   space 11264K, 0% used [0x00000000e7780000,0x00000000e7780000,0x00000000e8280000)
 ParOldGen       total 89600K, used 14981K [0x00000000a0000000, 0x00000000a5780000, 0x00000000e0000000)
  object space 89600K, 16% used [0x00000000a0000000,0x00000000a0ea16a8,0x00000000a5780000)
 Metaspace       used 39798K, capacity 40538K, committed 40792K, reserved 1085440K
  class space    used 5405K, capacity 5655K, committed 5760K, reserved 1048576K
}
Event: 11.275 GC heap before
{Heap before GC invocations=13 (full 2):
 PSYoungGen      total 120320K, used 120055K [0x00000000e0000000, 0x00000000e8d80000, 0x0000000100000000)
  eden space 111104K, 100% used [0x00000000e0000000,0x00000000e6c80000,0x00000000e6c80000)
  from space 9216K, 97% used [0x00000000e8480000,0x00000000e8d3dee8,0x00000000e8d80000)
  to   space 11264K, 0% used [0x00000000e7780000,0x00000000e7780000,0x00000000e8280000)
 ParOldGen       total 89600K, used 14981K [0x00000000a0000000, 0x00000000a5780000, 0x00000000e0000000)
  object space 89600K, 16% used [0x00000000a0000000,0x00000000a0ea16a8,0x00000000a5780000)
 Metaspace       used 49269K, capacity 50644K, committed 50904K, reserved 1093632K
  class space    used 6679K, capacity 7065K, committed 7168K, reserved 1048576K
Event: 11.297 GC heap after
Heap after GC invocations=13 (full 2):
 PSYoungGen      total 133632K, used 11248K [0x00000000e0000000, 0x00000000ea580000, 0x0000000100000000)
  eden space 122368K, 0% used [0x00000000e0000000,0x00000000e0000000,0x00000000e7780000)
  from space 11264K, 99% used [0x00000000e7780000,0x00000000e827c058,0x00000000e8280000)
  to   space 14336K, 0% used [0x00000000e9780000,0x00000000e9780000,0x00000000ea580000)
 ParOldGen       total 89600K, used 19880K [0x00000000a0000000, 0x00000000a5780000, 0x00000000e0000000)
  object space 89600K, 22% used [0x00000000a0000000,0x00000000a136a128,0x00000000a5780000)
 Metaspace       used 49269K, capacity 50644K, committed 50904K, reserved 1093632K
  class space    used 6679K, capacity 7065K, committed 7168K, reserved 1048576K
}

Deoptimization events (10 events):
Event: 13.341 Thread 0x000000001fb4a000 Uncommon trap: reason=unstable_if action=reinterpret pc=0x0000000003c3b048 method=java.util.HashMap$HashIterator.<init>(Ljava/util/HashMap;)V @ 45
Event: 13.341 Thread 0x000000001fb4a000 Uncommon trap: reason=unstable_if action=reinterpret pc=0x0000000003db404c method=java.util.HashMap$HashIterator.<init>(Ljava/util/HashMap;)V @ 45
Event: 13.343 Thread 0x000000001fb4a000 Uncommon trap: reason=class_check action=maybe_recompile pc=0x000000000319155c method=com.google.common.collect.AbstractIterator.tryToComputeNext()Z @ 9
Event: 13.343 Thread 0x000000001fb4a000 Uncommon trap: reason=class_check action=maybe_recompile pc=0x000000000317ccb4 method=com.google.common.collect.RegularImmutableAsList.get(I)Ljava/lang/Object; @ 5
Event: 13.343 Thread 0x000000001fb4a000 Uncommon trap: reason=class_check action=maybe_recompile pc=0x000000000319155c method=com.google.common.collect.AbstractIterator.tryToComputeNext()Z @ 9
Event: 13.359 Thread 0x000000001fb4a000 Uncommon trap: reason=bimorphic action=maybe_recompile pc=0x00000000037db6e0 method=com.google.common.collect.NaturalOrdering.compare(Ljava/lang/Comparable;Ljava/lang/Comparable;)I @ 12
Event: 13.359 Thread 0x000000001fb4a000 Uncommon trap: reason=bimorphic action=maybe_recompile pc=0x00000000037db6e0 method=com.google.common.collect.NaturalOrdering.compare(Ljava/lang/Comparable;Ljava/lang/Comparable;)I @ 12
Event: 13.505 Thread 0x000000001fb4a000 Uncommon trap: reason=class_check action=maybe_recompile pc=0x000000000317ccb4 method=com.google.common.collect.RegularImmutableAsList.get(I)Ljava/lang/Object; @ 5
Event: 13.506 Thread 0x000000001fb4a000 Uncommon trap: reason=class_check action=maybe_recompile pc=0x000000000317ccb4 method=com.google.common.collect.RegularImmutableAsList.get(I)Ljava/lang/Object; @ 5
Event: 13.556 Thread 0x000000001fb45800 Uncommon trap: reason=class_check action=maybe_recompile pc=0x00000000037e2be0 method=java.io.BufferedInputStream.read1([BII)I @ 39

Classes redefined (0 events):
No events

Internal exceptions (10 events):
Event: 12.263 Thread 0x000000001979a800 Exception <a 'java/lang/ClassNotFoundException': org/gradle/model/internal/core/NodeBackedModelMapCustomizer> (0x00000000e2b6c4f0) thrown at [D:\src\AOSP-openjdk-cygwin\jdk8u\hotspot\src\share\vm\classfile\systemDictionary.cpp, line 210]
Event: 12.265 Thread 0x000000001979a800 Exception <a 'java/lang/ClassNotFoundException': org/gradle/platform/base/BinaryContainer_ImplCustomizer> (0x00000000e2bcf938) thrown at [D:\src\AOSP-openjdk-cygwin\jdk8u\hotspot\src\share\vm\classfile\systemDictionary.cpp, line 210]
Event: 12.341 Thread 0x000000001979a800 Implicit null exception at 0x00000000034e4622 to 0x00000000034e4b61
Event: 12.522 Thread 0x000000001fb4a000 Exception <a 'java/lang/NoSuchMethodError': <clinit>> (0x00000000e39e8b50) thrown at [D:\src\AOSP-openjdk-cygwin\jdk8u\hotspot\src\share\vm\prims\jni.cpp, line 1613]
Event: 12.522 Thread 0x000000001fb4a000 Exception <a 'java/lang/NoSuchMethodError': <clinit>> (0x00000000e39f3dd0) thrown at [D:\src\AOSP-openjdk-cygwin\jdk8u\hotspot\src\share\vm\prims\jni.cpp, line 1613]
Event: 12.540 Thread 0x000000001fb4a000 Exception <a 'java/lang/NoSuchMethodError': <clinit>> (0x00000000e3a7a170) thrown at [D:\src\AOSP-openjdk-cygwin\jdk8u\hotspot\src\share\vm\prims\jni.cpp, line 1613]
Event: 12.542 Thread 0x000000001fb4a000 Exception <a 'java/lang/NoSuchMethodError': <clinit>> (0x00000000e3a8cf78) thrown at [D:\src\AOSP-openjdk-cygwin\jdk8u\hotspot\src\share\vm\prims\jni.cpp, line 1613]
Event: 12.542 Thread 0x000000001fb4a000 Exception <a 'java/lang/NoSuchMethodError': <clinit>> (0x00000000e3a8e828) thrown at [D:\src\AOSP-openjdk-cygwin\jdk8u\hotspot\src\share\vm\prims\jni.cpp, line 1613]
Event: 13.525 Thread 0x000000001fb4a000 Exception <a 'java/lang/NoSuchMethodError': <clinit>> (0x00000000e5819528) thrown at [D:\src\AOSP-openjdk-cygwin\jdk8u\hotspot\src\share\vm\prims\jni.cpp, line 1613]
Event: 13.528 Thread 0x000000001fb4a000 Exception <a 'java/lang/NoSuchMethodError': <clinit>> (0x00000000e5823638) thrown at [D:\src\AOSP-openjdk-cygwin\jdk8u\hotspot\src\share\vm\prims\jni.cpp, line 1613]

Events (10 events):
Event: 13.552 loading class com/android/build/gradle/tasks/MergeResources$Flag done
Event: 13.553 loading class com/android/builder/model/SourceProvider
Event: 13.553 loading class com/android/builder/model/SourceProvider done
Event: 13.556 Thread 0x000000001fb45800 Uncommon trap: trap_request=0xffffffde fr.pc=0x00000000037e2be0
Event: 13.556 Executing VM operation: RevokeBias
Event: 13.556 Executing VM operation: RevokeBias done
Event: 13.556 Thread 0x000000001fb45800 DEOPT PACKING pc=0x00000000037e2be0 sp=0x00000000232de390
Event: 13.556 Thread 0x000000001fb45800 DEOPT UNPACKING pc=0x0000000002f4557b sp=0x00000000232de2b8 mode 2
Event: 13.567 loading class org/gradle/api/internal/changedetection/state/SetValueSnapshot
Event: 13.567 loading class org/gradle/api/internal/changedetection/state/SetValueSnapshot done


Dynamic libraries:
0x00007ff77ecf0000 - 0x00007ff77ed21000 	C:\Program Files\Android\Android Studio\jre\bin\java.exe
0x00007ffc36000000 - 0x00007ffc361ed000 	C:\WINDOWS\SYSTEM32\ntdll.dll
0x00007ffc35520000 - 0x00007ffc355d3000 	C:\WINDOWS\System32\KERNEL32.DLL
0x00007ffc32930000 - 0x00007ffc32bc3000 	C:\WINDOWS\System32\KERNELBASE.dll
0x00007ffc352c0000 - 0x00007ffc35363000 	C:\WINDOWS\System32\ADVAPI32.dll
0x00007ffc35a20000 - 0x00007ffc35abe000 	C:\WINDOWS\System32\msvcrt.dll
0x00007ffc34eb0000 - 0x00007ffc34f4e000 	C:\WINDOWS\System32\sechost.dll
0x00007ffc33440000 - 0x00007ffc33563000 	C:\WINDOWS\System32\RPCRT4.dll
0x00007ffc35880000 - 0x00007ffc35a17000 	C:\WINDOWS\System32\USER32.dll
0x00007ffc33210000 - 0x00007ffc33230000 	C:\WINDOWS\System32\win32u.dll
0x00007ffc34e20000 - 0x00007ffc34e49000 	C:\WINDOWS\System32\GDI32.dll
0x00007ffc32fa0000 - 0x00007ffc3313a000 	C:\WINDOWS\System32\gdi32full.dll
0x00007ffc32eb0000 - 0x00007ffc32f50000 	C:\WINDOWS\System32\msvcp_win.dll
0x00007ffc32db0000 - 0x00007ffc32eac000 	C:\WINDOWS\System32\ucrtbase.dll
0x00007ffc1f930000 - 0x00007ffc1fba9000 	C:\WINDOWS\WinSxS\amd64_microsoft.windows.common-controls_6595b64144ccf1df_6.0.17763.107_none_05b63884071e656e\COMCTL32.dll
0x00007ffc34ae0000 - 0x00007ffc34e0e000 	C:\WINDOWS\System32\combase.dll
0x00007ffc32850000 - 0x00007ffc328ce000 	C:\WINDOWS\System32\bcryptPrimitives.dll
0x00007ffc332e0000 - 0x00007ffc3330e000 	C:\WINDOWS\System32\IMM32.DLL
0x000000006bb00000 - 0x000000006bbd2000 	C:\Program Files\Android\Android Studio\jre\jre\bin\msvcr100.dll
0x000000006f9b0000 - 0x00000000701ef000 	C:\Program Files\Android\Android Studio\jre\jre\bin\server\jvm.dll
0x00007ffc350b0000 - 0x00007ffc350b8000 	C:\WINDOWS\System32\PSAPI.DLL
0x00007ffc27250000 - 0x00007ffc27274000 	C:\WINDOWS\SYSTEM32\WINMM.dll
0x00007ffc2ea50000 - 0x00007ffc2ea59000 	C:\WINDOWS\SYSTEM32\WSOCK32.dll
0x00007ffc26a40000 - 0x00007ffc26a4a000 	C:\WINDOWS\SYSTEM32\VERSION.dll
0x00007ffc355e0000 - 0x00007ffc3564d000 	C:\WINDOWS\System32\WS2_32.dll
0x00007ffc27220000 - 0x00007ffc2724d000 	C:\WINDOWS\SYSTEM32\WINMMBASE.dll
0x00007ffc32f50000 - 0x00007ffc32f9a000 	C:\WINDOWS\System32\cfgmgr32.dll
0x00007ffc2bf40000 - 0x00007ffc2bf4f000 	C:\Program Files\Android\Android Studio\jre\jre\bin\verify.dll
0x00007ffc1dde0000 - 0x00007ffc1de09000 	C:\Program Files\Android\Android Studio\jre\jre\bin\java.dll
0x00007ffc255c0000 - 0x00007ffc255d6000 	C:\Program Files\Android\Android Studio\jre\jre\bin\zip.dll
0x00007ffc335f0000 - 0x00007ffc34adf000 	C:\WINDOWS\System32\SHELL32.dll
0x00007ffc350e0000 - 0x00007ffc35188000 	C:\WINDOWS\System32\shcore.dll
0x00007ffc32100000 - 0x00007ffc32848000 	C:\WINDOWS\System32\windows.storage.dll
0x00007ffc32060000 - 0x00007ffc32084000 	C:\WINDOWS\System32\profapi.dll
0x00007ffc32000000 - 0x00007ffc3205d000 	C:\WINDOWS\System32\powrprof.dll
0x00007ffc35650000 - 0x00007ffc356a2000 	C:\WINDOWS\System32\shlwapi.dll
0x00007ffc32090000 - 0x00007ffc320a1000 	C:\WINDOWS\System32\kernel.appcore.dll
0x00007ffc331f0000 - 0x00007ffc33207000 	C:\WINDOWS\System32\cryptsp.dll
0x00007ffc1ddc0000 - 0x00007ffc1ddda000 	C:\Program Files\Android\Android Studio\jre\jre\bin\net.dll
0x00007ffc31890000 - 0x00007ffc318f7000 	C:\WINDOWS\system32\mswsock.dll
0x00007ffc18580000 - 0x00007ffc18591000 	C:\Program Files\Android\Android Studio\jre\jre\bin\nio.dll
0x00007ffc16360000 - 0x00007ffc1637e000 	C:\Users\RAHUL TIWARI\.gradle\native\25\windows-amd64\native-platform.dll
0x00007ffc2e0f0000 - 0x00007ffc2e0fd000 	C:\Program Files\Android\Android Studio\jre\jre\bin\management.dll
0x00007ffc31450000 - 0x00007ffc31483000 	C:\WINDOWS\system32\rsaenh.dll
0x00007ffc320d0000 - 0x00007ffc320f6000 	C:\WINDOWS\System32\bcrypt.dll
0x00007ffc31f30000 - 0x00007ffc31f58000 	C:\WINDOWS\SYSTEM32\USERENV.dll
0x00007ffc31a60000 - 0x00007ffc31a6c000 	C:\WINDOWS\SYSTEM32\CRYPTBASE.dll
0x00007ffc315f0000 - 0x00007ffc3162d000 	C:\WINDOWS\SYSTEM32\IPHLPAPI.DLL
0x00007ffc35fc0000 - 0x00007ffc35fc8000 	C:\WINDOWS\System32\NSI.dll
0x00007ffc2a810000 - 0x00007ffc2a826000 	C:\WINDOWS\SYSTEM32\dhcpcsvc6.DLL
0x00007ffc2a4f0000 - 0x00007ffc2a50c000 	C:\WINDOWS\SYSTEM32\dhcpcsvc.DLL
0x00007ffc31640000 - 0x00007ffc31706000 	C:\WINDOWS\SYSTEM32\DNSAPI.dll

VM Arguments:
jvm_args: -Xmx1536m -Dfile.encoding=windows-1252 -Duser.country=IN -Duser.language=en -Duser.variant 
java_command: org.gradle.launcher.daemon.bootstrap.GradleDaemon 4.4
java_class_path (initial): C:\Users\RAHUL TIWARI\.gradle\wrapper\dists\gradle-4.4-all\9br9xq1tocpiv8o6njlyu5op1\gradle-4.4\lib\gradle-launcher-4.4.jar
Launcher Type: SUN_STANDARD

Environment Variables:
PATH=C:\Program Files\Python37\Scripts\;C:\Program Files\Python37\;C:\Python37\Scripts\;C:\Python37\;C:\oraclexe\app\oracle\product\10.2.0\server\bin;C:\ProgramData\Oracle\Java\javapath;C:\Windows\system32;C:\Windows;C:\Windows\System32\Wbem;C:\Windows\System32\WindowsPowerShell\v1.0\;C:\Program Files (x86)\NVIDIA Corporation\PhysX\Common;C:\WINDOWS\system32;C:\WINDOWS;C:\WINDOWS\System32\Wbem;C:\WINDOWS\System32\WindowsPowerShell\v1.0\;C:\Program Files\Java\jdk1.8.0_101\bin;C:\Program Files\Git\cmd;C:\oraclexe\app\oracle\product\10.2.0\server\jdbc\lib\ojdbc14.jar;.;C:\WINDOWS\System32\OpenSSH\;C:\Python37\Scripts\;C:\Users\RAHUL TIWARI\Anaconda3;C:\Users\RAHUL TIWARI\Anaconda3\Library\mingw-w64\bin;C:\Users\RAHUL TIWARI\Anaconda3\Library\usr\bin;C:\Users\RAHUL TIWARI\Anaconda3\Library\bin;C:\Users\RAHUL TIWARI\Anaconda3\Scripts;C:\oraclexe\app\oracle\product\10.2.0\server\bin;C:\ProgramData\Oracle\Java\javapath;C:\Windows\system32;C:\Windows;C:\Windows\System32\Wbem;C:\Windows\System32\WindowsPowerShell\v1.0\;C:\Program Files (x86)\NVIDIA Corporation\PhysX\Common;C:\WINDOWS\system32;C:\WINDOWS;C:\WINDOWS\System32\Wbem;C:\WINDOWS\System32\WindowsPowerShell\v1.0\;C:\Program Files\Java\jdk1.8.0_101\bin;C:\Program Files\Git\cmd;C:\oraclexe\app\oracle\product\10.2.0\server\jdbc\lib\ojdbc14.jar;.;C:\WINDOWS\System32\OpenSSH\;C:\Users\RAHUL TIWARI\AppData\Local\Microsoft\WindowsApps;C:\Users\RAHUL TIWARI\AppData\Local\GitHubDesktop\bin;C:\Program Files\Microsoft VS Code\bin;C:\Python37\;%USERPROFILE%\AppData\Local\Microsoft\WindowsApps;
USERNAME=RAHUL   TIWARI
OS=Windows_NT
PROCESSOR_IDENTIFIER=Intel64 Family 6 Model 142 Stepping 9, GenuineIntel



---------------  S Y S T E M  ---------------

OS: Windows 10.0 , 64 bit Build 17763 (10.0.17763.1)

CPU:total 4 (initial active 4) (2 cores per cpu, 2 threads per core) family 6 model 142 stepping 9, cmov, cx8, fxsr, mmx, sse, sse2, sse3, ssse3, sse4.1, sse4.2, popcnt, avx, avx2, aes, clmul, erms, 3dnowpref, lzcnt, ht, tsc, tscinvbit, bmi1, bmi2, adx

Memory: 4k page, physical 8286436k(1409972k free), swap 8286436k(5356k free)

vm_info: OpenJDK 64-Bit Server VM (25.152-b02) for windows-amd64 JRE (1.8.0_152-release-1024-b02), built by "builder" with MS VC++ 10.0 (VS2010)

time: Tue Mar 05 16:50:16 2019
elapsed time: 13 seconds (0d 0h 0m 13s)

