#
# There is insufficient memory for the Java Runtime Environment to continue.
# Native memory allocation (malloc) failed to allocate 32744 bytes for ChunkPool::allocate
# Possible reasons:
#   The system is out of physical RAM or swap space
#   In 32 bit mode, the process size limit was hit
# Possible solutions:
#   Reduce memory load on the system
#   Increase physical memory or swap space
#   Check if swap backing store is full
#   Use 64 bit Java on a 64 bit OS
#   Decrease Java heap size (-Xmx/-Xms)
#   Decrease number of Java threads
#   Decrease Java thread stack sizes (-Xss)
#   Set larger code cache with -XX:ReservedCodeCacheSize=
# This output file may be truncated or incomplete.
#
#  Out of Memory Error (allocation.cpp:273), pid=3500, tid=0x0000000000000554
#
# JRE version: OpenJDK Runtime Environment (8.0_152-b02) (build 1.8.0_152-release-1024-b02)
# Java VM: OpenJDK 64-Bit Server VM (25.152-b02 mixed mode windows-amd64 compressed oops)
# Failed to write core dump. Minidumps are not enabled by default on client versions of Windows
#

---------------  T H R E A D  ---------------

Current thread (0x0000000018e2c000):  JavaThread "Daemon worker" [_thread_in_vm, id=1364, stack(0x000000001a380000,0x000000001a480000)]

Stack: [0x000000001a380000,0x000000001a480000]
[error occurred during error reporting (printing stack bounds), id 0xc0000005]

Native frames: (J=compiled Java code, j=interpreted, Vv=VM code, C=native code)

Java frames: (J=compiled Java code, j=interpreted, Vv=VM code)
J 736  java.lang.ClassLoader.defineClass1(Ljava/lang/String;[BIILjava/security/ProtectionDomain;Ljava/lang/String;)Ljava/lang/Class; (0 bytes) @ 0x000000000287ff5f [0x000000000287fec0+0x9f]
J 4230 C2 java.lang.ClassLoader.defineClass(Ljava/lang/String;[BIILjava/security/ProtectionDomain;)Ljava/lang/Class; (43 bytes) @ 0x00000000032251cc [0x0000000003224cc0+0x50c]
J 413 C1 java.net.URLClassLoader.defineClass(Ljava/lang/String;Lsun/misc/Resource;)Ljava/lang/Class; (142 bytes) @ 0x000000000275fba4 [0x000000000275e040+0x1b64]
J 3067 C1 java.net.URLClassLoader$1.run()Ljava/lang/Class; (63 bytes) @ 0x00000000028bb214 [0x00000000028baf60+0x2b4]
J 3064 C1 java.net.URLClassLoader$1.run()Ljava/lang/Object; (5 bytes) @ 0x000000000292f9bc [0x000000000292f940+0x7c]
v  ~StubRoutines::call_stub
J 263  java.security.AccessController.doPrivileged(Ljava/security/PrivilegedExceptionAction;Ljava/security/AccessControlContext;)Ljava/lang/Object; (0 bytes) @ 0x0000000002708b66 [0x0000000002708b00+0x66]
J 1359 C2 java.net.URLClassLoader.findClass(Ljava/lang/String;)Ljava/lang/Class; (47 bytes) @ 0x0000000002a0e8b0 [0x0000000002a0e820+0x90]
J 2650 C2 java.lang.ClassLoader.loadClass(Ljava/lang/String;Z)Ljava/lang/Class; (122 bytes) @ 0x0000000002edba84 [0x0000000002edb680+0x404]
J 2240 C2 java.lang.ClassLoader.loadClass(Ljava/lang/String;)Ljava/lang/Class; (7 bytes) @ 0x0000000002de0680 [0x0000000002de0640+0x40]
v  ~StubRoutines::call_stub
j  com.google.common.io.BaseEncoding$StandardBaseEncoding.encodingStream(Lcom/google/common/io/GwtWorkarounds$CharOutput;)Lcom/google/common/io/GwtWorkarounds$ByteOutput;+5
j  com.google.common.io.BaseEncoding.encode([BII)Ljava/lang/String;+27
j  com.google.common.io.BaseEncoding.encode([B)Ljava/lang/String;+11
j  org.gradle.internal.id.UniqueId.from(Ljava/util/UUID;)Lorg/gradle/internal/id/UniqueId;+35
j  org.gradle.internal.id.UniqueId.generate()Lorg/gradle/internal/id/UniqueId;+3
j  org.gradle.internal.service.scopes.GradleScopeServices.createBuildScopeId(Lorg/gradle/api/internal/GradleInternal;)Lorg/gradle/internal/scopeids/id/BuildInvocationScopeId;+13
v  ~StubRoutines::call_stub
J 1535  sun.reflect.NativeMethodAccessorImpl.invoke0(Ljava/lang/reflect/Method;Ljava/lang/Object;[Ljava/lang/Object;)Ljava/lang/Object; (0 bytes) @ 0x0000000002a8babf [0x0000000002a8ba40+0x7f]
J 1534 C1 sun.reflect.NativeMethodAccessorImpl.invoke(Ljava/lang/Object;[Ljava/lang/Object;)Ljava/lang/Object; (104 bytes) @ 0x0000000002a8d0e4 [0x0000000002a8bf40+0x11a4]
J 1027 C1 sun.reflect.DelegatingMethodAccessorImpl.invoke(Ljava/lang/Object;[Ljava/lang/Object;)Ljava/lang/Object; (10 bytes) @ 0x0000000002926cc4 [0x0000000002926bc0+0x104]
J 1026 C1 java.lang.reflect.Method.invoke(Ljava/lang/Object;[Ljava/lang/Object;)Ljava/lang/Object; (62 bytes) @ 0x000000000292746c [0x0000000002927080+0x3ec]
J 2201 C1 org.gradle.internal.reflect.JavaMethod.invoke(Ljava/lang/Object;[Ljava/lang/Object;)Ljava/lang/Object; (74 bytes) @ 0x0000000002dc083c [0x0000000002dc0720+0x11c]
J 2209 C1 org.gradle.internal.service.ReflectionBasedServiceMethod.invoke(Ljava/lang/Object;[Ljava/lang/Object;)Ljava/lang/Object; (16 bytes) @ 0x0000000002db61d4 [0x0000000002db6140+0x94]
J 2232 C1 org.gradle.internal.service.DefaultServiceRegistry$FactoryMethodService.invokeMethod([Ljava/lang/Object;)Ljava/lang/Object; (156 bytes) @ 0x0000000002de63bc [0x0000000002de62a0+0x11c]
J 2216 C1 org.gradle.internal.service.DefaultServiceRegistry$FactoryService.create()Ljava/lang/Object; (18 bytes) @ 0x0000000002dd3174 [0x0000000002dd3040+0x134]
J 1846 C1 org.gradle.internal.service.DefaultServiceRegistry$ManagedObjectProvider.getInstance()Ljava/lang/Object; (57 bytes) @ 0x0000000002baaacc [0x0000000002baa980+0x14c]
J 1461 C1 org.gradle.internal.service.DefaultServiceRegistry$SingletonService.get()Ljava/lang/Object; (5 bytes) @ 0x0000000002a53e34 [0x0000000002a53d40+0xf4]
J 2217 C1 org.gradle.internal.service.DefaultServiceRegistry$FactoryService.assembleParameters()[Ljava/lang/Object; (58 bytes) @ 0x0000000002dc4774 [0x0000000002dc4540+0x234]
J 2216 C1 org.gradle.internal.service.DefaultServiceRegistry$FactoryService.create()Ljava/lang/Object; (18 bytes) @ 0x0000000002dd30c4 [0x0000000002dd3040+0x84]
J 1846 C1 org.gradle.internal.service.DefaultServiceRegistry$ManagedObjectProvider.getInstance()Ljava/lang/Object; (57 bytes) @ 0x0000000002baaacc [0x0000000002baa980+0x14c]
J 1461 C1 org.gradle.internal.service.DefaultServiceRegistry$SingletonService.get()Ljava/lang/Object; (5 bytes) @ 0x0000000002a53e34 [0x0000000002a53d40+0xf4]
J 2217 C1 org.gradle.internal.service.DefaultServiceRegistry$FactoryService.assembleParameters()[Ljava/lang/Object; (58 bytes) @ 0x0000000002dc4774 [0x0000000002dc4540+0x234]
J 2216 C1 org.gradle.internal.service.DefaultServiceRegistry$FactoryService.create()Ljava/lang/Object; (18 bytes) @ 0x0000000002dd30c4 [0x0000000002dd3040+0x84]
J 1846 C1 org.gradle.internal.service.DefaultServiceRegistry$ManagedObjectProvider.getInstance()Ljava/lang/Object; (57 bytes) @ 0x0000000002baaacc [0x0000000002baa980+0x14c]
J 1461 C1 org.gradle.internal.service.DefaultServiceRegistry$SingletonService.get()Ljava/lang/Object; (5 bytes) @ 0x0000000002a53e34 [0x0000000002a53d40+0xf4]
J 2217 C1 org.gradle.internal.service.DefaultServiceRegistry$FactoryService.assembleParameters()[Ljava/lang/Object; (58 bytes) @ 0x0000000002dc4774 [0x0000000002dc4540+0x234]
J 2216 C1 org.gradle.internal.service.DefaultServiceRegistry$FactoryService.create()Ljava/lang/Object; (18 bytes) @ 0x0000000002dd30c4 [0x0000000002dd3040+0x84]
J 1846 C1 org.gradle.internal.service.DefaultServiceRegistry$ManagedObjectProvider.getInstance()Ljava/lang/Object; (57 bytes) @ 0x0000000002baaacc [0x0000000002baa980+0x14c]
J 1461 C1 org.gradle.internal.service.DefaultServiceRegistry$SingletonService.get()Ljava/lang/Object; (5 bytes) @ 0x0000000002a53e34 [0x0000000002a53d40+0xf4]
J 1547 C1 org.gradle.internal.service.DefaultServiceRegistry.doGet(Ljava/lang/reflect/Type;)Ljava/lang/Object; (102 bytes) @ 0x0000000002a94a44 [0x0000000002a938e0+0x1164]
J 5582 C1 org.gradle.internal.service.DefaultServiceRegistry.get(Ljava/lang/Class;)Ljava/lang/Object; (10 bytes) @ 0x0000000003617fa4 [0x0000000003617f20+0x84]
j  org.gradle.internal.service.scopes.GradleScopeServices$4.create()Lorg/gradle/api/internal/tasks/TaskExecuter;+7
j  org.gradle.internal.service.scopes.GradleScopeServices$4.create()Ljava/lang/Object;+1
j  org.gradle.execution.taskgraph.DefaultTaskGraphExecuter.execute()V+41
j  org.gradle.execution.SelectedTaskExecutionAction.execute(Lorg/gradle/execution/BuildExecutionContext;)V+55
j  org.gradle.execution.DefaultBuildExecuter.execute(Lorg/gradle/api/internal/GradleInternal;I)V+37
j  org.gradle.execution.DefaultBuildExecuter.access$000(Lorg/gradle/execution/DefaultBuildExecuter;Lorg/gradle/api/internal/GradleInternal;I)V+3
j  org.gradle.execution.DefaultBuildExecuter$1.proceed()V+14
j  org.gradle.execution.DryRunBuildExecutionAction.execute(Lorg/gradle/execution/BuildExecutionContext;)V+121
j  org.gradle.execution.DefaultBuildExecuter.execute(Lorg/gradle/api/internal/GradleInternal;I)V+37
j  org.gradle.execution.DefaultBuildExecuter.execute(Lorg/gradle/api/internal/GradleInternal;)V+3
j  org.gradle.initialization.DefaultGradleLauncher$ExecuteTasks.run(Lorg/gradle/internal/operations/BuildOperationContext;)V+54
j  org.gradle.internal.progress.DefaultBuildOperationExecutor$RunnableBuildOperationWorker.execute(Lorg/gradle/internal/operations/RunnableBuildOperation;Lorg/gradle/internal/operations/BuildOperationContext;)V+2
j  org.gradle.internal.progress.DefaultBuildOperationExecutor$RunnableBuildOperationWorker.execute(Lorg/gradle/internal/operations/BuildOperation;Lorg/gradle/internal/operations/BuildOperationContext;)V+6
j  org.gradle.internal.progress.DefaultBuildOperationExecutor.execute(Lorg/gradle/internal/operations/BuildOperation;Lorg/gradle/internal/operations/BuildOperationWorker;Lorg/gradle/internal/progress/DefaultBuildOperationExecutor$DefaultBuildOperationState;)V+177
j  org.gradle.internal.progress.DefaultBuildOperationExecutor.run(Lorg/gradle/internal/operations/RunnableBuildOperation;)V+20
j  org.gradle.initialization.DefaultGradleLauncher.runTasks()V+53
j  org.gradle.initialization.DefaultGradleLauncher.doBuildStages(Lorg/gradle/initialization/DefaultGradleLauncher$Stage;)V+37
j  org.gradle.initialization.DefaultGradleLauncher.executeTasks()Lorg/gradle/api/internal/GradleInternal;+4
j  org.gradle.internal.invocation.GradleBuildController$1.call()Lorg/gradle/api/internal/GradleInternal;+7
j  org.gradle.internal.invocation.GradleBuildController$1.call()Ljava/lang/Object;+1
j  org.gradle.internal.work.DefaultWorkerLeaseService.withLocks(Ljava/lang/Iterable;Ljava/util/concurrent/Callable;)Ljava/lang/Object;+15
j  org.gradle.internal.invocation.GradleBuildController.doBuild(Ljava/util/concurrent/Callable;)Lorg/gradle/api/internal/GradleInternal;+52
j  org.gradle.internal.invocation.GradleBuildController.run()Lorg/gradle/api/internal/GradleInternal;+9
j  org.gradle.tooling.internal.provider.runner.ClientProvidedBuildActionRunner.run(Lorg/gradle/internal/invocation/BuildAction;Lorg/gradle/internal/invocation/BuildController;)V+77
j  org.gradle.launcher.exec.ChainingBuildActionRunner.run(Lorg/gradle/internal/invocation/BuildAction;Lorg/gradle/internal/invocation/BuildController;)V+34
j  org.gradle.launcher.exec.ChainingBuildActionRunner.run(Lorg/gradle/internal/invocation/BuildAction;Lorg/gradle/internal/invocation/BuildController;)V+34
j  org.gradle.tooling.internal.provider.ValidatingBuildActionRunner.run(Lorg/gradle/internal/invocation/BuildAction;Lorg/gradle/internal/invocation/BuildController;)V+6
j  org.gradle.launcher.exec.RunAsBuildOperationBuildActionRunner$1.run(Lorg/gradle/internal/operations/BuildOperationContext;)V+15
j  org.gradle.internal.progress.DefaultBuildOperationExecutor$RunnableBuildOperationWorker.execute(Lorg/gradle/internal/operations/RunnableBuildOperation;Lorg/gradle/internal/operations/BuildOperationContext;)V+2
j  org.gradle.internal.progress.DefaultBuildOperationExecutor$RunnableBuildOperationWorker.execute(Lorg/gradle/internal/operations/BuildOperation;Lorg/gradle/internal/operations/BuildOperationContext;)V+6
j  org.gradle.internal.progress.DefaultBuildOperationExecutor.execute(Lorg/gradle/internal/operations/BuildOperation;Lorg/gradle/internal/operations/BuildOperationWorker;Lorg/gradle/internal/progress/DefaultBuildOperationExecutor$DefaultBuildOperationState;)V+177
j  org.gradle.internal.progress.DefaultBuildOperationExecutor.run(Lorg/gradle/internal/operations/RunnableBuildOperation;)V+20
j  org.gradle.launcher.exec.RunAsBuildOperationBuildActionRunner.run(Lorg/gradle/internal/invocation/BuildAction;Lorg/gradle/internal/invocation/BuildController;)V+34
j  org.gradle.tooling.internal.provider.SubscribableBuildActionRunner.run(Lorg/gradle/internal/invocation/BuildAction;Lorg/gradle/internal/invocation/BuildController;)V+40
j  org.gradle.launcher.exec.InProcessBuildActionExecuter.execute(Lorg/gradle/internal/invocation/BuildAction;Lorg/gradle/initialization/BuildRequestContext;Lorg/gradle/launcher/exec/BuildActionParameters;Lorg/gradle/internal/service/ServiceRegistry;)Ljava/lang/Object;+74
j  org.gradle.launcher.exec.InProcessBuildActionExecuter.execute(Lorg/gradle/internal/invocation/BuildAction;Lorg/gradle/initialization/BuildRequestContext;Ljava/lang/Object;Lorg/gradle/internal/service/ServiceRegistry;)Ljava/lang/Object;+9
j  org.gradle.launcher.exec.BuildTreeScopeBuildActionExecuter.execute(Lorg/gradle/internal/invocation/BuildAction;Lorg/gradle/initialization/BuildRequestContext;Lorg/gradle/launcher/exec/BuildActionParameters;Lorg/gradle/internal/service/ServiceRegistry;)Ljava/lang/Object;+41
j  org.gradle.launcher.exec.BuildTreeScopeBuildActionExecuter.execute(Lorg/gradle/internal/invocation/BuildAction;Lorg/gradle/initialization/BuildRequestContext;Ljava/lang/Object;Lorg/gradle/internal/service/ServiceRegistry;)Ljava/lang/Object;+9
j  org.gradle.tooling.internal.provider.ContinuousBuildActionExecuter.execute(Lorg/gradle/internal/invocation/BuildAction;Lorg/gradle/initialization/BuildRequestContext;Lorg/gradle/launcher/exec/BuildActionParameters;Lorg/gradle/internal/service/ServiceRegistry;)Ljava/lang/Object;+63
j  org.gradle.tooling.internal.provider.ContinuousBuildActionExecuter.execute(Lorg/gradle/internal/invocation/BuildAction;Lorg/gradle/initialization/BuildRequestContext;Ljava/lang/Object;Lorg/gradle/internal/service/ServiceRegistry;)Ljava/lang/Object;+9
j  org.gradle.tooling.internal.provider.ServicesSetupBuildActionExecuter.execute(Lorg/gradle/internal/invocation/BuildAction;Lorg/gradle/initialization/BuildRequestContext;Lorg/gradle/launcher/exec/BuildActionParameters;Lorg/gradle/internal/service/ServiceRegistry;)Ljava/lang/Object;+86
j  org.gradle.tooling.internal.provider.ServicesSetupBuildActionExecuter.execute(Lorg/gradle/internal/invocation/BuildAction;Lorg/gradle/initialization/BuildRequestContext;Ljava/lang/Object;Lorg/gradle/internal/service/ServiceRegistry;)Ljava/lang/Object;+9
j  org.gradle.tooling.internal.provider.GradleThreadBuildActionExecuter.execute(Lorg/gradle/internal/invocation/BuildAction;Lorg/gradle/initialization/BuildRequestContext;Lorg/gradle/launcher/exec/BuildActionParameters;Lorg/gradle/internal/service/ServiceRegistry;)Ljava/lang/Object;+12
j  org.gradle.tooling.internal.provider.GradleThreadBuildActionExecuter.execute(Lorg/gradle/internal/invocation/BuildAction;Lorg/gradle/initialization/BuildRequestContext;Ljava/lang/Object;Lorg/gradle/internal/service/ServiceRegistry;)Ljava/lang/Object;+9
j  org.gradle.tooling.internal.provider.ParallelismConfigurationBuildActionExecuter.execute(Lorg/gradle/internal/invocation/BuildAction;Lorg/gradle/initialization/BuildRequestContext;Lorg/gradle/launcher/exec/BuildActionParameters;Lorg/gradle/internal/service/ServiceRegistry;)Ljava/lang/Object;+43
j  org.gradle.tooling.internal.provider.ParallelismConfigurationBuildActionExecuter.execute(Lorg/gradle/internal/invocation/BuildAction;Lorg/gradle/initialization/BuildRequestContext;Ljava/lang/Object;Lorg/gradle/internal/service/ServiceRegistry;)Ljava/lang/Object;+9
j  org.gradle.tooling.internal.provider.StartParamsValidatingActionExecuter.execute(Lorg/gradle/internal/invocation/BuildAction;Lorg/gradle/initialization/BuildRequestContext;Lorg/gradle/launcher/exec/BuildActionParameters;Lorg/gradle/internal/service/ServiceRegistry;)Ljava/lang/Object;+279
j  org.gradle.tooling.internal.provider.StartParamsValidatingActionExecuter.execute(Lorg/gradle/internal/invocation/BuildAction;Lorg/gradle/initialization/BuildRequestContext;Ljava/lang/Object;Lorg/gradle/internal/service/ServiceRegistry;)Ljava/lang/Object;+9
j  org.gradle.tooling.internal.provider.SessionFailureReportingActionExecuter.execute(Lorg/gradle/internal/invocation/BuildAction;Lorg/gradle/initialization/BuildRequestContext;Lorg/gradle/launcher/exec/BuildActionParameters;Lorg/gradle/internal/service/ServiceRegistry;)Ljava/lang/Object;+9
j  org.gradle.tooling.internal.provider.SessionFailureReportingActionExecuter.execute(Lorg/gradle/internal/invocation/BuildAction;Lorg/gradle/initialization/BuildRequestContext;Ljava/lang/Object;Lorg/gradle/internal/service/ServiceRegistry;)Ljava/lang/Object;+9
j  org.gradle.tooling.internal.provider.SetupLoggingActionExecuter.execute(Lorg/gradle/internal/invocation/BuildAction;Lorg/gradle/initialization/BuildRequestContext;Lorg/gradle/launcher/exec/BuildActionParameters;Lorg/gradle/internal/service/ServiceRegistry;)Ljava/lang/Object;+42
j  org.gradle.tooling.internal.provider.SetupLoggingActionExecuter.execute(Lorg/gradle/internal/invocation/BuildAction;Lorg/gradle/initialization/BuildRequestContext;Ljava/lang/Object;Lorg/gradle/internal/service/ServiceRegistry;)Ljava/lang/Object;+9
j  org.gradle.launcher.daemon.server.exec.ExecuteBuild.doBuild(Lorg/gradle/launcher/daemon/server/api/DaemonCommandExecution;Lorg/gradle/launcher/daemon/protocol/Build;)V+114
j  org.gradle.launcher.daemon.server.exec.BuildCommandOnly.execute(Lorg/gradle/launcher/daemon/server/api/DaemonCommandExecution;)V+49
j  org.gradle.launcher.daemon.server.api.DaemonCommandExecution.proceed()Z+28
j  org.gradle.launcher.daemon.server.exec.WatchForDisconnection.execute(Lorg/gradle/launcher/daemon/server/api/DaemonCommandExecution;)V+19
j  org.gradle.launcher.daemon.server.api.DaemonCommandExecution.proceed()Z+28
j  org.gradle.launcher.daemon.server.exec.ResetDeprecationLogger.execute(Lorg/gradle/launcher/daemon/server/api/DaemonCommandExecution;)V+4
j  org.gradle.launcher.daemon.server.api.DaemonCommandExecution.proceed()Z+28
j  org.gradle.launcher.daemon.server.exec.RequestStopIfSingleUsedDaemon.execute(Lorg/gradle/launcher/daemon/server/api/DaemonCommandExecution;)V+33
j  org.gradle.launcher.daemon.server.api.DaemonCommandExecution.proceed()Z+28
j  org.gradle.launcher.daemon.server.exec.ForwardClientInput$2.call()Ljava/lang/Void;+4
j  org.gradle.launcher.daemon.server.exec.ForwardClientInput$2.call()Ljava/lang/Object;+1
j  org.gradle.util.Swapper.swap(Ljava/lang/Object;Ljava/util/concurrent/Callable;)Ljava/lang/Object;+21
j  org.gradle.launcher.daemon.server.exec.ForwardClientInput.execute(Lorg/gradle/launcher/daemon/server/api/DaemonCommandExecution;)V+63
j  org.gradle.launcher.daemon.server.api.DaemonCommandExecution.proceed()Z+28
j  org.gradle.launcher.daemon.server.exec.LogAndCheckHealth.execute(Lorg/gradle/launcher/daemon/server/api/DaemonCommandExecution;)V+28
j  org.gradle.launcher.daemon.server.api.DaemonCommandExecution.proceed()Z+28
j  org.gradle.launcher.daemon.server.exec.LogToClient.doBuild(Lorg/gradle/launcher/daemon/server/api/DaemonCommandExecution;Lorg/gradle/launcher/daemon/protocol/Build;)V+87
j  org.gradle.launcher.daemon.server.exec.BuildCommandOnly.execute(Lorg/gradle/launcher/daemon/server/api/DaemonCommandExecution;)V+49
j  org.gradle.launcher.daemon.server.api.DaemonCommandExecution.proceed()Z+28
j  org.gradle.launcher.daemon.server.exec.EstablishBuildEnvironment.doBuild(Lorg/gradle/launcher/daemon/server/api/DaemonCommandExecution;Lorg/gradle/launcher/daemon/protocol/Build;)V+365
j  org.gradle.launcher.daemon.server.exec.BuildCommandOnly.execute(Lorg/gradle/launcher/daemon/server/api/DaemonCommandExecution;)V+49
j  org.gradle.launcher.daemon.server.api.DaemonCommandExecution.proceed()Z+28
j  org.gradle.launcher.daemon.server.exec.StartBuildOrRespondWithBusy$1.run()V+44
j  org.gradle.launcher.daemon.server.DaemonStateCoordinator$1.run()V+4
j  org.gradle.internal.concurrent.ExecutorPolicy$CatchAndRecordFailures.onExecute(Ljava/lang/Runnable;)V+1
j  org.gradle.internal.concurrent.ManagedExecutorImpl$1.run()V+25
j  java.util.concurrent.ThreadPoolExecutor.runWorker(Ljava/util/concurrent/ThreadPoolExecutor$Worker;)V+95
j  java.util.concurrent.ThreadPoolExecutor$Worker.run()V+5
j  org.gradle.internal.concurrent.ThreadFactoryImpl$ManagedThreadRunnable.run()V+7
j  java.lang.Thread.run()V+11
v  ~StubRoutines::call_stub

---------------  P R O C E S S  ---------------

Java Threads: ( => current thread )
  0x00000000182e3800 JavaThread "Cache worker for file content cache (C:\Users\RAHUL TIWARI\AndroidStudioProjects\voice_to_text\.gradle\4.4\fileContent)" [_thread_blocked, id=8776, stack(0x0000000021370000,0x0000000021470000)]
  0x00000000182e9000 JavaThread "Memory manager" [_thread_blocked, id=1300, stack(0x00000000201d0000,0x00000000202d0000)]
  0x00000000182e9800 JavaThread "pool-1-thread-1" [_thread_blocked, id=12528, stack(0x00000000200d0000,0x00000000201d0000)]
  0x000000001da50000 JavaThread "build operations Thread 4" [_thread_blocked, id=10376, stack(0x000000001f9d0000,0x000000001fad0000)]
  0x000000001da55800 JavaThread "build operations Thread 3" [_thread_blocked, id=12836, stack(0x000000001f7d0000,0x000000001f8d0000)]
  0x000000001da4f000 JavaThread "build operations Thread 2" [_thread_blocked, id=9228, stack(0x000000001f6d0000,0x000000001f7d0000)]
  0x000000001da56000 JavaThread "build operations" [_thread_blocked, id=5776, stack(0x000000001e3f0000,0x000000001e4f0000)]
  0x000000001da51800 JavaThread "Cache worker for Artifact transforms cache (C:\Users\RAHUL TIWARI\.gradle\caches\transforms-1)" [_thread_blocked, id=10980, stack(0x000000001e0f0000,0x000000001e1f0000)]
  0x000000001acd4000 JavaThread "Cache worker for file hash cache (C:\Users\RAHUL TIWARI\AndroidStudioProjects\voice_to_text\.gradle\4.4\fileHashes)" [_thread_blocked, id=5328, stack(0x000000001ba50000,0x000000001bb50000)]
  0x00000000191b1800 JavaThread "File lock request listener" [_thread_in_native, id=12896, stack(0x000000001a980000,0x000000001aa80000)]
  0x0000000018fd3000 JavaThread "Cache worker for file hash cache (C:\Users\RAHUL TIWARI\.gradle\caches\4.4\fileHashes)" [_thread_blocked, id=8980, stack(0x000000001a880000,0x000000001a980000)]
  0x0000000018fd0800 JavaThread "Stdin handler" [_thread_blocked, id=5704, stack(0x000000001a580000,0x000000001a680000)]
  0x0000000018fce000 JavaThread "Asynchronous log dispatcher for DefaultDaemonConnection: socket connection from /127.0.0.1:50123 to /127.0.0.1:50124" [_thread_blocked, id=11900, stack(0x000000001a480000,0x000000001a580000)]
=>0x0000000018e2c000 JavaThread "Daemon worker" [_thread_in_vm, id=1364, stack(0x000000001a380000,0x000000001a480000)]
  0x0000000018e2a800 JavaThread "Cancel handler" [_thread_blocked, id=2708, stack(0x000000001a280000,0x000000001a380000)]
  0x0000000018af4000 JavaThread "Handler for socket connection from /127.0.0.1:50123 to /127.0.0.1:50124" [_thread_in_native, id=11944, stack(0x0000000019f80000,0x000000001a080000)]
  0x0000000018af2800 JavaThread "Daemon" [_thread_blocked, id=12900, stack(0x0000000019e80000,0x0000000019f80000)]
  0x0000000018eab000 JavaThread "Daemon periodic checks" [_thread_blocked, id=216, stack(0x0000000019d80000,0x0000000019e80000)]
  0x0000000019035800 JavaThread "Incoming local TCP Connector on port 50123" [_thread_in_native, id=12204, stack(0x0000000019b40000,0x0000000019c40000)]
  0x0000000017860800 JavaThread "Service Thread" daemon [_thread_blocked, id=8344, stack(0x0000000017c30000,0x0000000017d30000)]
  0x0000000015ee9800 JavaThread "C1 CompilerThread2" daemon [_thread_blocked, id=10380, stack(0x0000000017730000,0x0000000017830000)]
  0x0000000015ee1800 JavaThread "C2 CompilerThread1" daemon [_thread_in_native, id=8576, stack(0x0000000017630000,0x0000000017730000)]
  0x0000000015edd000 JavaThread "C2 CompilerThread0" daemon [_thread_in_native, id=1880, stack(0x0000000017530000,0x0000000017630000)]
  0x0000000015edb800 JavaThread "Attach Listener" daemon [_thread_blocked, id=7120, stack(0x0000000017430000,0x0000000017530000)]
  0x0000000015eda800 JavaThread "Signal Dispatcher" daemon [_thread_blocked, id=4476, stack(0x0000000017330000,0x0000000017430000)]
  0x00000000024ec800 JavaThread "Finalizer" daemon [_thread_blocked, id=7988, stack(0x0000000017130000,0x0000000017230000)]
  0x00000000024e1800 JavaThread "Reference Handler" daemon [_thread_blocked, id=11884, stack(0x0000000017030000,0x0000000017130000)]
  0x00000000023f2800 JavaThread "main" [_thread_blocked, id=12772, stack(0x0000000000b00000,0x0000000000c00000)]

Other Threads:
  0x0000000015ea5000 VMThread [stack: 0x0000000016f30000,0x0000000017030000] [id=12756]
  0x0000000015f3e000 WatcherThread [stack: 0x0000000017d30000,0x0000000017e30000] [id=268]

VM state:not at safepoint (normal execution)

VM Mutex/Monitor currently owned by a thread: None

Heap:
 PSYoungGen      total 143360K, used 133256K [0x00000000e0000000, 0x00000000ea300000, 0x0000000100000000)
  eden space 130560K, 92% used [0x00000000e0000000,0x00000000e75a4490,0x00000000e7f80000)
  from space 12800K, 99% used [0x00000000e9680000,0x00000000ea2fdc00,0x00000000ea300000)
  to   space 10240K, 0% used [0x00000000e7f80000,0x00000000e7f80000,0x00000000e8980000)
 ParOldGen       total 105984K, used 20748K [0x00000000a0000000, 0x00000000a6780000, 0x00000000e0000000)
  object space 105984K, 19% used [0x00000000a0000000,0x00000000a1443048,0x00000000a6780000)
 Metaspace       used 53045K, capacity 54652K, committed 54744K, reserved 1095680K
  class space    used 7236K, capacity 7629K, committed 7680K, reserved 1048576K

Card table byte_map: [0x0000000011930000,0x0000000011c40000] byte_map_base: 0x0000000011430000

Marking Bits: (ParMarkBitMap*) 0x0000000070174970
 Begin Bits: [0x0000000012240000, 0x0000000013a40000)
 End Bits:   [0x0000000013a40000, 0x0000000015240000)

Polling page: 0x00000000006b0000

CodeCache: size=245760Kb used=17365Kb max_used=17365Kb free=228394Kb
 bounds [0x0000000002570000, 0x0000000003680000, 0x0000000011570000]
 total_blobs=6034 nmethods=5274 adapters=672
 compilation: enabled

Compilation events (10 events):
Event: 10.842 Thread 0x0000000015ee9800 5668       3       org.gradle.model.internal.registry.RuleBindings$TypePredicateIndex::scopeForPath (45 bytes)
Event: 10.843 Thread 0x0000000015ee9800 nmethod 5668 0x000000000366dfd0 code [0x000000000366e1c0, 0x000000000366ec38]
Event: 10.843 Thread 0x0000000015ee9800 5669       3       org.gradle.model.internal.core.ModelReference::atState (44 bytes)
Event: 10.843 Thread 0x0000000015ee9800 nmethod 5669 0x000000000366f350 code [0x000000000366f4e0, 0x000000000366f8c8]
Event: 10.860 Thread 0x0000000015ee9800 5671   !   3       org.gradle.cache.internal.CrossBuildInMemoryCacheFactory$DefaultCrossBuildInMemoryCache::get (78 bytes)
Event: 10.861 Thread 0x0000000015ee9800 nmethod 5671 0x000000000366fa10 code [0x000000000366fbe0, 0x00000000036704b8]
Event: 10.882 Thread 0x0000000015ee9800 5672       3       com.google.common.base.Preconditions::checkArgument (18 bytes)
Event: 10.882 Thread 0x0000000015ee9800 nmethod 5672 0x0000000003670990 code [0x0000000003670b00, 0x0000000003670d58]
Event: 10.882 Thread 0x0000000015ee9800 5673       3       java.lang.Character::valueOf (21 bytes)
Event: 10.883 Thread 0x0000000015ee9800 nmethod 5673 0x0000000003670e50 code [0x0000000003670fc0, 0x0000000003671270]

GC Heap History (10 events):
Event: 3.646 GC heap before
{Heap before GC invocations=6 (full 1):
 PSYoungGen      total 71680K, used 5104K [0x00000000e0000000, 0x00000000e9600000, 0x0000000100000000)
  eden space 66560K, 0% used [0x00000000e0000000,0x00000000e0000000,0x00000000e4100000)
  from space 5120K, 99% used [0x00000000e4100000,0x00000000e45fc040,0x00000000e4600000)
  to   space 10240K, 0% used [0x00000000e8c00000,0x00000000e8c00000,0x00000000e9600000)
 ParOldGen       total 87552K, used 8098K [0x00000000a0000000, 0x00000000a5580000, 0x00000000e0000000)
  object space 87552K, 9% used [0x00000000a0000000,0x00000000a07e8b80,0x00000000a5580000)
 Metaspace       used 20813K, capacity 21184K, committed 21248K, reserved 1067008K
  class space    used 2907K, capacity 3038K, committed 3072K, reserved 1048576K
Event: 3.722 GC heap after
Heap after GC invocations=6 (full 1):
 PSYoungGen      total 71680K, used 0K [0x00000000e0000000, 0x00000000e9600000, 0x0000000100000000)
  eden space 66560K, 0% used [0x00000000e0000000,0x00000000e0000000,0x00000000e4100000)
  from space 5120K, 0% used [0x00000000e4100000,0x00000000e4100000,0x00000000e4600000)
  to   space 10240K, 0% used [0x00000000e8c00000,0x00000000e8c00000,0x00000000e9600000)
 ParOldGen       total 62464K, used 8163K [0x00000000a0000000, 0x00000000a3d00000, 0x00000000e0000000)
  object space 62464K, 13% used [0x00000000a0000000,0x00000000a07f8ee0,0x00000000a3d00000)
 Metaspace       used 20813K, capacity 21184K, committed 21248K, reserved 1067008K
  class space    used 2907K, capacity 3038K, committed 3072K, reserved 1048576K
}
Event: 5.002 GC heap before
{Heap before GC invocations=7 (full 1):
 PSYoungGen      total 71680K, used 66560K [0x00000000e0000000, 0x00000000e9600000, 0x0000000100000000)
  eden space 66560K, 100% used [0x00000000e0000000,0x00000000e4100000,0x00000000e4100000)
  from space 5120K, 0% used [0x00000000e4100000,0x00000000e4100000,0x00000000e4600000)
  to   space 10240K, 0% used [0x00000000e8c00000,0x00000000e8c00000,0x00000000e9600000)
 ParOldGen       total 62464K, used 8163K [0x00000000a0000000, 0x00000000a3d00000, 0x00000000e0000000)
  object space 62464K, 13% used [0x00000000a0000000,0x00000000a07f8ee0,0x00000000a3d00000)
 Metaspace       used 26513K, capacity 27050K, committed 27136K, reserved 1073152K
  class space    used 3652K, capacity 3831K, committed 3840K, reserved 1048576K
Event: 5.012 GC heap after
Heap after GC invocations=7 (full 1):
 PSYoungGen      total 105472K, used 7569K [0x00000000e0000000, 0x00000000e9380000, 0x0000000100000000)
  eden space 97792K, 0% used [0x00000000e0000000,0x00000000e0000000,0x00000000e5f80000)
  from space 7680K, 98% used [0x00000000e8c00000,0x00000000e93646b8,0x00000000e9380000)
  to   space 10240K, 0% used [0x00000000e7f80000,0x00000000e7f80000,0x00000000e8980000)
 ParOldGen       total 62464K, used 8171K [0x00000000a0000000, 0x00000000a3d00000, 0x00000000e0000000)
  object space 62464K, 13% used [0x00000000a0000000,0x00000000a07faee0,0x00000000a3d00000)
 Metaspace       used 26513K, capacity 27050K, committed 27136K, reserved 1073152K
  class space    used 3652K, capacity 3831K, committed 3840K, reserved 1048576K
}
Event: 6.713 GC heap before
{Heap before GC invocations=8 (full 1):
 PSYoungGen      total 105472K, used 101539K [0x00000000e0000000, 0x00000000e9380000, 0x0000000100000000)
  eden space 97792K, 96% used [0x00000000e0000000,0x00000000e5bc45c0,0x00000000e5f80000)
  from space 7680K, 98% used [0x00000000e8c00000,0x00000000e93646b8,0x00000000e9380000)
  to   space 10240K, 0% used [0x00000000e7f80000,0x00000000e7f80000,0x00000000e8980000)
 ParOldGen       total 62464K, used 8171K [0x00000000a0000000, 0x00000000a3d00000, 0x00000000e0000000)
  object space 62464K, 13% used [0x00000000a0000000,0x00000000a07faee0,0x00000000a3d00000)
 Metaspace       used 34698K, capacity 35244K, committed 35416K, reserved 1079296K
  class space    used 4780K, capacity 4972K, committed 4992K, reserved 1048576K
Event: 6.733 GC heap after
Heap after GC invocations=8 (full 1):
 PSYoungGen      total 140800K, used 10208K [0x00000000e0000000, 0x00000000ea300000, 0x0000000100000000)
  eden space 130560K, 0% used [0x00000000e0000000,0x00000000e0000000,0x00000000e7f80000)
  from space 10240K, 99% used [0x00000000e7f80000,0x00000000e8978320,0x00000000e8980000)
  to   space 12800K, 0% used [0x00000000e9680000,0x00000000e9680000,0x00000000ea300000)
 ParOldGen       total 62464K, used 11073K [0x00000000a0000000, 0x00000000a3d00000, 0x00000000e0000000)
  object space 62464K, 17% used [0x00000000a0000000,0x00000000a0ad07d0,0x00000000a3d00000)
 Metaspace       used 34698K, capacity 35244K, committed 35416K, reserved 1079296K
  class space    used 4780K, capacity 4972K, committed 4992K, reserved 1048576K
}
Event: 6.733 GC heap before
{Heap before GC invocations=9 (full 2):
 PSYoungGen      total 140800K, used 10208K [0x00000000e0000000, 0x00000000ea300000, 0x0000000100000000)
  eden space 130560K, 0% used [0x00000000e0000000,0x00000000e0000000,0x00000000e7f80000)
  from space 10240K, 99% used [0x00000000e7f80000,0x00000000e8978320,0x00000000e8980000)
  to   space 12800K, 0% used [0x00000000e9680000,0x00000000e9680000,0x00000000ea300000)
 ParOldGen       total 62464K, used 11073K [0x00000000a0000000, 0x00000000a3d00000, 0x00000000e0000000)
  object space 62464K, 17% used [0x00000000a0000000,0x00000000a0ad07d0,0x00000000a3d00000)
 Metaspace       used 34698K, capacity 35244K, committed 35416K, reserved 1079296K
  class space    used 4780K, capacity 4972K, committed 4992K, reserved 1048576K
Event: 6.843 GC heap after
Heap after GC invocations=9 (full 2):
 PSYoungGen      total 140800K, used 0K [0x00000000e0000000, 0x00000000ea300000, 0x0000000100000000)
  eden space 130560K, 0% used [0x00000000e0000000,0x00000000e0000000,0x00000000e7f80000)
  from space 10240K, 0% used [0x00000000e7f80000,0x00000000e7f80000,0x00000000e8980000)
  to   space 12800K, 0% used [0x00000000e9680000,0x00000000e9680000,0x00000000ea300000)
 ParOldGen       total 105984K, used 19503K [0x00000000a0000000, 0x00000000a6780000, 0x00000000e0000000)
  object space 105984K, 18% used [0x00000000a0000000,0x00000000a130beb0,0x00000000a6780000)
 Metaspace       used 34698K, capacity 35244K, committed 35416K, reserved 1079296K
  class space    used 4780K, capacity 4972K, committed 4992K, reserved 1048576K
}
Event: 8.723 GC heap before
{Heap before GC invocations=10 (full 2):
 PSYoungGen      total 140800K, used 130560K [0x00000000e0000000, 0x00000000ea300000, 0x0000000100000000)
  eden space 130560K, 100% used [0x00000000e0000000,0x00000000e7f80000,0x00000000e7f80000)
  from space 10240K, 0% used [0x00000000e7f80000,0x00000000e7f80000,0x00000000e8980000)
  to   space 12800K, 0% used [0x00000000e9680000,0x00000000e9680000,0x00000000ea300000)
 ParOldGen       total 105984K, used 19503K [0x00000000a0000000, 0x00000000a6780000, 0x00000000e0000000)
  object space 105984K, 18% used [0x00000000a0000000,0x00000000a130beb0,0x00000000a6780000)
 Metaspace       used 42828K, capacity 43670K, committed 43864K, reserved 1087488K
  class space    used 5873K, capacity 6162K, committed 6272K, reserved 1048576K
Event: 8.744 GC heap after
Heap after GC invocations=10 (full 2):
 PSYoungGen      total 143360K, used 12791K [0x00000000e0000000, 0x00000000ea300000, 0x0000000100000000)
  eden space 130560K, 0% used [0x00000000e0000000,0x00000000e0000000,0x00000000e7f80000)
  from space 12800K, 99% used [0x00000000e9680000,0x00000000ea2fdc00,0x00000000ea300000)
  to   space 10240K, 0% used [0x00000000e7f80000,0x00000000e7f80000,0x00000000e8980000)
 ParOldGen       total 105984K, used 20748K [0x00000000a0000000, 0x00000000a6780000, 0x00000000e0000000)
  object space 105984K, 19% used [0x00000000a0000000,0x00000000a1443048,0x00000000a6780000)
 Metaspace       used 42828K, capacity 43670K, committed 43864K, reserved 1087488K
  class space    used 5873K, capacity 6162K, committed 6272K, reserved 1048576K
}

Deoptimization events (10 events):
Event: 10.302 Thread 0x0000000018e2c000 Uncommon trap: reason=unstable_if action=reinterpret pc=0x00000000034b5658 method=java.util.TreeMap.put(Ljava/lang/Object;Ljava/lang/Object;)Ljava/lang/Object; @ 163
Event: 10.594 Thread 0x0000000018e2c000 Uncommon trap: reason=predicate action=maybe_recompile pc=0x000000000351c25c method=java.util.TreeMap.getEntry(Ljava/lang/Object;)Ljava/util/TreeMap$Entry; @ 39
Event: 10.595 Thread 0x0000000018e2c000 Uncommon trap: reason=predicate action=maybe_recompile pc=0x00000000034b15e0 method=java.util.TreeMap.getEntry(Ljava/lang/Object;)Ljava/util/TreeMap$Entry; @ 39
Event: 10.671 Thread 0x0000000018e2c000 Uncommon trap: reason=class_check action=maybe_recompile pc=0x00000000035c81b8 method=com.google.common.collect.AbstractMapBasedMultimap.put(Ljava/lang/Object;Ljava/lang/Object;)Z @ 10
Event: 10.671 Thread 0x0000000018e2c000 Uncommon trap: reason=class_check action=maybe_recompile pc=0x00000000035c81b8 method=com.google.common.collect.AbstractMapBasedMultimap.put(Ljava/lang/Object;Ljava/lang/Object;)Z @ 10
Event: 10.671 Thread 0x0000000018e2c000 Uncommon trap: reason=class_check action=maybe_recompile pc=0x00000000035c81b8 method=com.google.common.collect.AbstractMapBasedMultimap.put(Ljava/lang/Object;Ljava/lang/Object;)Z @ 10
Event: 10.671 Thread 0x0000000018e2c000 Uncommon trap: reason=class_check action=maybe_recompile pc=0x00000000035c81b8 method=com.google.common.collect.AbstractMapBasedMultimap.put(Ljava/lang/Object;Ljava/lang/Object;)Z @ 10
Event: 10.717 Thread 0x0000000018e2c000 Uncommon trap: reason=unstable_if action=reinterpret pc=0x0000000002b362f0 method=java.lang.AbstractStringBuilder.append(Ljava/lang/String;)Ljava/lang/AbstractStringBuilder; @ 1
Event: 10.849 Thread 0x0000000018e2c000 Uncommon trap: reason=unstable_if action=reinterpret pc=0x0000000003125b44 method=org.objectweb.asm.MethodWriter.visitVarInsn(II)V @ 122
Event: 10.850 Thread 0x0000000018e2c000 Uncommon trap: reason=unstable_if action=reinterpret pc=0x000000000356f748 method=org.objectweb.asm.Frame.initInputFrame(Lorg/objectweb/asm/ClassWriter;I[Lorg/objectweb/asm/Type;I)V @ 107

Classes redefined (0 events):
No events

Internal exceptions (10 events):
Event: 10.448 Thread 0x0000000018e2c000 Exception <a 'java/lang/ClassNotFoundException': com/android/build/gradle/internal/api/BaseVariantOutputImplCustomizer> (0x00000000e6126248) thrown at [D:\src\AOSP-openjdk-cygwin\jdk8u\hotspot\src\share\vm\classfile\systemDictionary.cpp, line 210]
Event: 10.449 Thread 0x0000000018e2c000 Exception <a 'java/lang/ClassNotFoundException': com/android/build/gradle/internal/api/ApkVariantOutputImplCustomizer> (0x00000000e615c738) thrown at [D:\src\AOSP-openjdk-cygwin\jdk8u\hotspot\src\share\vm\classfile\systemDictionary.cpp, line 210]
Event: 10.450 Thread 0x0000000018e2c000 Exception <a 'java/lang/ClassNotFoundException': com/android/build/gradle/internal/api/ApkVariantOutputImpl_DecoratedCustomizer> (0x00000000e6188bb0) thrown at [D:\src\AOSP-openjdk-cygwin\jdk8u\hotspot\src\share\vm\classfile\systemDictionary.cpp, line 210
Event: 10.632 Thread 0x0000000018e2c000 Exception <a 'java/lang/ClassNotFoundException': org/gradle/platform/base/BinaryContainer_ImplBeanInfo> (0x00000000e6cfb480) thrown at [D:\src\AOSP-openjdk-cygwin\jdk8u\hotspot\src\share\vm\classfile\systemDictionary.cpp, line 210]
Event: 10.633 Thread 0x0000000018e2c000 Exception <a 'java/lang/ClassNotFoundException': org/gradle/model/internal/core/NodeBackedModelMapBeanInfo> (0x00000000e6d0f5d0) thrown at [D:\src\AOSP-openjdk-cygwin\jdk8u\hotspot\src\share\vm\classfile\systemDictionary.cpp, line 210]
Event: 10.633 Thread 0x0000000018e2c000 Exception <a 'java/lang/ClassNotFoundException': org/gradle/model/internal/core/ModelMapGroovyViewBeanInfo> (0x00000000e6d23720) thrown at [D:\src\AOSP-openjdk-cygwin\jdk8u\hotspot\src\share\vm\classfile\systemDictionary.cpp, line 210]
Event: 10.633 Thread 0x0000000018e2c000 Exception <a 'java/lang/ClassNotFoundException': org/gradle/model/internal/core/ModelMapGroovyViewCustomizer> (0x00000000e6d38538) thrown at [D:\src\AOSP-openjdk-cygwin\jdk8u\hotspot\src\share\vm\classfile\systemDictionary.cpp, line 210]
Event: 10.634 Thread 0x0000000018e2c000 Exception <a 'java/lang/ClassNotFoundException': org/gradle/model/internal/core/NodeBackedModelMapCustomizer> (0x00000000e6d60758) thrown at [D:\src\AOSP-openjdk-cygwin\jdk8u\hotspot\src\share\vm\classfile\systemDictionary.cpp, line 210]
Event: 10.636 Thread 0x0000000018e2c000 Exception <a 'java/lang/ClassNotFoundException': org/gradle/platform/base/BinaryContainer_ImplCustomizer> (0x00000000e6dc3a10) thrown at [D:\src\AOSP-openjdk-cygwin\jdk8u\hotspot\src\share\vm\classfile\systemDictionary.cpp, line 210]
Event: 10.717 Thread 0x0000000018e2c000 Implicit null exception at 0x0000000002b35da2 to 0x0000000002b362e1

Events (10 events):
Event: 10.885 loading class com/google/common/io/GwtWorkarounds
Event: 10.885 loading class com/google/common/io/GwtWorkarounds done
Event: 10.887 loading class com/google/common/io/GwtWorkarounds$3
Event: 10.887 loading class com/google/common/io/GwtWorkarounds$3 done
Event: 10.887 loading class com/google/common/io/GwtWorkarounds$4
Event: 10.887 loading class com/google/common/io/GwtWorkarounds$4 done
Event: 10.890 loading class com/google/common/io/GwtWorkarounds$6
Event: 10.890 loading class com/google/common/io/GwtWorkarounds$6 done
Event: 10.891 loading class com/google/common/io/BaseEncoding$StandardBaseEncoding$1
Event: 10.891 loading class com/google/common/io/BaseEncoding$StandardBaseEncoding$1 done


Dynamic libraries:
0x00007ff77ecf0000 - 0x00007ff77ed21000 	C:\Program Files\Android\Android Studio\jre\bin\java.exe
0x00007ffc36000000 - 0x00007ffc361ed000 	C:\WINDOWS\SYSTEM32\ntdll.dll
0x00007ffc35520000 - 0x00007ffc355d3000 	C:\WINDOWS\System32\KERNEL32.DLL
0x00007ffc32930000 - 0x00007ffc32bc3000 	C:\WINDOWS\System32\KERNELBASE.dll
0x00007ffc352c0000 - 0x00007ffc35363000 	C:\WINDOWS\System32\ADVAPI32.dll
0x00007ffc35a20000 - 0x00007ffc35abe000 	C:\WINDOWS\System32\msvcrt.dll
0x00007ffc34eb0000 - 0x00007ffc34f4e000 	C:\WINDOWS\System32\sechost.dll
0x00007ffc33440000 - 0x00007ffc33563000 	C:\WINDOWS\System32\RPCRT4.dll
0x00007ffc35880000 - 0x00007ffc35a17000 	C:\WINDOWS\System32\USER32.dll
0x00007ffc33210000 - 0x00007ffc33230000 	C:\WINDOWS\System32\win32u.dll
0x00007ffc34e20000 - 0x00007ffc34e49000 	C:\WINDOWS\System32\GDI32.dll
0x00007ffc32fa0000 - 0x00007ffc3313a000 	C:\WINDOWS\System32\gdi32full.dll
0x00007ffc32eb0000 - 0x00007ffc32f50000 	C:\WINDOWS\System32\msvcp_win.dll
0x00007ffc32db0000 - 0x00007ffc32eac000 	C:\WINDOWS\System32\ucrtbase.dll
0x00007ffc1f930000 - 0x00007ffc1fba9000 	C:\WINDOWS\WinSxS\amd64_microsoft.windows.common-controls_6595b64144ccf1df_6.0.17763.107_none_05b63884071e656e\COMCTL32.dll
0x00007ffc34ae0000 - 0x00007ffc34e0e000 	C:\WINDOWS\System32\combase.dll
0x00007ffc32850000 - 0x00007ffc328ce000 	C:\WINDOWS\System32\bcryptPrimitives.dll
0x00007ffc332e0000 - 0x00007ffc3330e000 	C:\WINDOWS\System32\IMM32.DLL
0x000000006bb00000 - 0x000000006bbd2000 	C:\Program Files\Android\Android Studio\jre\jre\bin\msvcr100.dll
0x000000006f9b0000 - 0x00000000701ef000 	C:\Program Files\Android\Android Studio\jre\jre\bin\server\jvm.dll
0x00007ffc350b0000 - 0x00007ffc350b8000 	C:\WINDOWS\System32\PSAPI.DLL
0x00007ffc2ea50000 - 0x00007ffc2ea59000 	C:\WINDOWS\SYSTEM32\WSOCK32.dll
0x00007ffc26a40000 - 0x00007ffc26a4a000 	C:\WINDOWS\SYSTEM32\VERSION.dll
0x00007ffc27250000 - 0x00007ffc27274000 	C:\WINDOWS\SYSTEM32\WINMM.dll
0x00007ffc355e0000 - 0x00007ffc3564d000 	C:\WINDOWS\System32\WS2_32.dll
0x00007ffc27220000 - 0x00007ffc2724d000 	C:\WINDOWS\SYSTEM32\winmmbase.dll
0x00007ffc32f50000 - 0x00007ffc32f9a000 	C:\WINDOWS\System32\cfgmgr32.dll
0x00007ffc2bf40000 - 0x00007ffc2bf4f000 	C:\Program Files\Android\Android Studio\jre\jre\bin\verify.dll
0x00007ffc1dde0000 - 0x00007ffc1de09000 	C:\Program Files\Android\Android Studio\jre\jre\bin\java.dll
0x00007ffc255c0000 - 0x00007ffc255d6000 	C:\Program Files\Android\Android Studio\jre\jre\bin\zip.dll
0x00007ffc335f0000 - 0x00007ffc34adf000 	C:\WINDOWS\System32\SHELL32.dll
0x00007ffc350e0000 - 0x00007ffc35188000 	C:\WINDOWS\System32\shcore.dll
0x00007ffc32100000 - 0x00007ffc32848000 	C:\WINDOWS\System32\windows.storage.dll
0x00007ffc32060000 - 0x00007ffc32084000 	C:\WINDOWS\System32\profapi.dll
0x00007ffc32000000 - 0x00007ffc3205d000 	C:\WINDOWS\System32\powrprof.dll
0x00007ffc35650000 - 0x00007ffc356a2000 	C:\WINDOWS\System32\shlwapi.dll
0x00007ffc32090000 - 0x00007ffc320a1000 	C:\WINDOWS\System32\kernel.appcore.dll
0x00007ffc331f0000 - 0x00007ffc33207000 	C:\WINDOWS\System32\cryptsp.dll
0x00007ffc1ddc0000 - 0x00007ffc1ddda000 	C:\Program Files\Android\Android Studio\jre\jre\bin\net.dll
0x00007ffc31890000 - 0x00007ffc318f7000 	C:\WINDOWS\system32\mswsock.dll
0x00007ffc18580000 - 0x00007ffc18591000 	C:\Program Files\Android\Android Studio\jre\jre\bin\nio.dll
0x00007ffc16360000 - 0x00007ffc1637e000 	C:\Users\RAHUL TIWARI\.gradle\native\25\windows-amd64\native-platform.dll
0x00007ffc2e0f0000 - 0x00007ffc2e0fd000 	C:\Program Files\Android\Android Studio\jre\jre\bin\management.dll
0x00007ffc31450000 - 0x00007ffc31483000 	C:\WINDOWS\system32\rsaenh.dll
0x00007ffc320d0000 - 0x00007ffc320f6000 	C:\WINDOWS\System32\bcrypt.dll
0x00007ffc31f30000 - 0x00007ffc31f58000 	C:\WINDOWS\SYSTEM32\USERENV.dll
0x00007ffc31a60000 - 0x00007ffc31a6c000 	C:\WINDOWS\SYSTEM32\CRYPTBASE.dll
0x00007ffc315f0000 - 0x00007ffc3162d000 	C:\WINDOWS\SYSTEM32\IPHLPAPI.DLL
0x00007ffc35fc0000 - 0x00007ffc35fc8000 	C:\WINDOWS\System32\NSI.dll
0x00007ffc2a810000 - 0x00007ffc2a826000 	C:\WINDOWS\SYSTEM32\dhcpcsvc6.DLL
0x00007ffc2a4f0000 - 0x00007ffc2a50c000 	C:\WINDOWS\SYSTEM32\dhcpcsvc.DLL
0x00007ffc31640000 - 0x00007ffc31706000 	C:\WINDOWS\SYSTEM32\DNSAPI.dll

VM Arguments:
jvm_args: -Xmx1536m -Dfile.encoding=windows-1252 -Duser.country=IN -Duser.language=en -Duser.variant 
java_command: org.gradle.launcher.daemon.bootstrap.GradleDaemon 4.4
java_class_path (initial): C:\Users\RAHUL TIWARI\.gradle\wrapper\dists\gradle-4.4-all\9br9xq1tocpiv8o6njlyu5op1\gradle-4.4\lib\gradle-launcher-4.4.jar
Launcher Type: SUN_STANDARD

Environment Variables:
PATH=C:\Program Files\Python37\Scripts\;C:\Program Files\Python37\;C:\Python37\Scripts\;C:\Python37\;C:\oraclexe\app\oracle\product\10.2.0\server\bin;C:\ProgramData\Oracle\Java\javapath;C:\Windows\system32;C:\Windows;C:\Windows\System32\Wbem;C:\Windows\System32\WindowsPowerShell\v1.0\;C:\Program Files (x86)\NVIDIA Corporation\PhysX\Common;C:\WINDOWS\system32;C:\WINDOWS;C:\WINDOWS\System32\Wbem;C:\WINDOWS\System32\WindowsPowerShell\v1.0\;C:\Program Files\Java\jdk1.8.0_101\bin;C:\Program Files\Git\cmd;C:\oraclexe\app\oracle\product\10.2.0\server\jdbc\lib\ojdbc14.jar;.;C:\WINDOWS\System32\OpenSSH\;C:\Python37\Scripts\;C:\Users\RAHUL TIWARI\Anaconda3;C:\Users\RAHUL TIWARI\Anaconda3\Library\mingw-w64\bin;C:\Users\RAHUL TIWARI\Anaconda3\Library\usr\bin;C:\Users\RAHUL TIWARI\Anaconda3\Library\bin;C:\Users\RAHUL TIWARI\Anaconda3\Scripts;C:\oraclexe\app\oracle\product\10.2.0\server\bin;C:\ProgramData\Oracle\Java\javapath;C:\Windows\system32;C:\Windows;C:\Windows\System32\Wbem;C:\Windows\System32\WindowsPowerShell\v1.0\;C:\Program Files (x86)\NVIDIA Corporation\PhysX\Common;C:\WINDOWS\system32;C:\WINDOWS;C:\WINDOWS\System32\Wbem;C:\WINDOWS\System32\WindowsPowerShell\v1.0\;C:\Program Files\Java\jdk1.8.0_101\bin;C:\Program Files\Git\cmd;C:\oraclexe\app\oracle\product\10.2.0\server\jdbc\lib\ojdbc14.jar;.;C:\WINDOWS\System32\OpenSSH\;C:\Users\RAHUL TIWARI\AppData\Local\Microsoft\WindowsApps;C:\Users\RAHUL TIWARI\AppData\Local\GitHubDesktop\bin;C:\Program Files\Microsoft VS Code\bin;C:\Python37\;%USERPROFILE%\AppData\Local\Microsoft\WindowsApps;
USERNAME=RAHUL   TIWARI
OS=Windows_NT
PROCESSOR_IDENTIFIER=Intel64 Family 6 Model 142 Stepping 9, GenuineIntel



---------------  S Y S T E M  ---------------

OS: Windows 10.0 , 64 bit Build 17763 (10.0.17763.1)

CPU:total 4 (initial active 4) (2 cores per cpu, 2 threads per core) family 6 model 142 stepping 9, cmov, cx8, fxsr, mmx, sse, sse2, sse3, ssse3, sse4.1, sse4.2, popcnt, avx, avx2, aes, clmul, erms, 3dnowpref, lzcnt, ht, tsc, tscinvbit, bmi1, bmi2, adx

Memory: 4k page, physical 8286436k(1384940k free), swap 8286436k(5144k free)

vm_info: OpenJDK 64-Bit Server VM (25.152-b02) for windows-amd64 JRE (1.8.0_152-release-1024-b02), built by "builder" with MS VC++ 10.0 (VS2010)

time: Tue Mar 05 16:51:14 2019
elapsed time: 10 seconds (0d 0h 0m 10s)

