#
# There is insufficient memory for the Java Runtime Environment to continue.
# Native memory allocation (malloc) failed to allocate 1205296 bytes for Chunk::new
# Possible reasons:
#   The system is out of physical RAM or swap space
#   In 32 bit mode, the process size limit was hit
# Possible solutions:
#   Reduce memory load on the system
#   Increase physical memory or swap space
#   Check if swap backing store is full
#   Use 64 bit Java on a 64 bit OS
#   Decrease Java heap size (-Xmx/-Xms)
#   Decrease number of Java threads
#   Decrease Java thread stack sizes (-Xss)
#   Set larger code cache with -XX:ReservedCodeCacheSize=
# This output file may be truncated or incomplete.
#
#  Out of Memory Error (allocation.cpp:390), pid=12748, tid=0x0000000000001c88
#
# JRE version: OpenJDK Runtime Environment (8.0_152-b02) (build 1.8.0_152-release-1024-b02)
# Java VM: OpenJDK 64-Bit Server VM (25.152-b02 mixed mode windows-amd64 compressed oops)
# Failed to write core dump. Minidumps are not enabled by default on client versions of Windows
#

---------------  T H R E A D  ---------------

Current thread (0x0000000016625000):  JavaThread "C2 CompilerThread1" daemon [_thread_in_native, id=7304, stack(0x0000000017d80000,0x0000000017e80000)]

Stack: [0x0000000017d80000,0x0000000017e80000]
[error occurred during error reporting (printing stack bounds), id 0xc0000005]

Native frames: (J=compiled Java code, j=interpreted, Vv=VM code, C=native code)


Current CompileTask:
C2:3485370 22058       4       com.android.tools.r8.ir.code.Phi::removeTrivialPhi (304 bytes)


---------------  P R O C E S S  ---------------

Java Threads: ( => current thread )
  0x0000000021563000 JavaThread "pool-31-thread-2" [_thread_in_Java, id=12372, stack(0x0000000038490000,0x0000000038590000)]
  0x0000000021561800 JavaThread "pool-31-thread-1" [_thread_blocked, id=9080, stack(0x0000000038390000,0x0000000038490000)]
  0x0000000021566000 JavaThread "pool-30-thread-2" [_thread_blocked, id=1740, stack(0x0000000038290000,0x0000000038390000)]
  0x0000000021565800 JavaThread "pool-30-thread-1" [_thread_blocked, id=11916, stack(0x0000000038190000,0x0000000038290000)]
  0x000000001cab1800 JavaThread "pool-19-thread-2" [_thread_blocked, id=1176, stack(0x0000000036c90000,0x0000000036d90000)]
  0x0000000020f02000 JavaThread "pool-19-thread-1" [_thread_in_Java, id=9592, stack(0x0000000036b90000,0x0000000036c90000)]
  0x000000001caa9800 JavaThread "ForkJoinPool.commonPool-worker-1" daemon [_thread_blocked, id=5284, stack(0x0000000035690000,0x0000000035790000)]
  0x000000001cab0000 JavaThread "ForkJoinPool.commonPool-worker-0" daemon [_thread_in_native, id=10892, stack(0x0000000035590000,0x0000000035690000)]
  0x000000001caa8800 JavaThread "ForkJoinPool.commonPool-worker-3" daemon [_thread_blocked, id=2112, stack(0x0000000035490000,0x0000000035590000)]
  0x000000001caab000 JavaThread "Cache worker for Java compile cache (C:\Users\RAHUL TIWARI\AndroidStudioProjects\voice_to_text\.gradle\4.4\javaCompile)" [_thread_blocked, id=6776, stack(0x0000000035390000,0x0000000035490000)]
  0x000000001caa7000 JavaThread "RMI TCP Connection(5)-127.0.0.1" daemon [_thread_in_native, id=9488, stack(0x0000000035290000,0x0000000035390000)]
  0x000000001c68e000 JavaThread "Task worker for ':' Thread 3" [_thread_blocked, id=9344, stack(0x0000000034f90000,0x0000000035090000)]
  0x000000001c691800 JavaThread "Task worker for ':' Thread 2" [_thread_blocked, id=12760, stack(0x0000000034e90000,0x0000000034f90000)]
  0x000000001c68d000 JavaThread "Task worker for ':'" [_thread_blocked, id=7192, stack(0x0000000034d90000,0x0000000034e90000)]
  0x000000001c692800 JavaThread "Cache worker for Build Output Cleanup Cache (C:\Users\RAHUL TIWARI\AndroidStudioProjects\voice_to_text\.gradle\buildOutputCleanup)" [_thread_blocked, id=10788, stack(0x0000000034c90000,0x0000000034d90000)]
  0x000000001c68e800 JavaThread "Cache worker for task history cache (C:\Users\RAHUL TIWARI\AndroidStudioProjects\voice_to_text\.gradle\4.4\taskHistory)" [_thread_blocked, id=5700, stack(0x0000000034b90000,0x0000000034c90000)]
  0x000000001c685000 JavaThread "Cache worker for file content cache (C:\Users\RAHUL TIWARI\AndroidStudioProjects\voice_to_text\.gradle\4.4\fileContent)" [_thread_blocked, id=6344, stack(0x0000000034a90000,0x0000000034b90000)]
  0x000000001c68b800 JavaThread "build operations Thread 4" [_thread_blocked, id=11544, stack(0x0000000034990000,0x0000000034a90000)]
  0x000000001c687000 JavaThread "build operations Thread 3" [_thread_blocked, id=924, stack(0x0000000034890000,0x0000000034990000)]
  0x000000001c688000 JavaThread "build operations Thread 2" [_thread_blocked, id=4536, stack(0x0000000034790000,0x0000000034890000)]
  0x000000001c686800 JavaThread "build operations" [_thread_blocked, id=8996, stack(0x0000000034690000,0x0000000034790000)]
  0x000000001c68b000 JavaThread "Cache worker for Artifact transforms cache (C:\Users\RAHUL TIWARI\.gradle\caches\transforms-1)" [_thread_blocked, id=5184, stack(0x0000000034590000,0x0000000034690000)]
  0x000000001c683800 JavaThread "Cache worker for file hash cache (C:\Users\RAHUL TIWARI\AndroidStudioProjects\voice_to_text\.gradle\4.4\fileHashes)" [_thread_blocked, id=7544, stack(0x0000000034490000,0x0000000034590000)]
  0x000000001c684000 JavaThread "Stdin handler" [_thread_blocked, id=10092, stack(0x0000000034390000,0x0000000034490000)]
  0x000000001c685800 JavaThread "Asynchronous log dispatcher for DefaultDaemonConnection: socket connection from /127.0.0.1:64800 to /127.0.0.1:49712" [_thread_blocked, id=8828, stack(0x0000000034290000,0x0000000034390000)]
  0x0000000018733800 JavaThread "Daemon worker Thread 5" [_thread_blocked, id=10556, stack(0x0000000034190000,0x0000000034290000)]
  0x0000000018737800 JavaThread "Cancel handler" [_thread_blocked, id=1724, stack(0x0000000034090000,0x0000000034190000)]
  0x0000000018732000 JavaThread "Handler for socket connection from /127.0.0.1:64800 to /127.0.0.1:49712" [_thread_in_native, id=11556, stack(0x0000000033f90000,0x0000000034090000)]
  0x0000000018736800 JavaThread "Daemon Thread 5" [_thread_blocked, id=11900, stack(0x0000000033e90000,0x0000000033f90000)]
  0x0000000018736000 JavaThread "RMI RenewClean-[localhost:17911,org.jetbrains.kotlin.daemon.common.LoopbackNetworkInterface$ClientLoopbackSocketFactory@46c8772e]" daemon [_thread_blocked, id=324, stack(0x0000000033a90000,0x0000000033b90000)]
  0x000000001caae000 JavaThread "RMI Reaper" [_thread_blocked, id=1608, stack(0x000000002ed90000,0x000000002ee90000)]
  0x000000001caa5800 JavaThread "RMI TCP Accept-0" daemon [_thread_in_native, id=6436, stack(0x000000002ec90000,0x000000002ed90000)]
  0x000000001caa6800 JavaThread "GC Daemon" daemon [_thread_blocked, id=9352, stack(0x000000002eb90000,0x000000002ec90000)]
  0x000000001caaa000 JavaThread "RMI Scheduler(0)" daemon [_thread_blocked, id=4864, stack(0x000000002e990000,0x000000002ea90000)]
  0x000000001caab800 JavaThread "Java2D Disposer" daemon [_thread_blocked, id=10688, stack(0x0000000026c90000,0x0000000026d90000)]
  0x000000001c68a000 JavaThread "Memory manager" [_thread_blocked, id=5452, stack(0x0000000020580000,0x0000000020680000)]
  0x0000000018739000 JavaThread "pool-1-thread-1" [_thread_blocked, id=12128, stack(0x0000000020280000,0x0000000020380000)]
  0x000000001969d000 JavaThread "File lock request listener" [_thread_in_native, id=13264, stack(0x000000001c0a0000,0x000000001c1a0000)]
  0x0000000019696000 JavaThread "Cache worker for file hash cache (C:\Users\RAHUL TIWARI\.gradle\caches\4.4\fileHashes)" [_thread_blocked, id=5792, stack(0x000000001afd0000,0x000000001b0d0000)]
  0x000000001930c000 JavaThread "Daemon periodic checks" [_thread_blocked, id=2648, stack(0x000000001a4d0000,0x000000001a5d0000)]
  0x0000000019559800 JavaThread "Incoming local TCP Connector on port 64800" [_thread_in_native, id=12304, stack(0x000000001a290000,0x000000001a390000)]
  0x000000001667c800 JavaThread "Service Thread" daemon [_thread_blocked, id=10280, stack(0x0000000018380000,0x0000000018480000)]
  0x0000000016629000 JavaThread "C1 CompilerThread2" daemon [_thread_blocked, id=4392, stack(0x0000000017e80000,0x0000000017f80000)]
=>0x0000000016625000 JavaThread "C2 CompilerThread1" daemon [_thread_in_native, id=7304, stack(0x0000000017d80000,0x0000000017e80000)]
  0x000000001661c000 JavaThread "C2 CompilerThread0" daemon [_thread_in_native, id=1624, stack(0x0000000017c80000,0x0000000017d80000)]
  0x000000001661a800 JavaThread "Attach Listener" daemon [_thread_blocked, id=500, stack(0x0000000017b80000,0x0000000017c80000)]
  0x0000000016619800 JavaThread "Signal Dispatcher" daemon [_thread_blocked, id=10044, stack(0x0000000017a80000,0x0000000017b80000)]
  0x0000000002bac800 JavaThread "Finalizer" daemon [_thread_blocked, id=2708, stack(0x0000000017880000,0x0000000017980000)]
  0x0000000002ba1800 JavaThread "Reference Handler" daemon [_thread_blocked, id=10168, stack(0x0000000017780000,0x0000000017880000)]
  0x0000000002ab2800 JavaThread "main" [_thread_blocked, id=13020, stack(0x00000000028e0000,0x00000000029e0000)]

Other Threads:
  0x00000000165e5000 VMThread [stack: 0x0000000017680000,0x0000000017780000] [id=10256]
  0x000000001667d800 WatcherThread [stack: 0x0000000018480000,0x0000000018580000] [id=11140]

VM state:not at safepoint (normal execution)

VM Mutex/Monitor currently owned by a thread: None

Heap:
 PSYoungGen      total 299520K, used 203320K [0x00000000e0000000, 0x00000000f7880000, 0x0000000100000000)
  eden space 253440K, 76% used [0x00000000e0000000,0x00000000ebc3d030,0x00000000ef780000)
  from space 46080K, 22% used [0x00000000ef780000,0x00000000f01d1020,0x00000000f2480000)
  to   space 42496K, 0% used [0x00000000f4f00000,0x00000000f4f00000,0x00000000f7880000)
 ParOldGen       total 198656K, used 62580K [0x00000000a0000000, 0x00000000ac200000, 0x00000000e0000000)
  object space 198656K, 31% used [0x00000000a0000000,0x00000000a3d1d0f8,0x00000000ac200000)
 Metaspace       used 97245K, capacity 101224K, committed 102616K, reserved 1138688K
  class space    used 12125K, capacity 12963K, committed 13312K, reserved 1048576K

Card table byte_map: [0x0000000012070000,0x0000000012380000] byte_map_base: 0x0000000011b70000

Marking Bits: (ParMarkBitMap*) 0x0000000070174970
 Begin Bits: [0x0000000012980000, 0x0000000014180000)
 End Bits:   [0x0000000014180000, 0x0000000015980000)

Polling page: 0x0000000000c00000

CodeCache: size=245760Kb used=60366Kb max_used=60573Kb free=185393Kb
 bounds [0x0000000002cb0000, 0x0000000006840000, 0x0000000011cb0000]
 total_blobs=18818 nmethods=17802 adapters=925
 compilation: enabled

Compilation events (10 events):
Event: 3485.239 Thread 0x0000000016629000 22103       2       java.util.concurrent.atomic.AtomicInteger::<init> (10 bytes)
Event: 3485.240 Thread 0x0000000016629000 nmethod 22103 0x000000000649eb90 code [0x000000000649ece0, 0x000000000649ee30]
Event: 3485.328 Thread 0x0000000016629000 22104       2       java.util.concurrent.ThreadPoolExecutor::ctlOf (4 bytes)
Event: 3485.329 Thread 0x0000000016629000 nmethod 22104 0x0000000006814710 code [0x0000000006814860, 0x0000000006814990]
Event: 3485.353 Thread 0x0000000016629000 22106       1       com.android.tools.r8.ir.code.ArrayPut::isArrayPut (2 bytes)
Event: 3485.354 Thread 0x0000000016629000 nmethod 22106 0x0000000006480a50 code [0x0000000006480ba0, 0x0000000006480cb0]
Event: 3485.355 Thread 0x0000000016629000 22108       1       com.android.tools.r8.ir.code.ConstNumber::getRawValue (5 bytes)
Event: 3485.355 Thread 0x0000000016629000 nmethod 22108 0x0000000006583c50 code [0x0000000006583da0, 0x0000000006583eb0]
Event: 3485.357 Thread 0x0000000016629000 22107       2       com.android.tools.r8.com.google.common.collect.RegularImmutableSet::contains (56 bytes)
Event: 3485.357 Thread 0x0000000016629000 nmethod 22107 0x0000000006541750 code [0x00000000065418e0, 0x0000000006541bf8]

GC Heap History (10 events):
Event: 3480.676 GC heap before
{Heap before GC invocations=33 (full 4):
 PSYoungGen      total 252928K, used 218594K [0x00000000e0000000, 0x00000000f2580000, 0x0000000100000000)
  eden space 206848K, 100% used [0x00000000e0000000,0x00000000eca00000,0x00000000eca00000)
  from space 46080K, 25% used [0x00000000ef700000,0x00000000f0278908,0x00000000f2400000)
  to   space 46080K, 0% used [0x00000000eca00000,0x00000000eca00000,0x00000000ef700000)
 ParOldGen       total 198656K, used 59616K [0x00000000a0000000, 0x00000000ac200000, 0x00000000e0000000)
  object space 198656K, 30% used [0x00000000a0000000,0x00000000a3a380d8,0x00000000ac200000)
 Metaspace       used 96837K, capacity 100814K, committed 102360K, reserved 1138688K
  class space    used 12108K, capacity 12926K, committed 13312K, reserved 1048576K
Event: 3480.691 GC heap after
Heap after GC invocations=33 (full 4):
 PSYoungGen      total 252928K, used 11779K [0x00000000e0000000, 0x00000000f5180000, 0x0000000100000000)
  eden space 206848K, 0% used [0x00000000e0000000,0x00000000e0000000,0x00000000eca00000)
  from space 46080K, 25% used [0x00000000eca00000,0x00000000ed580f58,0x00000000ef700000)
  to   space 46080K, 0% used [0x00000000f2480000,0x00000000f2480000,0x00000000f5180000)
 ParOldGen       total 198656K, used 59624K [0x00000000a0000000, 0x00000000ac200000, 0x00000000e0000000)
  object space 198656K, 30% used [0x00000000a0000000,0x00000000a3a3a0d8,0x00000000ac200000)
 Metaspace       used 96837K, capacity 100814K, committed 102360K, reserved 1138688K
  class space    used 12108K, capacity 12926K, committed 13312K, reserved 1048576K
}
Event: 3481.464 GC heap before
{Heap before GC invocations=34 (full 4):
 PSYoungGen      total 252928K, used 218627K [0x00000000e0000000, 0x00000000f5180000, 0x0000000100000000)
  eden space 206848K, 100% used [0x00000000e0000000,0x00000000eca00000,0x00000000eca00000)
  from space 46080K, 25% used [0x00000000eca00000,0x00000000ed580f58,0x00000000ef700000)
  to   space 46080K, 0% used [0x00000000f2480000,0x00000000f2480000,0x00000000f5180000)
 ParOldGen       total 198656K, used 59624K [0x00000000a0000000, 0x00000000ac200000, 0x00000000e0000000)
  object space 198656K, 30% used [0x00000000a0000000,0x00000000a3a3a0d8,0x00000000ac200000)
 Metaspace       used 96966K, capacity 100886K, committed 102360K, reserved 1138688K
  class space    used 12113K, capacity 12926K, committed 13312K, reserved 1048576K
Event: 3481.481 GC heap after
Heap after GC invocations=34 (full 4):
 PSYoungGen      total 299520K, used 9586K [0x00000000e0000000, 0x00000000f5180000, 0x0000000100000000)
  eden space 253440K, 0% used [0x00000000e0000000,0x00000000e0000000,0x00000000ef780000)
  from space 46080K, 20% used [0x00000000f2480000,0x00000000f2ddc978,0x00000000f5180000)
  to   space 46080K, 0% used [0x00000000ef780000,0x00000000ef780000,0x00000000f2480000)
 ParOldGen       total 198656K, used 59632K [0x00000000a0000000, 0x00000000ac200000, 0x00000000e0000000)
  object space 198656K, 30% used [0x00000000a0000000,0x00000000a3a3c0d8,0x00000000ac200000)
 Metaspace       used 96966K, capacity 100886K, committed 102360K, reserved 1138688K
  class space    used 12113K, capacity 12926K, committed 13312K, reserved 1048576K
}
Event: 3482.638 GC heap before
{Heap before GC invocations=35 (full 4):
 PSYoungGen      total 299520K, used 263026K [0x00000000e0000000, 0x00000000f5180000, 0x0000000100000000)
  eden space 253440K, 100% used [0x00000000e0000000,0x00000000ef780000,0x00000000ef780000)
  from space 46080K, 20% used [0x00000000f2480000,0x00000000f2ddc978,0x00000000f5180000)
  to   space 46080K, 0% used [0x00000000ef780000,0x00000000ef780000,0x00000000f2480000)
 ParOldGen       total 198656K, used 59632K [0x00000000a0000000, 0x00000000ac200000, 0x00000000e0000000)
  object space 198656K, 30% used [0x00000000a0000000,0x00000000a3a3c0d8,0x00000000ac200000)
 Metaspace       used 97131K, capacity 101144K, committed 102616K, reserved 1138688K
  class space    used 12123K, capacity 12963K, committed 13312K, reserved 1048576K
Event: 3482.660 GC heap after
Heap after GC invocations=35 (full 4):
 PSYoungGen      total 299520K, used 13442K [0x00000000e0000000, 0x00000000f5180000, 0x0000000100000000)
  eden space 253440K, 0% used [0x00000000e0000000,0x00000000e0000000,0x00000000ef780000)
  from space 46080K, 29% used [0x00000000ef780000,0x00000000f04a0850,0x00000000f2480000)
  to   space 46080K, 0% used [0x00000000f2480000,0x00000000f2480000,0x00000000f5180000)
 ParOldGen       total 198656K, used 59640K [0x00000000a0000000, 0x00000000ac200000, 0x00000000e0000000)
  object space 198656K, 30% used [0x00000000a0000000,0x00000000a3a3e0d8,0x00000000ac200000)
 Metaspace       used 97131K, capacity 101144K, committed 102616K, reserved 1138688K
  class space    used 12123K, capacity 12963K, committed 13312K, reserved 1048576K
}
Event: 3483.668 GC heap before
{Heap before GC invocations=36 (full 4):
 PSYoungGen      total 299520K, used 266882K [0x00000000e0000000, 0x00000000f5180000, 0x0000000100000000)
  eden space 253440K, 100% used [0x00000000e0000000,0x00000000ef780000,0x00000000ef780000)
  from space 46080K, 29% used [0x00000000ef780000,0x00000000f04a0850,0x00000000f2480000)
  to   space 46080K, 0% used [0x00000000f2480000,0x00000000f2480000,0x00000000f5180000)
 ParOldGen       total 198656K, used 59640K [0x00000000a0000000, 0x00000000ac200000, 0x00000000e0000000)
  object space 198656K, 30% used [0x00000000a0000000,0x00000000a3a3e0d8,0x00000000ac200000)
 Metaspace       used 97191K, capacity 101156K, committed 102616K, reserved 1138688K
  class space    used 12123K, capacity 12963K, committed 13312K, reserved 1048576K
Event: 3483.692 GC heap after
Heap after GC invocations=36 (full 4):
 PSYoungGen      total 299520K, used 17989K [0x00000000e0000000, 0x00000000f5180000, 0x0000000100000000)
  eden space 253440K, 0% used [0x00000000e0000000,0x00000000e0000000,0x00000000ef780000)
  from space 46080K, 39% used [0x00000000f2480000,0x00000000f3611790,0x00000000f5180000)
  to   space 46080K, 0% used [0x00000000ef780000,0x00000000ef780000,0x00000000f2480000)
 ParOldGen       total 198656K, used 59648K [0x00000000a0000000, 0x00000000ac200000, 0x00000000e0000000)
  object space 198656K, 30% used [0x00000000a0000000,0x00000000a3a400d8,0x00000000ac200000)
 Metaspace       used 97191K, capacity 101156K, committed 102616K, reserved 1138688K
  class space    used 12123K, capacity 12963K, committed 13312K, reserved 1048576K
}
Event: 3484.543 GC heap before
{Heap before GC invocations=37 (full 4):
 PSYoungGen      total 299520K, used 271429K [0x00000000e0000000, 0x00000000f5180000, 0x0000000100000000)
  eden space 253440K, 100% used [0x00000000e0000000,0x00000000ef780000,0x00000000ef780000)
  from space 46080K, 39% used [0x00000000f2480000,0x00000000f3611790,0x00000000f5180000)
  to   space 46080K, 0% used [0x00000000ef780000,0x00000000ef780000,0x00000000f2480000)
 ParOldGen       total 198656K, used 59648K [0x00000000a0000000, 0x00000000ac200000, 0x00000000e0000000)
  object space 198656K, 30% used [0x00000000a0000000,0x00000000a3a400d8,0x00000000ac200000)
 Metaspace       used 97218K, capacity 101220K, committed 102616K, reserved 1138688K
  class space    used 12125K, capacity 12963K, committed 13312K, reserved 1048576K
Event: 3484.561 GC heap after
Heap after GC invocations=37 (full 4):
 PSYoungGen      total 299520K, used 10564K [0x00000000e0000000, 0x00000000f7880000, 0x0000000100000000)
  eden space 253440K, 0% used [0x00000000e0000000,0x00000000e0000000,0x00000000ef780000)
  from space 46080K, 22% used [0x00000000ef780000,0x00000000f01d1020,0x00000000f2480000)
  to   space 42496K, 0% used [0x00000000f4f00000,0x00000000f4f00000,0x00000000f7880000)
 ParOldGen       total 198656K, used 62580K [0x00000000a0000000, 0x00000000ac200000, 0x00000000e0000000)
  object space 198656K, 31% used [0x00000000a0000000,0x00000000a3d1d0f8,0x00000000ac200000)
 Metaspace       used 97218K, capacity 101220K, committed 102616K, reserved 1138688K
  class space    used 12125K, capacity 12963K, committed 13312K, reserved 1048576K
}

Deoptimization events (10 events):
Event: 3481.715 Thread 0x0000000020f05000 Uncommon trap: reason=unstable_if action=reinterpret pc=0x0000000006116c94 method=com.android.tools.r8.org.objectweb.asm.ClassReader.readUTF(II[C)Ljava/lang/String; @ 77
Event: 3481.716 Thread 0x0000000020f05000 Uncommon trap: reason=unstable_if action=reinterpret pc=0x000000000611563c method=com.android.tools.r8.org.objectweb.asm.ClassReader.readUTF(II[C)Ljava/lang/String; @ 77
Event: 3481.740 Thread 0x000000001cab3000 Uncommon trap: reason=predicate action=maybe_recompile pc=0x00000000065db7f4 method=com.android.tools.r8.org.objectweb.asm.ClassReader.readCode(Lcom/android/tools/r8/org/objectweb/asm/MethodVisitor;Lcom/android/tools/r8/org/objectweb/asm/Context;I)V @ 152
Event: 3481.747 Thread 0x000000001cab3000 Uncommon trap: reason=predicate action=maybe_recompile pc=0x000000000636d2bc method=com.android.tools.r8.org.objectweb.asm.ClassReader.readCode(Lcom/android/tools/r8/org/objectweb/asm/MethodVisitor;Lcom/android/tools/r8/org/objectweb/asm/Context;I)V @ 152
Event: 3481.847 Thread 0x0000000020f05000 Uncommon trap: reason=unstable_if action=reinterpret pc=0x000000000665b8c8 method=com.android.tools.r8.ir.conversion.JarSourceCode.getDebugPositionAtOffset(I)Lcom/android/tools/r8/ir/code/Position; @ 58
Event: 3481.884 Thread 0x0000000020f05000 Uncommon trap: reason=unstable_if action=reinterpret pc=0x000000000664bd84 method=com.android.tools.r8.ir.code.Instruction.replaceDebugValue(Lcom/android/tools/r8/ir/code/Value;Lcom/android/tools/r8/ir/code/Value;)V @ 17
Event: 3482.125 Thread 0x000000001cab3000 Uncommon trap: reason=unstable_if action=reinterpret pc=0x0000000006155a78 method=com.android.tools.r8.graph.DexString.decode()Ljava/lang/String; @ 53
Event: 3482.759 Thread 0x0000000020f05000 Uncommon trap: reason=unstable_if action=reinterpret pc=0x00000000061540f0 method=java.util.concurrent.ConcurrentHashMap.computeIfAbsent(Ljava/lang/Object;Ljava/util/function/Function;)Ljava/lang/Object; @ 281
Event: 3483.162 Thread 0x000000001cab1800 Uncommon trap: reason=unstable_if action=reinterpret pc=0x00000000067a30d4 method=com.android.tools.r8.ir.regalloc.LinearScanRegisterAllocator.allocateSingleInterval(Lcom/android/tools/r8/ir/regalloc/LiveIntervals;Lcom/android/tools/r8/ir/regalloc/LinearS
Event: 3483.742 Thread 0x000000001cab0000 Uncommon trap: reason=class_check action=maybe_recompile pc=0x0000000002f443f8 method=com.google.common.base.Joiner.toString(Ljava/lang/Object;)Ljava/lang/CharSequence; @ 6

Classes redefined (0 events):
No events

Internal exceptions (10 events):
Event: 3475.974 Thread 0x0000000018733800 Exception <a 'sun/nio/fs/WindowsException'> (0x00000000e6142718) thrown at [D:\src\AOSP-openjdk-cygwin\jdk8u\hotspot\src\share\vm\prims\jni.cpp, line 709]
Event: 3475.975 Thread 0x0000000018733800 Exception <a 'sun/nio/fs/WindowsException'> (0x00000000e61447f0) thrown at [D:\src\AOSP-openjdk-cygwin\jdk8u\hotspot\src\share\vm\prims\jni.cpp, line 709]
Event: 3475.980 Thread 0x0000000018733800 Exception <a 'sun/nio/fs/WindowsException'> (0x00000000e618c2d0) thrown at [D:\src\AOSP-openjdk-cygwin\jdk8u\hotspot\src\share\vm\prims\jni.cpp, line 709]
Event: 3475.980 Thread 0x0000000018733800 Exception <a 'sun/nio/fs/WindowsException'> (0x00000000e618d230) thrown at [D:\src\AOSP-openjdk-cygwin\jdk8u\hotspot\src\share\vm\prims\jni.cpp, line 709]
Event: 3475.980 Thread 0x0000000018733800 Exception <a 'sun/nio/fs/WindowsException'> (0x00000000e618f308) thrown at [D:\src\AOSP-openjdk-cygwin\jdk8u\hotspot\src\share\vm\prims\jni.cpp, line 709]
Event: 3475.985 Thread 0x0000000018733800 Exception <a 'sun/nio/fs/WindowsException'> (0x00000000e61c0808) thrown at [D:\src\AOSP-openjdk-cygwin\jdk8u\hotspot\src\share\vm\prims\jni.cpp, line 709]
Event: 3475.985 Thread 0x0000000018733800 Exception <a 'sun/nio/fs/WindowsException'> (0x00000000e61c1768) thrown at [D:\src\AOSP-openjdk-cygwin\jdk8u\hotspot\src\share\vm\prims\jni.cpp, line 709]
Event: 3475.985 Thread 0x0000000018733800 Exception <a 'sun/nio/fs/WindowsException'> (0x00000000e61c3840) thrown at [D:\src\AOSP-openjdk-cygwin\jdk8u\hotspot\src\share\vm\prims\jni.cpp, line 709]
Event: 3476.006 Thread 0x000000001caa8800 Exception <a 'java/lang/NoSuchMethodError': java.lang.Object.lambda$static$0(Ljava/lang/String;)Z> (0x00000000e6389a28) thrown at [D:\src\AOSP-openjdk-cygwin\jdk8u\hotspot\src\share\vm\interpreter\linkResolver.cpp, line 584]
Event: 3478.424 Thread 0x000000001cab1800 Implicit null exception at 0x0000000005cb075c to 0x0000000005cb07b1

Events (10 events):
Event: 3485.330 Executing VM operation: RevokeBias
Event: 3485.332 Executing VM operation: RevokeBias done
Event: 3485.332 Executing VM operation: RevokeBias
Event: 3485.332 Executing VM operation: RevokeBias done
Event: 3485.333 Executing VM operation: RevokeBias
Event: 3485.333 Executing VM operation: RevokeBias done
Event: 3485.333 Thread 0x0000000021564000 Thread exited: 0x0000000021564000
Event: 3485.333 Executing VM operation: BulkRevokeBias
Event: 3485.334 Executing VM operation: BulkRevokeBias done
Event: 3485.367 Thread 0x0000000021564800 Thread exited: 0x0000000021564800


Dynamic libraries:
0x00007ff77ecf0000 - 0x00007ff77ed21000 	C:\Program Files\Android\Android Studio\jre\bin\java.exe
0x00007ffc36000000 - 0x00007ffc361ed000 	C:\WINDOWS\SYSTEM32\ntdll.dll
0x00007ffc35520000 - 0x00007ffc355d3000 	C:\WINDOWS\System32\KERNEL32.DLL
0x00007ffc32930000 - 0x00007ffc32bc3000 	C:\WINDOWS\System32\KERNELBASE.dll
0x00007ffc352c0000 - 0x00007ffc35363000 	C:\WINDOWS\System32\ADVAPI32.dll
0x00007ffc35a20000 - 0x00007ffc35abe000 	C:\WINDOWS\System32\msvcrt.dll
0x00007ffc34eb0000 - 0x00007ffc34f4e000 	C:\WINDOWS\System32\sechost.dll
0x00007ffc33440000 - 0x00007ffc33563000 	C:\WINDOWS\System32\RPCRT4.dll
0x00007ffc35880000 - 0x00007ffc35a17000 	C:\WINDOWS\System32\USER32.dll
0x00007ffc33210000 - 0x00007ffc33230000 	C:\WINDOWS\System32\win32u.dll
0x00007ffc34e20000 - 0x00007ffc34e49000 	C:\WINDOWS\System32\GDI32.dll
0x00007ffc32fa0000 - 0x00007ffc3313a000 	C:\WINDOWS\System32\gdi32full.dll
0x00007ffc32eb0000 - 0x00007ffc32f50000 	C:\WINDOWS\System32\msvcp_win.dll
0x00007ffc32db0000 - 0x00007ffc32eac000 	C:\WINDOWS\System32\ucrtbase.dll
0x00007ffc1f930000 - 0x00007ffc1fba9000 	C:\WINDOWS\WinSxS\amd64_microsoft.windows.common-controls_6595b64144ccf1df_6.0.17763.107_none_05b63884071e656e\COMCTL32.dll
0x00007ffc34ae0000 - 0x00007ffc34e0e000 	C:\WINDOWS\System32\combase.dll
0x00007ffc32850000 - 0x00007ffc328ce000 	C:\WINDOWS\System32\bcryptPrimitives.dll
0x00007ffc332e0000 - 0x00007ffc3330e000 	C:\WINDOWS\System32\IMM32.DLL
0x000000006bb00000 - 0x000000006bbd2000 	C:\Program Files\Android\Android Studio\jre\jre\bin\msvcr100.dll
0x000000006f9b0000 - 0x00000000701ef000 	C:\Program Files\Android\Android Studio\jre\jre\bin\server\jvm.dll
0x00007ffc350b0000 - 0x00007ffc350b8000 	C:\WINDOWS\System32\PSAPI.DLL
0x00007ffc2ea50000 - 0x00007ffc2ea59000 	C:\WINDOWS\SYSTEM32\WSOCK32.dll
0x00007ffc27250000 - 0x00007ffc27274000 	C:\WINDOWS\SYSTEM32\WINMM.dll
0x00007ffc26a40000 - 0x00007ffc26a4a000 	C:\WINDOWS\SYSTEM32\VERSION.dll
0x00007ffc355e0000 - 0x00007ffc3564d000 	C:\WINDOWS\System32\WS2_32.dll
0x00007ffc27220000 - 0x00007ffc2724d000 	C:\WINDOWS\SYSTEM32\WINMMBASE.dll
0x00007ffc32f50000 - 0x00007ffc32f9a000 	C:\WINDOWS\System32\cfgmgr32.dll
0x00007ffc2bf40000 - 0x00007ffc2bf4f000 	C:\Program Files\Android\Android Studio\jre\jre\bin\verify.dll
0x00007ffc1dde0000 - 0x00007ffc1de09000 	C:\Program Files\Android\Android Studio\jre\jre\bin\java.dll
0x00007ffc255c0000 - 0x00007ffc255d6000 	C:\Program Files\Android\Android Studio\jre\jre\bin\zip.dll
0x00007ffc335f0000 - 0x00007ffc34adf000 	C:\WINDOWS\System32\SHELL32.dll
0x00007ffc350e0000 - 0x00007ffc35188000 	C:\WINDOWS\System32\shcore.dll
0x00007ffc32100000 - 0x00007ffc32848000 	C:\WINDOWS\System32\windows.storage.dll
0x00007ffc32060000 - 0x00007ffc32084000 	C:\WINDOWS\System32\profapi.dll
0x00007ffc32000000 - 0x00007ffc3205d000 	C:\WINDOWS\System32\powrprof.dll
0x00007ffc35650000 - 0x00007ffc356a2000 	C:\WINDOWS\System32\shlwapi.dll
0x00007ffc32090000 - 0x00007ffc320a1000 	C:\WINDOWS\System32\kernel.appcore.dll
0x00007ffc331f0000 - 0x00007ffc33207000 	C:\WINDOWS\System32\cryptsp.dll
0x00007ffc1ddc0000 - 0x00007ffc1ddda000 	C:\Program Files\Android\Android Studio\jre\jre\bin\net.dll
0x00007ffc31890000 - 0x00007ffc318f7000 	C:\WINDOWS\system32\mswsock.dll
0x00007ffc18580000 - 0x00007ffc18591000 	C:\Program Files\Android\Android Studio\jre\jre\bin\nio.dll
0x00007ffc16360000 - 0x00007ffc1637e000 	C:\Users\RAHUL TIWARI\.gradle\native\25\windows-amd64\native-platform.dll
0x00007ffc2e0f0000 - 0x00007ffc2e0fd000 	C:\Program Files\Android\Android Studio\jre\jre\bin\management.dll
0x00007ffc31450000 - 0x00007ffc31483000 	C:\WINDOWS\system32\rsaenh.dll
0x00007ffc320d0000 - 0x00007ffc320f6000 	C:\WINDOWS\System32\bcrypt.dll
0x00007ffc31f30000 - 0x00007ffc31f58000 	C:\WINDOWS\SYSTEM32\USERENV.dll
0x00007ffc31a60000 - 0x00007ffc31a6c000 	C:\WINDOWS\SYSTEM32\CRYPTBASE.dll
0x00007ffc315f0000 - 0x00007ffc3162d000 	C:\WINDOWS\SYSTEM32\IPHLPAPI.DLL
0x00007ffc35fc0000 - 0x00007ffc35fc8000 	C:\WINDOWS\System32\NSI.dll
0x00007ffc2a810000 - 0x00007ffc2a826000 	C:\WINDOWS\SYSTEM32\dhcpcsvc6.DLL
0x00007ffc2a4f0000 - 0x00007ffc2a50c000 	C:\WINDOWS\SYSTEM32\dhcpcsvc.DLL
0x00007ffc31640000 - 0x00007ffc31706000 	C:\WINDOWS\SYSTEM32\DNSAPI.dll
0x00007ffc17c10000 - 0x00007ffc17c34000 	C:\Program Files\Android\Android Studio\jre\jre\bin\sunec.dll
0x00007ffc28b50000 - 0x00007ffc28b5a000 	C:\Windows\System32\rasadhlp.dll
0x00007ffc28e00000 - 0x00007ffc28e79000 	C:\WINDOWS\System32\fwpuclnt.dll
0x00007ffc2a830000 - 0x00007ffc2a83b000 	C:\Program Files\Android\Android Studio\jre\jre\bin\sunmscapi.dll
0x00007ffc32bd0000 - 0x00007ffc32dab000 	C:\WINDOWS\System32\CRYPT32.dll
0x00007ffc320b0000 - 0x00007ffc320c2000 	C:\WINDOWS\System32\MSASN1.dll
0x00007ffbef4a0000 - 0x00007ffbef636000 	C:\Program Files\Android\Android Studio\jre\jre\bin\awt.dll
0x00007ffc35190000 - 0x00007ffc3525b000 	C:\WINDOWS\System32\OLEAUT32.dll
0x00007ffc2ed80000 - 0x00007ffc2f33e000 	C:\WINDOWS\SYSTEM32\d2d1.dll
0x00007ffc2ff30000 - 0x00007ffc2ffbc000 	C:\WINDOWS\SYSTEM32\apphelp.dll
0x00007ffc30850000 - 0x00007ffc3087e000 	C:\WINDOWS\system32\DWMAPI.DLL
0x00007ffc30070000 - 0x00007ffc3010c000 	C:\WINDOWS\system32\uxtheme.dll
0x00007ffc2bf60000 - 0x00007ffc2bf7e000 	C:\Users\RAHUL TIWARI\AppData\Local\Temp\native-platform3646157154283656436dir\native-platform.dll

VM Arguments:
jvm_args: -Xmx1536m -Dfile.encoding=windows-1252 -Duser.country=IN -Duser.language=en -Duser.variant 
java_command: org.gradle.launcher.daemon.bootstrap.GradleDaemon 4.4
java_class_path (initial): C:\Users\RAHUL TIWARI\.gradle\wrapper\dists\gradle-4.4-all\9br9xq1tocpiv8o6njlyu5op1\gradle-4.4\lib\gradle-launcher-4.4.jar
Launcher Type: SUN_STANDARD

Environment Variables:
PATH=C:\Program Files\Python37\Scripts\;C:\Program Files\Python37\;C:\Python37\Scripts\;C:\Python37\;C:\oraclexe\app\oracle\product\10.2.0\server\bin;C:\ProgramData\Oracle\Java\javapath;C:\Windows\system32;C:\Windows;C:\Windows\System32\Wbem;C:\Windows\System32\WindowsPowerShell\v1.0\;C:\Program Files (x86)\NVIDIA Corporation\PhysX\Common;C:\WINDOWS\system32;C:\WINDOWS;C:\WINDOWS\System32\Wbem;C:\WINDOWS\System32\WindowsPowerShell\v1.0\;C:\Program Files\Java\jdk1.8.0_101\bin;C:\Program Files\Git\cmd;C:\oraclexe\app\oracle\product\10.2.0\server\jdbc\lib\ojdbc14.jar;.;C:\WINDOWS\System32\OpenSSH\;C:\Python37\Scripts\;C:\Users\RAHUL TIWARI\Anaconda3;C:\Users\RAHUL TIWARI\Anaconda3\Library\mingw-w64\bin;C:\Users\RAHUL TIWARI\Anaconda3\Library\usr\bin;C:\Users\RAHUL TIWARI\Anaconda3\Library\bin;C:\Users\RAHUL TIWARI\Anaconda3\Scripts;C:\oraclexe\app\oracle\product\10.2.0\server\bin;C:\ProgramData\Oracle\Java\javapath;C:\Windows\system32;C:\Windows;C:\Windows\System32\Wbem;C:\Windows\System32\WindowsPowerShell\v1.0\;C:\Program Files (x86)\NVIDIA Corporation\PhysX\Common;C:\WINDOWS\system32;C:\WINDOWS;C:\WINDOWS\System32\Wbem;C:\WINDOWS\System32\WindowsPowerShell\v1.0\;C:\Program Files\Java\jdk1.8.0_101\bin;C:\Program Files\Git\cmd;C:\oraclexe\app\oracle\product\10.2.0\server\jdbc\lib\ojdbc14.jar;.;C:\WINDOWS\System32\OpenSSH\;C:\Users\RAHUL TIWARI\AppData\Local\Microsoft\WindowsApps;C:\Users\RAHUL TIWARI\AppData\Local\GitHubDesktop\bin;C:\Program Files\Microsoft VS Code\bin;C:\Python37\;%USERPROFILE%\AppData\Local\Microsoft\WindowsApps;
USERNAME=RAHUL   TIWARI
OS=Windows_NT
PROCESSOR_IDENTIFIER=Intel64 Family 6 Model 142 Stepping 9, GenuineIntel



---------------  S Y S T E M  ---------------

OS: Windows 10.0 , 64 bit Build 17763 (10.0.17763.1)

CPU:total 4 (initial active 4) (2 cores per cpu, 2 threads per core) family 6 model 142 stepping 9, cmov, cx8, fxsr, mmx, sse, sse2, sse3, ssse3, sse4.1, sse4.2, popcnt, avx, avx2, aes, clmul, erms, 3dnowpref, lzcnt, ht, tsc, tscinvbit, bmi1, bmi2, adx

Memory: 4k page, physical 8286436k(1420260k free), swap 8286436k(5756k free)

vm_info: OpenJDK 64-Bit Server VM (25.152-b02) for windows-amd64 JRE (1.8.0_152-release-1024-b02), built by "builder" with MS VC++ 10.0 (VS2010)

time: Tue Mar 05 16:27:34 2019
elapsed time: 3485 seconds (0d 0h 58m 5s)

