#
# There is insufficient memory for the Java Runtime Environment to continue.
# Native memory allocation (malloc) failed to allocate 398496 bytes for Chunk::new
# Possible reasons:
#   The system is out of physical RAM or swap space
#   In 32 bit mode, the process size limit was hit
# Possible solutions:
#   Reduce memory load on the system
#   Increase physical memory or swap space
#   Check if swap backing store is full
#   Use 64 bit Java on a 64 bit OS
#   Decrease Java heap size (-Xmx/-Xms)
#   Decrease number of Java threads
#   Decrease Java thread stack sizes (-Xss)
#   Set larger code cache with -XX:ReservedCodeCacheSize=
# This output file may be truncated or incomplete.
#
#  Out of Memory Error (allocation.cpp:390), pid=2300, tid=0x000000000000312c
#
# JRE version: OpenJDK Runtime Environment (8.0_152-b02) (build 1.8.0_152-release-1024-b02)
# Java VM: OpenJDK 64-Bit Server VM (25.152-b02 mixed mode windows-amd64 compressed oops)
# Failed to write core dump. Minidumps are not enabled by default on client versions of Windows
#

---------------  T H R E A D  ---------------

Current thread (0x00000000168cf000):  JavaThread "C2 CompilerThread0" daemon [_thread_in_native, id=12588, stack(0x0000000017f40000,0x0000000018040000)]

Stack: [0x0000000017f40000,0x0000000018040000]
[error occurred during error reporting (printing stack bounds), id 0xc0000005]

Native frames: (J=compiled Java code, j=interpreted, Vv=VM code, C=native code)


Current CompileTask:
C2:   4846 1832       4       org.jetbrains.kotlin.com.intellij.openapi.vfs.impl.ZipHandlerBase::getOrCreate (183 bytes)


---------------  P R O C E S S  ---------------

Java Threads: ( => current thread )
  0x0000000018a9c800 JavaThread "RMI RenewClean-[localhost:49399,org.jetbrains.kotlin.daemon.common.LoopbackNetworkInterface$ClientLoopbackSocketFactory@15f6c039]" daemon [_thread_blocked, id=9868, stack(0x0000000019ec0000,0x0000000019fc0000)]
  0x0000000018a91000 JavaThread "RMI TCP Connection(2)-127.0.0.1" daemon [_thread_in_vm, id=5700, stack(0x0000000019dc0000,0x0000000019ec0000)]
  0x0000000018a84000 JavaThread "RMI Scheduler(0)" daemon [_thread_blocked, id=9684, stack(0x0000000019cc0000,0x0000000019dc0000)]
  0x0000000018a8e800 JavaThread "RMI TCP Connection(1)-127.0.0.1" daemon [_thread_in_native, id=11444, stack(0x0000000019bc0000,0x0000000019cc0000)]
  0x0000000002e63000 JavaThread "DestroyJavaVM" [_thread_blocked, id=8576, stack(0x0000000002d60000,0x0000000002e60000)]
  0x0000000018a4d800 JavaThread "GC Daemon" daemon [_thread_blocked, id=1724, stack(0x0000000019780000,0x0000000019880000)]
  0x00000000189e7800 JavaThread "RMI Reaper" [_thread_blocked, id=11328, stack(0x0000000019680000,0x0000000019780000)]
  0x00000000189d5800 JavaThread "Timer-0" daemon [_thread_blocked, id=12764, stack(0x0000000019480000,0x0000000019580000)]
  0x00000000189c4000 JavaThread "RMI TCP Accept-17196" daemon [_thread_in_native, id=1752, stack(0x0000000019380000,0x0000000019480000)]
  0x0000000018245800 JavaThread "Service Thread" daemon [_thread_blocked, id=11292, stack(0x0000000018640000,0x0000000018740000)]
  0x000000001692e000 JavaThread "C1 CompilerThread2" daemon [_thread_blocked, id=7924, stack(0x0000000018140000,0x0000000018240000)]
  0x0000000016928800 JavaThread "C2 CompilerThread1" daemon [_thread_in_native, id=232, stack(0x0000000018040000,0x0000000018140000)]
=>0x00000000168cf000 JavaThread "C2 CompilerThread0" daemon [_thread_in_native, id=12588, stack(0x0000000017f40000,0x0000000018040000)]
  0x00000000168cd800 JavaThread "Attach Listener" daemon [_thread_blocked, id=7552, stack(0x0000000017e40000,0x0000000017f40000)]
  0x00000000168cc800 JavaThread "Signal Dispatcher" daemon [_thread_blocked, id=11464, stack(0x0000000017d40000,0x0000000017e40000)]
  0x00000000168b8800 JavaThread "Finalizer" daemon [_thread_blocked, id=12992, stack(0x0000000017b40000,0x0000000017c40000)]
  0x0000000002f54000 JavaThread "Reference Handler" daemon [_thread_blocked, id=1760, stack(0x0000000017a40000,0x0000000017b40000)]

Other Threads:
  0x0000000016895000 VMThread [stack: 0x0000000017940000,0x0000000017a40000] [id=7932]
  0x0000000018246800 WatcherThread [stack: 0x0000000018740000,0x0000000018840000] [id=5908]

VM state:not at safepoint (normal execution)

VM Mutex/Monitor currently owned by a thread: None

Heap:
 PSYoungGen      total 38400K, used 32724K [0x00000000e0000000, 0x00000000e2a80000, 0x0000000100000000)
  eden space 33280K, 98% used [0x00000000e0000000,0x00000000e1ff50d8,0x00000000e2080000)
  from space 5120K, 0% used [0x00000000e2080000,0x00000000e2080000,0x00000000e2580000)
  to   space 5120K, 0% used [0x00000000e2580000,0x00000000e2580000,0x00000000e2a80000)
 ParOldGen       total 72704K, used 10988K [0x00000000a0000000, 0x00000000a4700000, 0x00000000e0000000)
  object space 72704K, 15% used [0x00000000a0000000,0x00000000a0abb148,0x00000000a4700000)
 Metaspace       used 25150K, capacity 25620K, committed 25904K, reserved 1071104K
  class space    used 3182K, capacity 3322K, committed 3376K, reserved 1048576K

Card table byte_map: [0x0000000012320000,0x0000000012630000] byte_map_base: 0x0000000011e20000

Marking Bits: (ParMarkBitMap*) 0x0000000070174970
 Begin Bits: [0x0000000012c30000, 0x0000000014430000)
 End Bits:   [0x0000000014430000, 0x0000000015c30000)

Polling page: 0x0000000001110000

CodeCache: size=245760Kb used=5594Kb max_used=5599Kb free=240165Kb
 bounds [0x0000000002f60000, 0x00000000034e0000, 0x0000000011f60000]
 total_blobs=2274 nmethods=1833 adapters=354
 compilation: enabled

Compilation events (10 events):
Event: 4.812 Thread 0x000000001692e000 nmethod 1843 0x00000000034d7410 code [0x00000000034d75a0, 0x00000000034d7838]
Event: 4.812 Thread 0x000000001692e000 1844       2       org.jetbrains.kotlin.gnu.trove.THashMap$Entry::<init> (26 bytes)
Event: 4.813 Thread 0x000000001692e000 nmethod 1844 0x00000000034da2d0 code [0x00000000034da420, 0x00000000034da5b0]
Event: 4.813 Thread 0x000000001692e000 1845       2       org.jetbrains.kotlin.com.intellij.util.containers.FactoryMap$2::fun (9 bytes)
Event: 4.813 Thread 0x000000001692e000 nmethod 1845 0x00000000034d5110 code [0x00000000034d52a0, 0x00000000034d5578]
Event: 4.813 Thread 0x000000001692e000 1846       2       java.util.AbstractMap$SimpleEntry::hashCode (38 bytes)
Event: 4.813 Thread 0x000000001692e000 nmethod 1846 0x00000000034d7010 code [0x00000000034d7180, 0x00000000034d7378]
Event: 4.813 Thread 0x000000001692e000 1847       2       org.jetbrains.kotlin.gnu.trove.THashMap$EntryView$EntryIterator::objectAtIndex (40 bytes)
Event: 4.813 Thread 0x000000001692e000 nmethod 1847 0x00000000034d4b90 code [0x00000000034d4d00, 0x00000000034d4f50]
Event: 4.817 Thread 0x000000001692e000 1848       2       org.jetbrains.kotlin.com.intellij.openapi.vfs.impl.jar.CoreJarVirtualFile::setChildren (6 bytes)

GC Heap History (10 events):
Event: 2.315 GC heap before
{Heap before GC invocations=1 (full 0):
 PSYoungGen      total 38400K, used 13863K [0x00000000e0000000, 0x00000000e2a80000, 0x0000000100000000)
  eden space 33280K, 41% used [0x00000000e0000000,0x00000000e0d89cf8,0x00000000e2080000)
  from space 5120K, 0% used [0x00000000e2580000,0x00000000e2580000,0x00000000e2a80000)
  to   space 5120K, 0% used [0x00000000e2080000,0x00000000e2080000,0x00000000e2580000)
 ParOldGen       total 87552K, used 0K [0x00000000a0000000, 0x00000000a5580000, 0x00000000e0000000)
  object space 87552K, 0% used [0x00000000a0000000,0x00000000a0000000,0x00000000a5580000)
 Metaspace       used 8997K, capacity 9136K, committed 9344K, reserved 1056768K
  class space    used 965K, capacity 1052K, committed 1152K, reserved 1048576K
Event: 2.319 GC heap after
Heap after GC invocations=1 (full 0):
 PSYoungGen      total 38400K, used 2847K [0x00000000e0000000, 0x00000000e2a80000, 0x0000000100000000)
  eden space 33280K, 0% used [0x00000000e0000000,0x00000000e0000000,0x00000000e2080000)
  from space 5120K, 55% used [0x00000000e2080000,0x00000000e2347e48,0x00000000e2580000)
  to   space 5120K, 0% used [0x00000000e2580000,0x00000000e2580000,0x00000000e2a80000)
 ParOldGen       total 87552K, used 8K [0x00000000a0000000, 0x00000000a5580000, 0x00000000e0000000)
  object space 87552K, 0% used [0x00000000a0000000,0x00000000a0002000,0x00000000a5580000)
 Metaspace       used 8997K, capacity 9136K, committed 9344K, reserved 1056768K
  class space    used 965K, capacity 1052K, committed 1152K, reserved 1048576K
}
Event: 2.319 GC heap before
{Heap before GC invocations=2 (full 1):
 PSYoungGen      total 38400K, used 2847K [0x00000000e0000000, 0x00000000e2a80000, 0x0000000100000000)
  eden space 33280K, 0% used [0x00000000e0000000,0x00000000e0000000,0x00000000e2080000)
  from space 5120K, 55% used [0x00000000e2080000,0x00000000e2347e48,0x00000000e2580000)
  to   space 5120K, 0% used [0x00000000e2580000,0x00000000e2580000,0x00000000e2a80000)
 ParOldGen       total 87552K, used 8K [0x00000000a0000000, 0x00000000a5580000, 0x00000000e0000000)
  object space 87552K, 0% used [0x00000000a0000000,0x00000000a0002000,0x00000000a5580000)
 Metaspace       used 8997K, capacity 9136K, committed 9344K, reserved 1056768K
  class space    used 965K, capacity 1052K, committed 1152K, reserved 1048576K
Event: 2.330 GC heap after
Heap after GC invocations=2 (full 1):
 PSYoungGen      total 38400K, used 0K [0x00000000e0000000, 0x00000000e2a80000, 0x0000000100000000)
  eden space 33280K, 0% used [0x00000000e0000000,0x00000000e0000000,0x00000000e2080000)
  from space 5120K, 0% used [0x00000000e2080000,0x00000000e2080000,0x00000000e2580000)
  to   space 5120K, 0% used [0x00000000e2580000,0x00000000e2580000,0x00000000e2a80000)
 ParOldGen       total 87552K, used 2642K [0x00000000a0000000, 0x00000000a5580000, 0x00000000e0000000)
  object space 87552K, 3% used [0x00000000a0000000,0x00000000a02948b0,0x00000000a5580000)
 Metaspace       used 8997K, capacity 9136K, committed 9344K, reserved 1056768K
  class space    used 965K, capacity 1052K, committed 1152K, reserved 1048576K
}
Event: 3.478 GC heap before
{Heap before GC invocations=3 (full 1):
 PSYoungGen      total 38400K, used 33280K [0x00000000e0000000, 0x00000000e2a80000, 0x0000000100000000)
  eden space 33280K, 100% used [0x00000000e0000000,0x00000000e2080000,0x00000000e2080000)
  from space 5120K, 0% used [0x00000000e2080000,0x00000000e2080000,0x00000000e2580000)
  to   space 5120K, 0% used [0x00000000e2580000,0x00000000e2580000,0x00000000e2a80000)
 ParOldGen       total 87552K, used 2642K [0x00000000a0000000, 0x00000000a5580000, 0x00000000e0000000)
  object space 87552K, 3% used [0x00000000a0000000,0x00000000a02948b0,0x00000000a5580000)
 Metaspace       used 14120K, capacity 14380K, committed 14592K, reserved 1062912K
  class space    used 1636K, capacity 1726K, committed 1792K, reserved 1048576K
Event: 3.486 GC heap after
Heap after GC invocations=3 (full 1):
 PSYoungGen      total 38400K, used 5118K [0x00000000e0000000, 0x00000000e2a80000, 0x0000000100000000)
  eden space 33280K, 0% used [0x00000000e0000000,0x00000000e0000000,0x00000000e2080000)
  from space 5120K, 99% used [0x00000000e2580000,0x00000000e2a7f9b0,0x00000000e2a80000)
  to   space 5120K, 0% used [0x00000000e2080000,0x00000000e2080000,0x00000000e2580000)
 ParOldGen       total 87552K, used 5036K [0x00000000a0000000, 0x00000000a5580000, 0x00000000e0000000)
  object space 87552K, 5% used [0x00000000a0000000,0x00000000a04eb288,0x00000000a5580000)
 Metaspace       used 14120K, capacity 14380K, committed 14592K, reserved 1062912K
  class space    used 1636K, capacity 1726K, committed 1792K, reserved 1048576K
}
Event: 4.065 GC heap before
{Heap before GC invocations=4 (full 1):
 PSYoungGen      total 38400K, used 36984K [0x00000000e0000000, 0x00000000e2a80000, 0x0000000100000000)
  eden space 33280K, 95% used [0x00000000e0000000,0x00000000e1f1e918,0x00000000e2080000)
  from space 5120K, 99% used [0x00000000e2580000,0x00000000e2a7f9b0,0x00000000e2a80000)
  to   space 5120K, 0% used [0x00000000e2080000,0x00000000e2080000,0x00000000e2580000)
 ParOldGen       total 87552K, used 5036K [0x00000000a0000000, 0x00000000a5580000, 0x00000000e0000000)
  object space 87552K, 5% used [0x00000000a0000000,0x00000000a04eb288,0x00000000a5580000)
 Metaspace       used 20834K, capacity 21170K, committed 21296K, reserved 1069056K
  class space    used 2490K, capacity 2597K, committed 2608K, reserved 1048576K
Event: 4.075 GC heap after
Heap after GC invocations=4 (full 1):
 PSYoungGen      total 38400K, used 5091K [0x00000000e0000000, 0x00000000e2a80000, 0x0000000100000000)
  eden space 33280K, 0% used [0x00000000e0000000,0x00000000e0000000,0x00000000e2080000)
  from space 5120K, 99% used [0x00000000e2080000,0x00000000e2578ec0,0x00000000e2580000)
  to   space 5120K, 0% used [0x00000000e2580000,0x00000000e2580000,0x00000000e2a80000)
 ParOldGen       total 87552K, used 9991K [0x00000000a0000000, 0x00000000a5580000, 0x00000000e0000000)
  object space 87552K, 11% used [0x00000000a0000000,0x00000000a09c1d70,0x00000000a5580000)
 Metaspace       used 20834K, capacity 21170K, committed 21296K, reserved 1069056K
  class space    used 2490K, capacity 2597K, committed 2608K, reserved 1048576K
}
Event: 4.075 GC heap before
{Heap before GC invocations=5 (full 2):
 PSYoungGen      total 38400K, used 5091K [0x00000000e0000000, 0x00000000e2a80000, 0x0000000100000000)
  eden space 33280K, 0% used [0x00000000e0000000,0x00000000e0000000,0x00000000e2080000)
  from space 5120K, 99% used [0x00000000e2080000,0x00000000e2578ec0,0x00000000e2580000)
  to   space 5120K, 0% used [0x00000000e2580000,0x00000000e2580000,0x00000000e2a80000)
 ParOldGen       total 87552K, used 9991K [0x00000000a0000000, 0x00000000a5580000, 0x00000000e0000000)
  object space 87552K, 11% used [0x00000000a0000000,0x00000000a09c1d70,0x00000000a5580000)
 Metaspace       used 20834K, capacity 21170K, committed 21296K, reserved 1069056K
  class space    used 2490K, capacity 2597K, committed 2608K, reserved 1048576K
Event: 4.113 GC heap after
Heap after GC invocations=5 (full 2):
 PSYoungGen      total 38400K, used 0K [0x00000000e0000000, 0x00000000e2a80000, 0x0000000100000000)
  eden space 33280K, 0% used [0x00000000e0000000,0x00000000e0000000,0x00000000e2080000)
  from space 5120K, 0% used [0x00000000e2080000,0x00000000e2080000,0x00000000e2580000)
  to   space 5120K, 0% used [0x00000000e2580000,0x00000000e2580000,0x00000000e2a80000)
 ParOldGen       total 72704K, used 10988K [0x00000000a0000000, 0x00000000a4700000, 0x00000000e0000000)
  object space 72704K, 15% used [0x00000000a0000000,0x00000000a0abb148,0x00000000a4700000)
 Metaspace       used 20834K, capacity 21170K, committed 21296K, reserved 1069056K
  class space    used 2490K, capacity 2597K, committed 2608K, reserved 1048576K
}

Deoptimization events (10 events):
Event: 4.036 Thread 0x0000000018a91000 Uncommon trap: reason=class_check action=maybe_recompile pc=0x000000000338ceec method=java.util.Collections$UnmodifiableList.get(I)Ljava/lang/Object; @ 5
Event: 4.036 Thread 0x0000000018a91000 Uncommon trap: reason=bimorphic action=maybe_recompile pc=0x0000000003280730 method=java.io.FilterInputStream.read([B)I @ 5
Event: 4.044 Thread 0x0000000018a91000 Uncommon trap: reason=bimorphic action=maybe_recompile pc=0x0000000003280730 method=java.io.FilterInputStream.read([B)I @ 5
Event: 4.044 Thread 0x0000000018a91000 Uncommon trap: reason=bimorphic action=maybe_recompile pc=0x0000000003280730 method=java.io.FilterInputStream.read([B)I @ 5
Event: 4.044 Thread 0x0000000018a91000 Uncommon trap: reason=class_check action=maybe_recompile pc=0x000000000337b040 method=java.util.Collections$UnmodifiableCollection.size()I @ 4
Event: 4.044 Thread 0x0000000018a91000 Uncommon trap: reason=class_check action=maybe_recompile pc=0x000000000338ceec method=java.util.Collections$UnmodifiableList.get(I)Ljava/lang/Object; @ 5
Event: 4.044 Thread 0x0000000018a91000 Uncommon trap: reason=class_check action=maybe_recompile pc=0x000000000338ceec method=java.util.Collections$UnmodifiableList.get(I)Ljava/lang/Object; @ 5
Event: 4.135 Thread 0x0000000018a91000 Uncommon trap: reason=range_check action=make_not_entrant pc=0x00000000033623e0 method=sun.reflect.generics.parser.SignatureParser.current()C @ 34
Event: 4.279 Thread 0x0000000018a91000 Uncommon trap: reason=bimorphic action=maybe_recompile pc=0x0000000003280730 method=java.io.FilterInputStream.read([B)I @ 5
Event: 4.400 Thread 0x0000000018a91000 Uncommon trap: reason=unstable_if action=reinterpret pc=0x00000000034669f4 method=java.lang.ref.SoftReference.get()Ljava/lang/Object; @ 6

Classes redefined (0 events):
No events

Internal exceptions (10 events):
Event: 2.457 Thread 0x0000000018a91000 Exception <a 'java/lang/NoSuchMethodError': <clinit>> (0x00000000e04675f8) thrown at [D:\src\AOSP-openjdk-cygwin\jdk8u\hotspot\src\share\vm\prims\jni.cpp, line 1613]
Event: 2.469 Thread 0x0000000018a91000 Exception <a 'java/lang/NoSuchMethodError': <clinit>> (0x00000000e0492660) thrown at [D:\src\AOSP-openjdk-cygwin\jdk8u\hotspot\src\share\vm\prims\jni.cpp, line 1613]
Event: 2.771 Thread 0x0000000018a91000 Exception <a 'java/lang/NoSuchMethodError': <clinit>> (0x00000000e064e640) thrown at [D:\src\AOSP-openjdk-cygwin\jdk8u\hotspot\src\share\vm\prims\jni.cpp, line 1613]
Event: 2.861 Thread 0x0000000018a9c800 Exception <a 'java/lang/InterruptedException'> (0x00000000e076dae8) thrown at [D:\src\AOSP-openjdk-cygwin\jdk8u\hotspot\src\share\vm\runtime\objectMonitor.cpp, line 1684]
Event: 3.301 Thread 0x0000000018a91000 Exception <a 'java/lang/ArrayIndexOutOfBoundsException'> (0x00000000e1a5d8f0) thrown at [D:\src\AOSP-openjdk-cygwin\jdk8u\hotspot\src\share\vm\runtime\sharedRuntime.cpp, line 605]
Event: 3.471 Thread 0x0000000018a91000 Exception <a 'java/lang/ArrayIndexOutOfBoundsException'> (0x00000000e2032910) thrown at [D:\src\AOSP-openjdk-cygwin\jdk8u\hotspot\src\share\vm\runtime\sharedRuntime.cpp, line 605]
Event: 3.993 Thread 0x0000000018a91000 Exception <a 'java/lang/NoSuchMethodError': java.lang.Object.lambda$comparing$77a9974f$1(Ljava/util/function/Function;Ljava/lang/Object;Ljava/lang/Object;)I> (0x00000000e1ae1c48) thrown at [D:\src\AOSP-openjdk-cygwin\jdk8u\hotspot\src\share\vm\interpreter
Event: 4.135 Thread 0x0000000018a91000 Exception <a 'java/lang/ArrayIndexOutOfBoundsException': 67> (0x00000000e00ccb80) thrown at [D:\src\AOSP-openjdk-cygwin\jdk8u\hotspot\src\share\vm\interpreter\interpreterRuntime.cpp, line 366]
Event: 4.240 Thread 0x0000000018a91000 Exception <a 'java/lang/NoSuchMethodError': java.lang.Object.lambda$static$0(I)[Lorg/jetbrains/kotlin/com/intellij/openapi/editor/event/DocumentListener;> (0x00000000e09410f0) thrown at [D:\src\AOSP-openjdk-cygwin\jdk8u\hotspot\src\share\vm\interpreter\li
Event: 4.267 Thread 0x0000000018a91000 Exception <a 'java/lang/NoSuchMethodError': java.lang.Object.lambda$static$0(I)[Lorg/jetbrains/kotlin/com/intellij/psi/PsiAnnotation;> (0x00000000e0b2a048) thrown at [D:\src\AOSP-openjdk-cygwin\jdk8u\hotspot\src\share\vm\interpreter\linkResolver.cpp, line

Events (10 events):
Event: 4.420 loading class org/jetbrains/kotlin/com/intellij/openapi/util/io/BufferExposingByteArrayInputStream
Event: 4.420 loading class org/jetbrains/kotlin/com/intellij/openapi/util/io/BufferExposingByteArrayInputStream done
Event: 4.420 loading class org/jetbrains/kotlin/com/intellij/util/ObjectUtils
Event: 4.420 loading class org/jetbrains/kotlin/com/intellij/util/ObjectUtils done
Event: 4.420 loading class org/jetbrains/kotlin/com/intellij/util/containers/FactoryMap$2
Event: 4.420 loading class org/jetbrains/kotlin/com/intellij/util/containers/FactoryMap$2 done
Event: 4.421 loading class java/util/AbstractMap$SimpleEntry
Event: 4.421 loading class java/util/AbstractMap$SimpleEntry done
Event: 4.422 loading class java/util/zip/ZipUtils
Event: 4.422 loading class java/util/zip/ZipUtils done


Dynamic libraries:
0x00007ff78c010000 - 0x00007ff78c041000 	C:\Program Files\Android\Android Studio\jre\jre\bin\java.exe
0x00007ffc36000000 - 0x00007ffc361ed000 	C:\WINDOWS\SYSTEM32\ntdll.dll
0x00007ffc35520000 - 0x00007ffc355d3000 	C:\WINDOWS\System32\KERNEL32.DLL
0x00007ffc32930000 - 0x00007ffc32bc3000 	C:\WINDOWS\System32\KERNELBASE.dll
0x00007ffc352c0000 - 0x00007ffc35363000 	C:\WINDOWS\System32\ADVAPI32.dll
0x00007ffc35a20000 - 0x00007ffc35abe000 	C:\WINDOWS\System32\msvcrt.dll
0x00007ffc34eb0000 - 0x00007ffc34f4e000 	C:\WINDOWS\System32\sechost.dll
0x00007ffc33440000 - 0x00007ffc33563000 	C:\WINDOWS\System32\RPCRT4.dll
0x00007ffc35880000 - 0x00007ffc35a17000 	C:\WINDOWS\System32\USER32.dll
0x00007ffc33210000 - 0x00007ffc33230000 	C:\WINDOWS\System32\win32u.dll
0x00007ffc34e20000 - 0x00007ffc34e49000 	C:\WINDOWS\System32\GDI32.dll
0x00007ffc32fa0000 - 0x00007ffc3313a000 	C:\WINDOWS\System32\gdi32full.dll
0x00007ffc32eb0000 - 0x00007ffc32f50000 	C:\WINDOWS\System32\msvcp_win.dll
0x00007ffc32db0000 - 0x00007ffc32eac000 	C:\WINDOWS\System32\ucrtbase.dll
0x00007ffc1f930000 - 0x00007ffc1fba9000 	C:\WINDOWS\WinSxS\amd64_microsoft.windows.common-controls_6595b64144ccf1df_6.0.17763.107_none_05b63884071e656e\COMCTL32.dll
0x00007ffc34ae0000 - 0x00007ffc34e0e000 	C:\WINDOWS\System32\combase.dll
0x00007ffc32850000 - 0x00007ffc328ce000 	C:\WINDOWS\System32\bcryptPrimitives.dll
0x00007ffc332e0000 - 0x00007ffc3330e000 	C:\WINDOWS\System32\IMM32.DLL
0x000000006bb00000 - 0x000000006bbd2000 	C:\Program Files\Android\Android Studio\jre\jre\bin\msvcr100.dll
0x000000006f9b0000 - 0x00000000701ef000 	C:\Program Files\Android\Android Studio\jre\jre\bin\server\jvm.dll
0x00007ffc350b0000 - 0x00007ffc350b8000 	C:\WINDOWS\System32\PSAPI.DLL
0x00007ffc27250000 - 0x00007ffc27274000 	C:\WINDOWS\SYSTEM32\WINMM.dll
0x00007ffc2ea50000 - 0x00007ffc2ea59000 	C:\WINDOWS\SYSTEM32\WSOCK32.dll
0x00007ffc355e0000 - 0x00007ffc3564d000 	C:\WINDOWS\System32\WS2_32.dll
0x00007ffc26a40000 - 0x00007ffc26a4a000 	C:\WINDOWS\SYSTEM32\VERSION.dll
0x00007ffc27220000 - 0x00007ffc2724d000 	C:\WINDOWS\SYSTEM32\winmmbase.dll
0x00007ffc32f50000 - 0x00007ffc32f9a000 	C:\WINDOWS\System32\cfgmgr32.dll
0x00007ffc2bf40000 - 0x00007ffc2bf4f000 	C:\Program Files\Android\Android Studio\jre\jre\bin\verify.dll
0x00007ffc1dde0000 - 0x00007ffc1de09000 	C:\Program Files\Android\Android Studio\jre\jre\bin\java.dll
0x00007ffc255c0000 - 0x00007ffc255d6000 	C:\Program Files\Android\Android Studio\jre\jre\bin\zip.dll
0x00007ffc335f0000 - 0x00007ffc34adf000 	C:\WINDOWS\System32\SHELL32.dll
0x00007ffc350e0000 - 0x00007ffc35188000 	C:\WINDOWS\System32\shcore.dll
0x00007ffc32100000 - 0x00007ffc32848000 	C:\WINDOWS\System32\windows.storage.dll
0x00007ffc32060000 - 0x00007ffc32084000 	C:\WINDOWS\System32\profapi.dll
0x00007ffc32000000 - 0x00007ffc3205d000 	C:\WINDOWS\System32\powrprof.dll
0x00007ffc35650000 - 0x00007ffc356a2000 	C:\WINDOWS\System32\shlwapi.dll
0x00007ffc32090000 - 0x00007ffc320a1000 	C:\WINDOWS\System32\kernel.appcore.dll
0x00007ffc331f0000 - 0x00007ffc33207000 	C:\WINDOWS\System32\cryptsp.dll
0x00007ffc2e0f0000 - 0x00007ffc2e0fd000 	C:\Program Files\Android\Android Studio\jre\jre\bin\management.dll
0x00007ffc1ddc0000 - 0x00007ffc1ddda000 	C:\Program Files\Android\Android Studio\jre\jre\bin\net.dll
0x00007ffc31890000 - 0x00007ffc318f7000 	C:\WINDOWS\system32\mswsock.dll
0x00007ffc18580000 - 0x00007ffc18591000 	C:\Program Files\Android\Android Studio\jre\jre\bin\nio.dll
0x00007ffc31450000 - 0x00007ffc31483000 	C:\WINDOWS\system32\rsaenh.dll
0x00007ffc320d0000 - 0x00007ffc320f6000 	C:\WINDOWS\System32\bcrypt.dll
0x00007ffc31f30000 - 0x00007ffc31f58000 	C:\WINDOWS\SYSTEM32\USERENV.dll
0x00007ffc31a60000 - 0x00007ffc31a6c000 	C:\WINDOWS\SYSTEM32\CRYPTBASE.dll
0x00007ffc315f0000 - 0x00007ffc3162d000 	C:\WINDOWS\SYSTEM32\IPHLPAPI.DLL
0x00007ffc35fc0000 - 0x00007ffc35fc8000 	C:\WINDOWS\System32\NSI.dll
0x00007ffc2a810000 - 0x00007ffc2a826000 	C:\WINDOWS\SYSTEM32\dhcpcsvc6.DLL
0x00007ffc2a4f0000 - 0x00007ffc2a50c000 	C:\WINDOWS\SYSTEM32\dhcpcsvc.DLL
0x00007ffc31640000 - 0x00007ffc31706000 	C:\WINDOWS\SYSTEM32\DNSAPI.dll

VM Arguments:
jvm_args: -Djava.awt.headless=true -Djava.rmi.server.hostname=localhost -Xmx1536m -Dkotlin.environment.keepalive 
java_command: org.jetbrains.kotlin.daemon.KotlinCompileDaemon --daemon-runFilesPath C:\Users\RAHUL TIWARI\AppData\Local\kotlin\daemon --daemon-autoshutdownIdleSeconds=7200 --daemon-compilerClasspath C:\Users\RAHUL TIWARI\.gradle\caches\modules-2\files-2.1\org.jetbrains.kotlin\kotlin-compiler-embeddable\1.2.61\8f4812486d21943cea3f170d53537e628f7eef8c\kotlin-compiler-embeddable-1.2.61.jar;C:\Users\RAHUL TIWARI\.gradle\caches\modules-2\files-2.1\org.jetbrains.kotlin\kotlin-reflect\1.2.61\6fd5bcfc9ffc446dd147ea006bee7ef5f0ad8ca4\kotlin-reflect-1.2.61.jar;C:\Users\RAHUL TIWARI\.gradle\caches\modules-2\files-2.1\org.jetbrains.kotlin\kotlin-stdlib\1.2.61\5bc44acc4b3f0d19166ae3e50454b41e8ff29335\kotlin-stdlib-1.2.61.jar;C:\Users\RAHUL TIWARI\.gradle\caches\modules-2\files-2.1\org.jetbrains.kotlin\kotlin-script-runtime\1.2.61\75e4bfc103b71324be6fc862ce806d5399508a14\kotlin-script-runtime-1.2.61.jar;C:\Users\RAHUL TIWARI\.gradle\caches\modules-2\files-2.1\org.jetbrains.kotlin\kotlin-stdlib-common\1.2.61\772de03e12d932f489e41aef997d26c20a4ebee6\kotlin-stdlib-common-1.2.61.jar;C:\Users\RAHUL TIWARI\.gradle\caches\modules-2\files-2.1\org.jetbrains\annotations\13.0\919f0dfe192fb4e063e7dacadee7f8bb9a2672a9\annotations-13.0.jar;C:\Program Files\Android\Android Studio\jre\lib\tools.jar
java_class_path (initial): C:\Users\RAHUL TIWARI\.gradle\caches\modules-2\files-2.1\org.jetbrains.kotlin\kotlin-compiler-embeddable\1.2.61\8f4812486d21943cea3f170d53537e628f7eef8c\kotlin-compiler-embeddable-1.2.61.jar;C:\Users\RAHUL TIWARI\.gradle\caches\modules-2\files-2.1\org.jetbrains.kotlin\kotlin-reflect\1.2.61\6fd5bcfc9ffc446dd147ea006bee7ef5f0ad8ca4\kotlin-reflect-1.2.61.jar;C:\Users\RAHUL TIWARI\.gradle\caches\modules-2\files-2.1\org.jetbrains.kotlin\kotlin-stdlib\1.2.61\5bc44acc4b3f0d19166ae3e50454b41e8ff29335\kotlin-stdlib-1.2.61.jar;C:\Users\RAHUL TIWARI\.gradle\caches\modules-2\files-2.1\org.jetbrains.kotlin\kotlin-script-runtime\1.2.61\75e4bfc103b71324be6fc862ce806d5399508a14\kotlin-script-runtime-1.2.61.jar;C:\Users\RAHUL TIWARI\.gradle\caches\modules-2\files-2.1\org.jetbrains.kotlin\kotlin-stdlib-common\1.2.61\772de03e12d932f489e41aef997d26c20a4ebee6\kotlin-stdlib-common-1.2.61.jar;C:\Users\RAHUL TIWARI\.gradle\caches\modules-2\files-2.1\org.jetbrains\annotations\13.0\919f0dfe192fb4e063e7dacadee7f8bb9a2672a9\annotations-13.0.jar;C:\Program Files\Android\Android Studio\jre\lib\tools.jar
Launcher Type: SUN_STANDARD

Environment Variables:
PATH=C:\Program Files\Python37\Scripts\;C:\Program Files\Python37\;C:\Python37\Scripts\;C:\Python37\;C:\oraclexe\app\oracle\product\10.2.0\server\bin;C:\ProgramData\Oracle\Java\javapath;C:\Windows\system32;C:\Windows;C:\Windows\System32\Wbem;C:\Windows\System32\WindowsPowerShell\v1.0\;C:\Program Files (x86)\NVIDIA Corporation\PhysX\Common;C:\WINDOWS\system32;C:\WINDOWS;C:\WINDOWS\System32\Wbem;C:\WINDOWS\System32\WindowsPowerShell\v1.0\;C:\Program Files\Java\jdk1.8.0_101\bin;C:\Program Files\Git\cmd;C:\oraclexe\app\oracle\product\10.2.0\server\jdbc\lib\ojdbc14.jar;.;C:\WINDOWS\System32\OpenSSH\;C:\Python37\Scripts\;C:\Users\RAHUL TIWARI\Anaconda3;C:\Users\RAHUL TIWARI\Anaconda3\Library\mingw-w64\bin;C:\Users\RAHUL TIWARI\Anaconda3\Library\usr\bin;C:\Users\RAHUL TIWARI\Anaconda3\Library\bin;C:\Users\RAHUL TIWARI\Anaconda3\Scripts;C:\oraclexe\app\oracle\product\10.2.0\server\bin;C:\ProgramData\Oracle\Java\javapath;C:\Windows\system32;C:\Windows;C:\Windows\System32\Wbem;C:\Windows\System32\WindowsPowerShell\v1.0\;C:\Program Files (x86)\NVIDIA Corporation\PhysX\Common;C:\WINDOWS\system32;C:\WINDOWS;C:\WINDOWS\System32\Wbem;C:\WINDOWS\System32\WindowsPowerShell\v1.0\;C:\Program Files\Java\jdk1.8.0_101\bin;C:\Program Files\Git\cmd;C:\oraclexe\app\oracle\product\10.2.0\server\jdbc\lib\ojdbc14.jar;.;C:\WINDOWS\System32\OpenSSH\;C:\Users\RAHUL TIWARI\AppData\Local\Microsoft\WindowsApps;C:\Users\RAHUL TIWARI\AppData\Local\GitHubDesktop\bin;C:\Program Files\Microsoft VS Code\bin;C:\Python37\;%USERPROFILE%\AppData\Local\Microsoft\WindowsApps;
USERNAME=RAHUL   TIWARI
OS=Windows_NT
PROCESSOR_IDENTIFIER=Intel64 Family 6 Model 142 Stepping 9, GenuineIntel



---------------  S Y S T E M  ---------------

OS: Windows 10.0 , 64 bit Build 17763 (10.0.17763.1)

CPU:total 4 (initial active 4) (2 cores per cpu, 2 threads per core) family 6 model 142 stepping 9, cmov, cx8, fxsr, mmx, sse, sse2, sse3, ssse3, sse4.1, sse4.2, popcnt, avx, avx2, aes, clmul, erms, 3dnowpref, lzcnt, ht, tsc, tscinvbit, bmi1, bmi2, adx

Memory: 4k page, physical 8286436k(1246748k free), swap 8286436k(3312k free)

vm_info: OpenJDK 64-Bit Server VM (25.152-b02) for windows-amd64 JRE (1.8.0_152-release-1024-b02), built by "builder" with MS VC++ 10.0 (VS2010)

time: Tue Mar 05 16:18:10 2019
elapsed time: 4 seconds (0d 0h 0m 4s)

