#
# There is insufficient memory for the Java Runtime Environment to continue.
# Native memory allocation (malloc) failed to allocate 1025264 bytes for Chunk::new
# Possible reasons:
#   The system is out of physical RAM or swap space
#   In 32 bit mode, the process size limit was hit
# Possible solutions:
#   Reduce memory load on the system
#   Increase physical memory or swap space
#   Check if swap backing store is full
#   Use 64 bit Java on a 64 bit OS
#   Decrease Java heap size (-Xmx/-Xms)
#   Decrease number of Java threads
#   Decrease Java thread stack sizes (-Xss)
#   Set larger code cache with -XX:ReservedCodeCacheSize=
# This output file may be truncated or incomplete.
#
#  Out of Memory Error (allocation.cpp:390), pid=1940, tid=0x0000000000002490
#
# JRE version: OpenJDK Runtime Environment (8.0_152-b02) (build 1.8.0_152-release-1024-b02)
# Java VM: OpenJDK 64-Bit Server VM (25.152-b02 mixed mode windows-amd64 compressed oops)
# Failed to write core dump. Minidumps are not enabled by default on client versions of Windows
#

---------------  T H R E A D  ---------------

Current thread (0x000000001644d000):  JavaThread "C2 CompilerThread0" daemon [_thread_in_native, id=9360, stack(0x0000000017ab0000,0x0000000017bb0000)]

Stack: [0x0000000017ab0000,0x0000000017bb0000]
[error occurred during error reporting (printing stack bounds), id 0xc0000005]

Native frames: (J=compiled Java code, j=interpreted, Vv=VM code, C=native code)


Current CompileTask:
C2: 136934 15558       4       org.gradle.api.internal.artifacts.transform.DefaultTransformedFileCache::getResult (69 bytes)


---------------  P R O C E S S  ---------------

Java Threads: ( => current thread )
  0x0000000021a2a000 JavaThread "Task worker for ':' Thread 3" [_thread_in_Java, id=5088, stack(0x0000000035600000,0x0000000035700000)]
  0x0000000021a22800 JavaThread "Task worker for ':' Thread 2" [_thread_blocked, id=11476, stack(0x0000000035500000,0x0000000035600000)]
  0x0000000021a28000 JavaThread "Task worker for ':'" [_thread_blocked, id=5496, stack(0x0000000035400000,0x0000000035500000)]
  0x0000000021a29800 JavaThread "Cache worker for Build Output Cleanup Cache (C:\Users\RAHUL TIWARI\AndroidStudioProjects\voice_to_text\.gradle\buildOutputCleanup)" [_thread_blocked, id=8708, stack(0x0000000035300000,0x0000000035400000)]
  0x000000001b237000 JavaThread "Cache worker for task history cache (C:\Users\RAHUL TIWARI\AndroidStudioProjects\voice_to_text\.gradle\4.4\taskHistory)" [_thread_blocked, id=8932, stack(0x0000000035200000,0x0000000035300000)]
  0x000000001b236800 JavaThread "Cache worker for file content cache (C:\Users\RAHUL TIWARI\AndroidStudioProjects\voice_to_text\.gradle\4.4\fileContent)" [_thread_blocked, id=13224, stack(0x0000000035100000,0x0000000035200000)]
  0x000000001b234000 JavaThread "build operations Thread 4" [_thread_blocked, id=9100, stack(0x0000000035000000,0x0000000035100000)]
  0x000000001b233800 JavaThread "build operations Thread 3" [_thread_blocked, id=13184, stack(0x0000000034f00000,0x0000000035000000)]
  0x000000001b22c800 JavaThread "build operations Thread 2" [_thread_blocked, id=996, stack(0x0000000034e00000,0x0000000034f00000)]
  0x000000001b232800 JavaThread "build operations" [_thread_blocked, id=10088, stack(0x0000000034d00000,0x0000000034e00000)]
  0x000000001b232000 JavaThread "Cache worker for Artifact transforms cache (C:\Users\RAHUL TIWARI\.gradle\caches\transforms-1)" [_thread_blocked, id=1968, stack(0x0000000034c00000,0x0000000034d00000)]
  0x000000001b22b800 JavaThread "Cache worker for file hash cache (C:\Users\RAHUL TIWARI\AndroidStudioProjects\voice_to_text\.gradle\4.4\fileHashes)" [_thread_blocked, id=7292, stack(0x0000000034b00000,0x0000000034c00000)]
  0x000000001b231000 JavaThread "Stdin handler" [_thread_blocked, id=12232, stack(0x0000000034a00000,0x0000000034b00000)]
  0x000000001b229800 JavaThread "Asynchronous log dispatcher for DefaultDaemonConnection: socket connection from /127.0.0.1:49771 to /127.0.0.1:49793" [_thread_blocked, id=12488, stack(0x0000000034900000,0x0000000034a00000)]
  0x000000001b22f800 JavaThread "Daemon worker Thread 2" [_thread_blocked, id=12440, stack(0x0000000034800000,0x0000000034900000)]
  0x000000001b22f000 JavaThread "Cancel handler" [_thread_blocked, id=4396, stack(0x0000000034700000,0x0000000034800000)]
  0x000000001b230800 JavaThread "Handler for socket connection from /127.0.0.1:49771 to /127.0.0.1:49793" [_thread_in_native, id=11380, stack(0x0000000034600000,0x0000000034700000)]
  0x000000001b22a000 JavaThread "Daemon Thread 2" [_thread_blocked, id=1860, stack(0x0000000034500000,0x0000000034600000)]
  0x00000000191b6000 JavaThread "Memory manager" [_thread_blocked, id=3176, stack(0x0000000020bb0000,0x0000000020cb0000)]
  0x00000000191b4800 JavaThread "pool-1-thread-1" [_thread_blocked, id=11892, stack(0x00000000208b0000,0x00000000209b0000)]
  0x00000000195d4000 JavaThread "File lock request listener" [_thread_in_native, id=12936, stack(0x000000001af00000,0x000000001b000000)]
  0x00000000196ac800 JavaThread "Cache worker for file hash cache (C:\Users\RAHUL TIWARI\.gradle\caches\4.4\fileHashes)" [_thread_blocked, id=5524, stack(0x000000001ae00000,0x000000001af00000)]
  0x0000000019025000 JavaThread "Daemon periodic checks" [_thread_blocked, id=11128, stack(0x000000001a300000,0x000000001a400000)]
  0x000000001901b000 JavaThread "Incoming local TCP Connector on port 49771" [_thread_in_native, id=13136, stack(0x000000001a0c0000,0x000000001a1c0000)]
  0x00000000164ae800 JavaThread "Service Thread" daemon [_thread_blocked, id=8200, stack(0x00000000181b0000,0x00000000182b0000)]
  0x0000000016455000 JavaThread "C1 CompilerThread2" daemon [_thread_blocked, id=5200, stack(0x0000000017cb0000,0x0000000017db0000)]
  0x0000000016451000 JavaThread "C2 CompilerThread1" daemon [_thread_in_native, id=8880, stack(0x0000000017bb0000,0x0000000017cb0000)]
=>0x000000001644d000 JavaThread "C2 CompilerThread0" daemon [_thread_in_native, id=9360, stack(0x0000000017ab0000,0x0000000017bb0000)]
  0x000000001644c000 JavaThread "Attach Listener" daemon [_thread_blocked, id=8344, stack(0x00000000179b0000,0x0000000017ab0000)]
  0x000000001644a800 JavaThread "Signal Dispatcher" daemon [_thread_blocked, id=6824, stack(0x00000000178b0000,0x00000000179b0000)]
  0x0000000016438800 JavaThread "Finalizer" daemon [_thread_blocked, id=10808, stack(0x00000000176b0000,0x00000000177b0000)]
  0x0000000002ad3800 JavaThread "Reference Handler" daemon [_thread_blocked, id=8416, stack(0x00000000175b0000,0x00000000176b0000)]
  0x00000000029e2800 JavaThread "main" [_thread_blocked, id=4548, stack(0x0000000002850000,0x0000000002950000)]

Other Threads:
  0x0000000016415000 VMThread [stack: 0x00000000174b0000,0x00000000175b0000] [id=12764]
  0x0000000017dea800 WatcherThread [stack: 0x00000000182b0000,0x00000000183b0000] [id=6796]

VM state:not at safepoint (normal execution)

VM Mutex/Monitor currently owned by a thread: None

Heap:
 PSYoungGen      total 477696K, used 123110K [0x00000000e0000000, 0x00000000ff300000, 0x0000000100000000)
  eden space 452608K, 22% used [0x00000000e0000000,0x00000000e6385610,0x00000000fba00000)
  from space 25088K, 84% used [0x00000000fda80000,0x00000000fef34230,0x00000000ff300000)
  to   space 29184K, 0% used [0x00000000fba00000,0x00000000fba00000,0x00000000fd680000)
 ParOldGen       total 137728K, used 65320K [0x00000000a0000000, 0x00000000a8680000, 0x00000000e0000000)
  object space 137728K, 47% used [0x00000000a0000000,0x00000000a3fca278,0x00000000a8680000)
 Metaspace       used 75707K, capacity 79088K, committed 79192K, reserved 1118208K
  class space    used 9895K, capacity 10529K, committed 10624K, reserved 1048576K

Card table byte_map: [0x0000000011ea0000,0x00000000121b0000] byte_map_base: 0x00000000119a0000

Marking Bits: (ParMarkBitMap*) 0x0000000070174970
 Begin Bits: [0x00000000127b0000, 0x0000000013fb0000)
 End Bits:   [0x0000000013fb0000, 0x00000000157b0000)

Polling page: 0x0000000002950000

CodeCache: size=245760Kb used=39893Kb max_used=39893Kb free=205866Kb
 bounds [0x0000000002ae0000, 0x0000000005210000, 0x0000000011ae0000]
 total_blobs=13617 nmethods=12805 adapters=723
 compilation: enabled

Compilation events (10 events):
Event: 136.907 Thread 0x0000000016455000 15602       3       com.google.common.collect.ImmutableSortedMap::entrySet (5 bytes)
Event: 136.907 Thread 0x0000000016455000 nmethod 15602 0x0000000005206ed0 code [0x0000000005207040, 0x0000000005207328]
Event: 136.907 Thread 0x0000000016455000 15603       3       com.google.common.collect.RegularImmutableSortedMap$EntrySet::iterator (5 bytes)
Event: 136.907 Thread 0x0000000016455000 nmethod 15603 0x0000000005207410 code [0x00000000052075a0, 0x0000000005207a78]
Event: 136.908 Thread 0x0000000016455000 15604       3       org.gradle.api.internal.tasks.TaskStateInternal::getSkipMessage (19 bytes)
Event: 136.909 Thread 0x0000000016455000 nmethod 15604 0x0000000005207c90 code [0x0000000005207e00, 0x0000000005208050]
Event: 136.919 Thread 0x0000000016455000 15605  s    3       com.android.builder.profile.ProcessProfileWriterFactory::get (59 bytes)
Event: 136.920 Thread 0x0000000016455000 nmethod 15605 0x0000000005208110 code [0x0000000005208300, 0x0000000005208cd8]
Event: 136.920 Thread 0x0000000016455000 15606       3       com.google.common.collect.Iterables$3::transform (9 bytes)
Event: 136.921 Thread 0x0000000016455000 nmethod 15606 0x00000000052090d0 code [0x0000000005209240, 0x0000000005209648]

GC Heap History (10 events):
Event: 25.948 GC heap before
{Heap before GC invocations=27 (full 3):
 PSYoungGen      total 354304K, used 343307K [0x00000000e0000000, 0x00000000fa700000, 0x0000000100000000)
  eden space 333312K, 100% used [0x00000000e0000000,0x00000000f4580000,0x00000000f4580000)
  from space 20992K, 47% used [0x00000000f4580000,0x00000000f4f42f30,0x00000000f5a00000)
  to   space 19968K, 0% used [0x00000000f9380000,0x00000000f9380000,0x00000000fa700000)
 ParOldGen       total 137728K, used 59141K [0x00000000a0000000, 0x00000000a8680000, 0x00000000e0000000)
  object space 137728K, 42% used [0x00000000a0000000,0x00000000a39c1658,0x00000000a8680000)
 Metaspace       used 68860K, capacity 71460K, committed 71640K, reserved 1112064K
  class space    used 9189K, capacity 9697K, committed 9728K, reserved 1048576K
Event: 25.952 GC heap after
Heap after GC invocations=27 (full 3):
 PSYoungGen      total 397824K, used 672K [0x00000000e0000000, 0x00000000fa000000, 0x0000000100000000)
  eden space 385024K, 0% used [0x00000000e0000000,0x00000000e0000000,0x00000000f7800000)
  from space 12800K, 5% used [0x00000000f9380000,0x00000000f9428010,0x00000000fa000000)
  to   space 20480K, 0% used [0x00000000f7800000,0x00000000f7800000,0x00000000f8c00000)
 ParOldGen       total 137728K, used 59141K [0x00000000a0000000, 0x00000000a8680000, 0x00000000e0000000)
  object space 137728K, 42% used [0x00000000a0000000,0x00000000a39c1658,0x00000000a8680000)
 Metaspace       used 68860K, capacity 71460K, committed 71640K, reserved 1112064K
  class space    used 9189K, capacity 9697K, committed 9728K, reserved 1048576K
}
Event: 30.508 GC heap before
{Heap before GC invocations=28 (full 3):
 PSYoungGen      total 397824K, used 385696K [0x00000000e0000000, 0x00000000fa000000, 0x0000000100000000)
  eden space 385024K, 100% used [0x00000000e0000000,0x00000000f7800000,0x00000000f7800000)
  from space 12800K, 5% used [0x00000000f9380000,0x00000000f9428010,0x00000000fa000000)
  to   space 20480K, 0% used [0x00000000f7800000,0x00000000f7800000,0x00000000f8c00000)
 ParOldGen       total 137728K, used 59141K [0x00000000a0000000, 0x00000000a8680000, 0x00000000e0000000)
  object space 137728K, 42% used [0x00000000a0000000,0x00000000a39c1658,0x00000000a8680000)
 Metaspace       used 69731K, capacity 72362K, committed 72536K, reserved 1112064K
  class space    used 9267K, capacity 9800K, committed 9856K, reserved 1048576K
Event: 30.562 GC heap after
Heap after GC invocations=28 (full 3):
 PSYoungGen      total 405504K, used 20449K [0x00000000e0000000, 0x00000000fd400000, 0x0000000100000000)
  eden space 385024K, 0% used [0x00000000e0000000,0x00000000e0000000,0x00000000f7800000)
  from space 20480K, 99% used [0x00000000f7800000,0x00000000f8bf85b8,0x00000000f8c00000)
  to   space 25600K, 0% used [0x00000000fbb00000,0x00000000fbb00000,0x00000000fd400000)
 ParOldGen       total 137728K, used 65056K [0x00000000a0000000, 0x00000000a8680000, 0x00000000e0000000)
  object space 137728K, 47% used [0x00000000a0000000,0x00000000a3f88238,0x00000000a8680000)
 Metaspace       used 69731K, capacity 72362K, committed 72536K, reserved 1112064K
  class space    used 9267K, capacity 9800K, committed 9856K, reserved 1048576K
}
Event: 37.331 GC heap before
{Heap before GC invocations=29 (full 3):
 PSYoungGen      total 405504K, used 404978K [0x00000000e0000000, 0x00000000fd400000, 0x0000000100000000)
  eden space 385024K, 99% used [0x00000000e0000000,0x00000000f7784390,0x00000000f7800000)
  from space 20480K, 99% used [0x00000000f7800000,0x00000000f8bf85b8,0x00000000f8c00000)
  to   space 25600K, 0% used [0x00000000fbb00000,0x00000000fbb00000,0x00000000fd400000)
 ParOldGen       total 137728K, used 65056K [0x00000000a0000000, 0x00000000a8680000, 0x00000000e0000000)
  object space 137728K, 47% used [0x00000000a0000000,0x00000000a3f88238,0x00000000a8680000)
 Metaspace       used 70615K, capacity 73426K, committed 73688K, reserved 1114112K
  class space    used 9388K, capacity 9942K, committed 9984K, reserved 1048576K
Event: 37.350 GC heap after
Heap after GC invocations=29 (full 3):
 PSYoungGen      total 441344K, used 13744K [0x00000000e0000000, 0x00000000fce00000, 0x0000000100000000)
  eden space 421888K, 0% used [0x00000000e0000000,0x00000000e0000000,0x00000000f9c00000)
  from space 19456K, 70% used [0x00000000fbb00000,0x00000000fc86c350,0x00000000fce00000)
  to   space 25600K, 0% used [0x00000000f9c00000,0x00000000f9c00000,0x00000000fb500000)
 ParOldGen       total 137728K, used 65304K [0x00000000a0000000, 0x00000000a8680000, 0x00000000e0000000)
  object space 137728K, 47% used [0x00000000a0000000,0x00000000a3fc6278,0x00000000a8680000)
 Metaspace       used 70615K, capacity 73426K, committed 73688K, reserved 1114112K
  class space    used 9388K, capacity 9942K, committed 9984K, reserved 1048576K
}
Event: 41.280 GC heap before
{Heap before GC invocations=30 (full 3):
 PSYoungGen      total 441344K, used 434681K [0x00000000e0000000, 0x00000000fce00000, 0x0000000100000000)
  eden space 421888K, 99% used [0x00000000e0000000,0x00000000f9b121e0,0x00000000f9c00000)
  from space 19456K, 70% used [0x00000000fbb00000,0x00000000fc86c350,0x00000000fce00000)
  to   space 25600K, 0% used [0x00000000f9c00000,0x00000000f9c00000,0x00000000fb500000)
 ParOldGen       total 137728K, used 65304K [0x00000000a0000000, 0x00000000a8680000, 0x00000000e0000000)
  object space 137728K, 47% used [0x00000000a0000000,0x00000000a3fc6278,0x00000000a8680000)
 Metaspace       used 71513K, capacity 74498K, committed 74584K, reserved 1114112K
  class space    used 9519K, capacity 10100K, committed 10112K, reserved 1048576K
Event: 41.304 GC heap after
Heap after GC invocations=30 (full 3):
 PSYoungGen      total 447488K, used 17962K [0x00000000e0000000, 0x00000000ff500000, 0x0000000100000000)
  eden space 421888K, 0% used [0x00000000e0000000,0x00000000e0000000,0x00000000f9c00000)
  from space 25600K, 70% used [0x00000000f9c00000,0x00000000fad8a928,0x00000000fb500000)
  to   space 27136K, 0% used [0x00000000fda80000,0x00000000fda80000,0x00000000ff500000)
 ParOldGen       total 137728K, used 65312K [0x00000000a0000000, 0x00000000a8680000, 0x00000000e0000000)
  object space 137728K, 47% used [0x00000000a0000000,0x00000000a3fc8278,0x00000000a8680000)
 Metaspace       used 71513K, capacity 74498K, committed 74584K, reserved 1114112K
  class space    used 9519K, capacity 10100K, committed 10112K, reserved 1048576K
}
Event: 65.355 GC heap before
{Heap before GC invocations=31 (full 3):
 PSYoungGen      total 447488K, used 439850K [0x00000000e0000000, 0x00000000ff500000, 0x0000000100000000)
  eden space 421888K, 100% used [0x00000000e0000000,0x00000000f9c00000,0x00000000f9c00000)
  from space 25600K, 70% used [0x00000000f9c00000,0x00000000fad8a928,0x00000000fb500000)
  to   space 27136K, 0% used [0x00000000fda80000,0x00000000fda80000,0x00000000ff500000)
 ParOldGen       total 137728K, used 65312K [0x00000000a0000000, 0x00000000a8680000, 0x00000000e0000000)
  object space 137728K, 47% used [0x00000000a0000000,0x00000000a3fc8278,0x00000000a8680000)
 Metaspace       used 75268K, capacity 78556K, committed 78808K, reserved 1118208K
  class space    used 9869K, capacity 10483K, committed 10496K, reserved 1048576K
Event: 65.382 GC heap after
Heap after GC invocations=31 (full 3):
 PSYoungGen      total 477696K, used 21200K [0x00000000e0000000, 0x00000000ff300000, 0x0000000100000000)
  eden space 452608K, 0% used [0x00000000e0000000,0x00000000e0000000,0x00000000fba00000)
  from space 25088K, 84% used [0x00000000fda80000,0x00000000fef34230,0x00000000ff300000)
  to   space 29184K, 0% used [0x00000000fba00000,0x00000000fba00000,0x00000000fd680000)
 ParOldGen       total 137728K, used 65320K [0x00000000a0000000, 0x00000000a8680000, 0x00000000e0000000)
  object space 137728K, 47% used [0x00000000a0000000,0x00000000a3fca278,0x00000000a8680000)
 Metaspace       used 75268K, capacity 78556K, committed 78808K, reserved 1118208K
  class space    used 9869K, capacity 10483K, committed 10496K, reserved 1048576K
}

Deoptimization events (10 events):
Event: 102.225 Thread 0x0000000019025000 Uncommon trap: reason=bimorphic action=maybe_recompile pc=0x0000000002eb3c90 method=java.util.HashMap.removeNode(ILjava/lang/Object;Ljava/lang/Object;ZZ)Ljava/util/HashMap$Node; @ 283
Event: 102.231 Thread 0x0000000019025000 Uncommon trap: reason=bimorphic action=maybe_recompile pc=0x0000000002eb3c90 method=java.util.HashMap.removeNode(ILjava/lang/Object;Ljava/lang/Object;ZZ)Ljava/util/HashMap$Node; @ 283
Event: 125.422 Thread 0x00000000196bb800 Uncommon trap: reason=class_check action=maybe_recompile pc=0x00000000050299e0 method=java.util.concurrent.ThreadPoolExecutor.getTask()Ljava/lang/Runnable; @ 100
Event: 125.467 Thread 0x000000001926e800 Uncommon trap: reason=class_check action=maybe_recompile pc=0x00000000050299e0 method=java.util.concurrent.ThreadPoolExecutor.getTask()Ljava/lang/Runnable; @ 100
Event: 132.226 Thread 0x0000000019025000 Uncommon trap: reason=bimorphic action=maybe_recompile pc=0x0000000003a99068 method=java.util.HashMap.removeNode(ILjava/lang/Object;Ljava/lang/Object;ZZ)Ljava/util/HashMap$Node; @ 283
Event: 135.694 Thread 0x000000001b22f800 Uncommon trap: reason=class_check action=maybe_recompile pc=0x0000000002c1c84c method=com.google.common.collect.ImmutableList$1.get(I)Ljava/lang/Object; @ 5
Event: 135.694 Thread 0x000000001b22f800 Uncommon trap: reason=class_check action=maybe_recompile pc=0x0000000002c1c84c method=com.google.common.collect.ImmutableList$1.get(I)Ljava/lang/Object; @ 5
Event: 135.905 Thread 0x000000001b22f800 Uncommon trap: reason=bimorphic action=maybe_recompile pc=0x0000000002bf7d4c method=java.util.stream.StreamOpFlag.fromCharacteristics(Ljava/util/Spliterator;)I @ 14
Event: 135.913 Thread 0x000000001b22f800 Uncommon trap: reason=bimorphic action=maybe_recompile pc=0x0000000004b078ec method=java.util.HashMap.computeIfAbsent(Ljava/lang/Object;Ljava/util/function/Function;)Ljava/lang/Object; @ 142
Event: 135.916 Thread 0x000000001b22f800 Uncommon trap: reason=bimorphic action=maybe_recompile pc=0x0000000004b078ec method=java.util.HashMap.computeIfAbsent(Ljava/lang/Object;Ljava/util/function/Function;)Ljava/lang/Object; @ 142

Classes redefined (0 events):
No events

Internal exceptions (10 events):
Event: 135.770 Thread 0x000000001b22f800 Exception <a 'sun/nio/fs/WindowsException'> (0x00000000e20f3778) thrown at [D:\src\AOSP-openjdk-cygwin\jdk8u\hotspot\src\share\vm\prims\jni.cpp, line 709]
Event: 135.770 Thread 0x000000001b22f800 Exception <a 'sun/nio/fs/WindowsException'> (0x00000000e20f4450) thrown at [D:\src\AOSP-openjdk-cygwin\jdk8u\hotspot\src\share\vm\prims\jni.cpp, line 709]
Event: 135.770 Thread 0x000000001b22f800 Exception <a 'sun/nio/fs/WindowsException'> (0x00000000e20f7208) thrown at [D:\src\AOSP-openjdk-cygwin\jdk8u\hotspot\src\share\vm\prims\jni.cpp, line 709]
Event: 135.770 Thread 0x000000001b22f800 Exception <a 'sun/nio/fs/WindowsException'> (0x00000000e20f7ed0) thrown at [D:\src\AOSP-openjdk-cygwin\jdk8u\hotspot\src\share\vm\prims\jni.cpp, line 709]
Event: 135.770 Thread 0x000000001b22f800 Exception <a 'sun/nio/fs/WindowsException'> (0x00000000e20f9bd8) thrown at [D:\src\AOSP-openjdk-cygwin\jdk8u\hotspot\src\share\vm\prims\jni.cpp, line 709]
Event: 135.770 Thread 0x000000001b22f800 Exception <a 'sun/nio/fs/WindowsException'> (0x00000000e20fa8d8) thrown at [D:\src\AOSP-openjdk-cygwin\jdk8u\hotspot\src\share\vm\prims\jni.cpp, line 709]
Event: 135.771 Thread 0x000000001b22f800 Exception <a 'sun/nio/fs/WindowsException'> (0x00000000e20fd560) thrown at [D:\src\AOSP-openjdk-cygwin\jdk8u\hotspot\src\share\vm\prims\jni.cpp, line 709]
Event: 135.771 Thread 0x000000001b22f800 Exception <a 'sun/nio/fs/WindowsException'> (0x00000000e20fe260) thrown at [D:\src\AOSP-openjdk-cygwin\jdk8u\hotspot\src\share\vm\prims\jni.cpp, line 709]
Event: 135.771 Thread 0x000000001b22f800 Exception <a 'sun/nio/fs/WindowsException'> (0x00000000e20fff90) thrown at [D:\src\AOSP-openjdk-cygwin\jdk8u\hotspot\src\share\vm\prims\jni.cpp, line 709]
Event: 135.771 Thread 0x000000001b22f800 Exception <a 'sun/nio/fs/WindowsException'> (0x00000000e2100cd0) thrown at [D:\src\AOSP-openjdk-cygwin\jdk8u\hotspot\src\share\vm\prims\jni.cpp, line 709]

Events (10 events):
Event: 136.104 Thread 0x0000000021a29800 Thread added: 0x0000000021a29800
Event: 136.113 Thread 0x0000000021a28000 Thread added: 0x0000000021a28000
Event: 136.114 Thread 0x0000000021a22800 Thread added: 0x0000000021a22800
Event: 136.114 Thread 0x0000000021a2a000 Thread added: 0x0000000021a2a000
Event: 136.436 Executing VM operation: RevokeBias
Event: 136.436 Executing VM operation: RevokeBias done
Event: 136.438 Executing VM operation: RevokeBias
Event: 136.438 Executing VM operation: RevokeBias done
Event: 136.438 Executing VM operation: RevokeBias
Event: 136.438 Executing VM operation: RevokeBias done


Dynamic libraries:
0x00007ff77ecf0000 - 0x00007ff77ed21000 	C:\Program Files\Android\Android Studio\jre\bin\java.exe
0x00007ffc36000000 - 0x00007ffc361ed000 	C:\WINDOWS\SYSTEM32\ntdll.dll
0x00007ffc35520000 - 0x00007ffc355d3000 	C:\WINDOWS\System32\KERNEL32.DLL
0x00007ffc32930000 - 0x00007ffc32bc3000 	C:\WINDOWS\System32\KERNELBASE.dll
0x00007ffc352c0000 - 0x00007ffc35363000 	C:\WINDOWS\System32\ADVAPI32.dll
0x00007ffc35a20000 - 0x00007ffc35abe000 	C:\WINDOWS\System32\msvcrt.dll
0x00007ffc34eb0000 - 0x00007ffc34f4e000 	C:\WINDOWS\System32\sechost.dll
0x00007ffc33440000 - 0x00007ffc33563000 	C:\WINDOWS\System32\RPCRT4.dll
0x00007ffc35880000 - 0x00007ffc35a17000 	C:\WINDOWS\System32\USER32.dll
0x00007ffc33210000 - 0x00007ffc33230000 	C:\WINDOWS\System32\win32u.dll
0x00007ffc34e20000 - 0x00007ffc34e49000 	C:\WINDOWS\System32\GDI32.dll
0x00007ffc32fa0000 - 0x00007ffc3313a000 	C:\WINDOWS\System32\gdi32full.dll
0x00007ffc32eb0000 - 0x00007ffc32f50000 	C:\WINDOWS\System32\msvcp_win.dll
0x00007ffc32db0000 - 0x00007ffc32eac000 	C:\WINDOWS\System32\ucrtbase.dll
0x00007ffc1f930000 - 0x00007ffc1fba9000 	C:\WINDOWS\WinSxS\amd64_microsoft.windows.common-controls_6595b64144ccf1df_6.0.17763.107_none_05b63884071e656e\COMCTL32.dll
0x00007ffc34ae0000 - 0x00007ffc34e0e000 	C:\WINDOWS\System32\combase.dll
0x00007ffc32850000 - 0x00007ffc328ce000 	C:\WINDOWS\System32\bcryptPrimitives.dll
0x00007ffc332e0000 - 0x00007ffc3330e000 	C:\WINDOWS\System32\IMM32.DLL
0x000000006bb00000 - 0x000000006bbd2000 	C:\Program Files\Android\Android Studio\jre\jre\bin\msvcr100.dll
0x000000006f9b0000 - 0x00000000701ef000 	C:\Program Files\Android\Android Studio\jre\jre\bin\server\jvm.dll
0x00007ffc350b0000 - 0x00007ffc350b8000 	C:\WINDOWS\System32\PSAPI.DLL
0x00007ffc27250000 - 0x00007ffc27274000 	C:\WINDOWS\SYSTEM32\WINMM.dll
0x00007ffc2ea50000 - 0x00007ffc2ea59000 	C:\WINDOWS\SYSTEM32\WSOCK32.dll
0x00007ffc26a40000 - 0x00007ffc26a4a000 	C:\WINDOWS\SYSTEM32\VERSION.dll
0x00007ffc355e0000 - 0x00007ffc3564d000 	C:\WINDOWS\System32\WS2_32.dll
0x00007ffc27220000 - 0x00007ffc2724d000 	C:\WINDOWS\SYSTEM32\WINMMBASE.dll
0x00007ffc32f50000 - 0x00007ffc32f9a000 	C:\WINDOWS\System32\cfgmgr32.dll
0x00007ffc2bf40000 - 0x00007ffc2bf4f000 	C:\Program Files\Android\Android Studio\jre\jre\bin\verify.dll
0x00007ffc1dde0000 - 0x00007ffc1de09000 	C:\Program Files\Android\Android Studio\jre\jre\bin\java.dll
0x00007ffc255c0000 - 0x00007ffc255d6000 	C:\Program Files\Android\Android Studio\jre\jre\bin\zip.dll
0x00007ffc335f0000 - 0x00007ffc34adf000 	C:\WINDOWS\System32\SHELL32.dll
0x00007ffc350e0000 - 0x00007ffc35188000 	C:\WINDOWS\System32\shcore.dll
0x00007ffc32100000 - 0x00007ffc32848000 	C:\WINDOWS\System32\windows.storage.dll
0x00007ffc32060000 - 0x00007ffc32084000 	C:\WINDOWS\System32\profapi.dll
0x00007ffc32000000 - 0x00007ffc3205d000 	C:\WINDOWS\System32\powrprof.dll
0x00007ffc35650000 - 0x00007ffc356a2000 	C:\WINDOWS\System32\shlwapi.dll
0x00007ffc32090000 - 0x00007ffc320a1000 	C:\WINDOWS\System32\kernel.appcore.dll
0x00007ffc331f0000 - 0x00007ffc33207000 	C:\WINDOWS\System32\cryptsp.dll
0x00007ffc1ddc0000 - 0x00007ffc1ddda000 	C:\Program Files\Android\Android Studio\jre\jre\bin\net.dll
0x00007ffc31890000 - 0x00007ffc318f7000 	C:\WINDOWS\system32\mswsock.dll
0x00007ffc18580000 - 0x00007ffc18591000 	C:\Program Files\Android\Android Studio\jre\jre\bin\nio.dll
0x00007ffc16360000 - 0x00007ffc1637e000 	C:\Users\RAHUL TIWARI\.gradle\native\25\windows-amd64\native-platform.dll
0x00007ffc2e0f0000 - 0x00007ffc2e0fd000 	C:\Program Files\Android\Android Studio\jre\jre\bin\management.dll
0x00007ffc31450000 - 0x00007ffc31483000 	C:\WINDOWS\system32\rsaenh.dll
0x00007ffc320d0000 - 0x00007ffc320f6000 	C:\WINDOWS\System32\bcrypt.dll
0x00007ffc31f30000 - 0x00007ffc31f58000 	C:\WINDOWS\SYSTEM32\USERENV.dll
0x00007ffc31a60000 - 0x00007ffc31a6c000 	C:\WINDOWS\SYSTEM32\CRYPTBASE.dll
0x00007ffc315f0000 - 0x00007ffc3162d000 	C:\WINDOWS\SYSTEM32\IPHLPAPI.DLL
0x00007ffc35fc0000 - 0x00007ffc35fc8000 	C:\WINDOWS\System32\NSI.dll
0x00007ffc2a810000 - 0x00007ffc2a826000 	C:\WINDOWS\SYSTEM32\dhcpcsvc6.DLL
0x00007ffc2a4f0000 - 0x00007ffc2a50c000 	C:\WINDOWS\SYSTEM32\dhcpcsvc.DLL
0x00007ffc31640000 - 0x00007ffc31706000 	C:\WINDOWS\SYSTEM32\DNSAPI.dll

VM Arguments:
jvm_args: -Xmx1536m -Dfile.encoding=windows-1252 -Duser.country=IN -Duser.language=en -Duser.variant 
java_command: org.gradle.launcher.daemon.bootstrap.GradleDaemon 4.4
java_class_path (initial): C:\Users\RAHUL TIWARI\.gradle\wrapper\dists\gradle-4.4-all\9br9xq1tocpiv8o6njlyu5op1\gradle-4.4\lib\gradle-launcher-4.4.jar
Launcher Type: SUN_STANDARD

Environment Variables:
PATH=C:\Program Files\Python37\Scripts\;C:\Program Files\Python37\;C:\Python37\Scripts\;C:\Python37\;C:\oraclexe\app\oracle\product\10.2.0\server\bin;C:\ProgramData\Oracle\Java\javapath;C:\Windows\system32;C:\Windows;C:\Windows\System32\Wbem;C:\Windows\System32\WindowsPowerShell\v1.0\;C:\Program Files (x86)\NVIDIA Corporation\PhysX\Common;C:\WINDOWS\system32;C:\WINDOWS;C:\WINDOWS\System32\Wbem;C:\WINDOWS\System32\WindowsPowerShell\v1.0\;C:\Program Files\Java\jdk1.8.0_101\bin;C:\Program Files\Git\cmd;C:\oraclexe\app\oracle\product\10.2.0\server\jdbc\lib\ojdbc14.jar;.;C:\WINDOWS\System32\OpenSSH\;C:\Python37\Scripts\;C:\Users\RAHUL TIWARI\Anaconda3;C:\Users\RAHUL TIWARI\Anaconda3\Library\mingw-w64\bin;C:\Users\RAHUL TIWARI\Anaconda3\Library\usr\bin;C:\Users\RAHUL TIWARI\Anaconda3\Library\bin;C:\Users\RAHUL TIWARI\Anaconda3\Scripts;C:\oraclexe\app\oracle\product\10.2.0\server\bin;C:\ProgramData\Oracle\Java\javapath;C:\Windows\system32;C:\Windows;C:\Windows\System32\Wbem;C:\Windows\System32\WindowsPowerShell\v1.0\;C:\Program Files (x86)\NVIDIA Corporation\PhysX\Common;C:\WINDOWS\system32;C:\WINDOWS;C:\WINDOWS\System32\Wbem;C:\WINDOWS\System32\WindowsPowerShell\v1.0\;C:\Program Files\Java\jdk1.8.0_101\bin;C:\Program Files\Git\cmd;C:\oraclexe\app\oracle\product\10.2.0\server\jdbc\lib\ojdbc14.jar;.;C:\WINDOWS\System32\OpenSSH\;C:\Users\RAHUL TIWARI\AppData\Local\Microsoft\WindowsApps;C:\Users\RAHUL TIWARI\AppData\Local\GitHubDesktop\bin;C:\Program Files\Microsoft VS Code\bin;C:\Python37\;%USERPROFILE%\AppData\Local\Microsoft\WindowsApps;
USERNAME=RAHUL   TIWARI
OS=Windows_NT
PROCESSOR_IDENTIFIER=Intel64 Family 6 Model 142 Stepping 9, GenuineIntel



---------------  S Y S T E M  ---------------

OS: Windows 10.0 , 64 bit Build 17763 (10.0.17763.1)

CPU:total 4 (initial active 4) (2 cores per cpu, 2 threads per core) family 6 model 142 stepping 9, cmov, cx8, fxsr, mmx, sse, sse2, sse3, ssse3, sse4.1, sse4.2, popcnt, avx, avx2, aes, clmul, erms, 3dnowpref, lzcnt, ht, tsc, tscinvbit, bmi1, bmi2, adx

Memory: 4k page, physical 8286436k(1295416k free), swap 8286436k(5372k free)

vm_info: OpenJDK 64-Bit Server VM (25.152-b02) for windows-amd64 JRE (1.8.0_152-release-1024-b02), built by "builder" with MS VC++ 10.0 (VS2010)

time: Tue Mar 05 16:30:15 2019
elapsed time: 136 seconds (0d 0h 2m 16s)

